[ 2015-11-16T19:20:43+08:00 ] 192.168.1.4 /index.php/Admin/GoodsList/goods
INFO: [ app_init ] --START--
INFO: Run Behavior\BuildLiteBehavior [ RunTime:0.000197s ]
INFO: [ app_init ] --END-- [ RunTime:0.000539s ]
INFO: [ app_begin ] --START--
INFO: Run Behavior\ReadHtmlCacheBehavior [ RunTime:0.001195s ]
INFO: [ app_begin ] --END-- [ RunTime:0.001357s ]
NOTIC: [2048] Declaration of Admin\Controller\GoodsListController::view_before() should be compatible with Admin\Controller\BaseController::view_before($id = '') /root/www/admin.think.com/Application/Admin/Controller/GoodsListController.class.php 第 7 行.
INFO: [ action_begin ] --START--

[ 2015-11-16T19:20:45+08:00 ] 192.168.1.4 /index.php/Admin/Login/checkLogin.html
INFO: [ app_init ] --START--
INFO: Run Behavior\BuildLiteBehavior [ RunTime:0.000020s ]
INFO: [ app_init ] --END-- [ RunTime:0.003243s ]
INFO: [ app_begin ] --START--
INFO: Run Behavior\ReadHtmlCacheBehavior [ RunTime:0.003043s ]
INFO: [ app_begin ] --END-- [ RunTime:0.003243s ]
INFO: [ action_begin ] --START--
INFO: Run \Admin\Behavior\CheckPermissionBehavior [ RunTime:0.000344s ]
INFO: [ view_parse ] --START--
INFO: [ template_filter ] --START--
INFO: Run Behavior\ContentReplaceBehavior [ RunTime:0.001010s ]
INFO: [ template_filter ] --END-- [ RunTime:0.002326s ]
INFO: Run Behavior\ParseTemplateBehavior [ RunTime:0.605543s ]
INFO: [ view_parse ] --END-- [ RunTime:0.605626s ]
INFO: [ view_filter ] --START--
INFO: Run Behavior\WriteHtmlCacheBehavior [ RunTime:0.000136s ]
INFO: [ view_filter ] --END-- [ RunTime:0.000150s ]
INFO: [ app_end ] --START--
INFO: Run Behavior\ShowPageTraceBehavior [ RunTime:0.000329s ]
INFO: [ app_end ] --END-- [ RunTime:0.000344s ]

[ 2015-11-16T19:20:46+08:00 ] 192.168.1.4 /index.php/Admin/Verify/index.html
INFO: [ app_init ] --START--
INFO: Run Behavior\BuildLiteBehavior [ RunTime:0.000115s ]
INFO: [ app_init ] --END-- [ RunTime:0.000240s ]
INFO: [ app_begin ] --START--
INFO: Run Behavior\ReadHtmlCacheBehavior [ RunTime:0.000572s ]
INFO: [ app_begin ] --END-- [ RunTime:0.000654s ]
INFO: [ action_begin ] --START--
INFO: Run \Admin\Behavior\CheckPermissionBehavior [ RunTime:0.000118s ]
NOTIC: [2] imagettftext(): libgd was not built with FreeType font support
 /root/www/ThinkPHP/Library/Think/Verify.class.php 第 174 行.
NOTIC: [2] imagettftext(): libgd was not built with FreeType font support
 /root/www/ThinkPHP/Library/Think/Verify.class.php 第 174 行.
NOTIC: [2] imagettftext(): libgd was not built with FreeType font support
 /root/www/ThinkPHP/Library/Think/Verify.class.php 第 174 行.
NOTIC: [2] imagettftext(): libgd was not built with FreeType font support
 /root/www/ThinkPHP/Library/Think/Verify.class.php 第 174 行.
NOTIC: [2] imagettftext(): libgd was not built with FreeType font support
 /root/www/ThinkPHP/Library/Think/Verify.class.php 第 174 行.
INFO: [ app_end ] --START--
INFO: Run Behavior\ShowPageTraceBehavior [ RunTime:0.002061s ]
INFO: [ app_end ] --END-- [ RunTime:0.002777s ]

[ 2015-11-16T19:20:58+08:00 ] 192.168.1.4 /index.php/Admin/Login/checkLogin.html
INFO: [ app_init ] --START--
INFO: Run Behavior\BuildLiteBehavior [ RunTime:0.000258s ]
INFO: [ app_init ] --END-- [ RunTime:0.000661s ]
INFO: [ app_begin ] --START--
INFO: Run Behavior\ReadHtmlCacheBehavior [ RunTime:0.001063s ]
INFO: [ app_begin ] --END-- [ RunTime:0.001366s ]
INFO: [ action_begin ] --START--
INFO: Run \Admin\Behavior\CheckPermissionBehavior [ RunTime:0.000225s ]
NOTIC: [2048] Declaration of Admin\Model\AdminModel::add() should be compatible with Think\Model::add($data = '', $options = Array, $replace = false) /root/www/admin.think.com/Application/Admin/Model/AdminModel.class.php 第 8 行.
NOTIC: [2048] Declaration of Admin\Model\AdminModel::save() should be compatible with Think\Model::save($data = '', $options = Array) /root/www/admin.think.com/Application/Admin/Model/AdminModel.class.php 第 8 行.
SQL: SHOW COLUMNS FROM `shop_admin` [ RunTime:0.0536s ]
SQL: SELECT * FROM `shop_admin` WHERE `username` = 'root' LIMIT 1   [ RunTime:0.0207s ]
SQL: select  distinct  id,url from shop_permission  where id in
(select  distinct rp.permission_id from  shop_admin_role as ar  join shop_role_permission as rp on ar.role_id = rp.role_id  where ar.admin_id = 11)
or id in(select  ap.permission_id from shop_admin_permission as ap where ap.admin_id = 11) [ RunTime:0.1136s ]
SQL: SHOW COLUMNS FROM `shop_admin` [ RunTime:0.0012s ]
SQL: UPDATE `shop_admin` SET `atuo_key`='wVvriN' WHERE `id` = 11 [ RunTime:0.0004s ]
SQL: SELECT `salt` FROM `shop_admin` WHERE `id` = 11 LIMIT 1   [ RunTime:0.0003s ]
INFO: [ view_parse ] --START--
INFO: [ template_filter ] --START--
INFO: Run Behavior\ContentReplaceBehavior [ RunTime:0.000070s ]
INFO: [ template_filter ] --END-- [ RunTime:0.000131s ]
INFO: Run Behavior\ParseTemplateBehavior [ RunTime:0.019965s ]
INFO: [ view_parse ] --END-- [ RunTime:0.020022s ]
INFO: [ view_filter ] --START--
INFO: Run Behavior\WriteHtmlCacheBehavior [ RunTime:0.000194s ]
INFO: [ view_filter ] --END-- [ RunTime:0.000233s ]
INFO: [ app_end ] --START--
INFO: Run Behavior\ShowPageTraceBehavior [ RunTime:0.000507s ]
INFO: [ app_end ] --END-- [ RunTime:0.000551s ]

[ 2015-11-16T19:20:59+08:00 ] 192.168.1.4 /index.php/Admin/Index/index.html
INFO: [ app_init ] --START--
INFO: Run Behavior\BuildLiteBehavior [ RunTime:0.000110s ]
INFO: [ app_init ] --END-- [ RunTime:0.000481s ]
INFO: [ app_begin ] --START--
INFO: Run Behavior\ReadHtmlCacheBehavior [ RunTime:0.000709s ]
INFO: [ app_begin ] --END-- [ RunTime:0.000878s ]
INFO: [ action_begin ] --START--
INFO: Run \Admin\Behavior\CheckPermissionBehavior [ RunTime:0.000390s ]
INFO: [ view_parse ] --START--
INFO: [ template_filter ] --START--
INFO: Run Behavior\ContentReplaceBehavior [ RunTime:0.000445s ]
INFO: [ template_filter ] --END-- [ RunTime:0.000985s ]
INFO: Run Behavior\ParseTemplateBehavior [ RunTime:0.011064s ]
INFO: [ view_parse ] --END-- [ RunTime:0.011351s ]
INFO: [ view_filter ] --START--
INFO: Run Behavior\WriteHtmlCacheBehavior [ RunTime:0.000396s ]
INFO: [ view_filter ] --END-- [ RunTime:0.000902s ]
INFO: [ app_end ] --START--
INFO: Run Behavior\ShowPageTraceBehavior [ RunTime:0.000841s ]
INFO: [ app_end ] --END-- [ RunTime:0.001457s ]

[ 2015-11-16T19:21:00+08:00 ] 192.168.1.4 /index.php/Admin/Index/top.html
INFO: [ app_init ] --START--
INFO: Run Behavior\BuildLiteBehavior [ RunTime:0.000087s ]
INFO: [ app_init ] --END-- [ RunTime:0.000226s ]
INFO: [ app_begin ] --START--
INFO: Run Behavior\ReadHtmlCacheBehavior [ RunTime:0.001047s ]
INFO: [ app_begin ] --END-- [ RunTime:0.001298s ]
INFO: [ action_begin ] --START--
INFO: Run \Admin\Behavior\CheckPermissionBehavior [ RunTime:0.000485s ]
INFO: [ view_parse ] --START--
INFO: [ template_filter ] --START--
INFO: Run Behavior\ContentReplaceBehavior [ RunTime:0.000453s ]
INFO: [ template_filter ] --END-- [ RunTime:0.001000s ]
INFO: Run Behavior\ParseTemplateBehavior [ RunTime:0.044094s ]
INFO: [ view_parse ] --END-- [ RunTime:0.044581s ]
INFO: [ view_filter ] --START--
INFO: Run Behavior\WriteHtmlCacheBehavior [ RunTime:0.012000s ]
INFO: [ view_filter ] --END-- [ RunTime:0.013177s ]
INFO: [ app_end ] --START--
INFO: Run Behavior\ShowPageTraceBehavior [ RunTime:0.003000s ]
INFO: [ app_end ] --END-- [ RunTime:0.005000s ]

[ 2015-11-16T19:21:00+08:00 ] 192.168.1.4 /index.php/Admin/Index/main.html
INFO: [ app_init ] --START--
INFO: Run Behavior\BuildLiteBehavior [ RunTime:0.000172s ]
INFO: [ app_init ] --END-- [ RunTime:0.000930s ]
INFO: [ app_begin ] --START--
INFO: Run Behavior\ReadHtmlCacheBehavior [ RunTime:0.001522s ]
INFO: [ app_begin ] --END-- [ RunTime:0.002892s ]
INFO: [ action_begin ] --START--
INFO: Run \Admin\Behavior\CheckPermissionBehavior [ RunTime:0.000743s ]
INFO: [ view_parse ] --START--
INFO: [ template_filter ] --START--
INFO: Run Behavior\ContentReplaceBehavior [ RunTime:0.001286s ]
INFO: [ template_filter ] --END-- [ RunTime:0.002000s ]
INFO: Run Behavior\ParseTemplateBehavior [ RunTime:0.039113s ]
INFO: [ view_parse ] --END-- [ RunTime:0.039718s ]
INFO: [ view_filter ] --START--
INFO: Run Behavior\WriteHtmlCacheBehavior [ RunTime:0.000503s ]
INFO: [ view_filter ] --END-- [ RunTime:0.000944s ]
INFO: [ app_end ] --START--
INFO: Run Behavior\ShowPageTraceBehavior [ RunTime:0.000478s ]
INFO: [ app_end ] --END-- [ RunTime:0.000678s ]

[ 2015-11-16T19:21:00+08:00 ] 192.168.1.4 /index.php/Admin/Index/menu.html
INFO: [ app_init ] --START--
INFO: Run Behavior\BuildLiteBehavior [ RunTime:0.000158s ]
INFO: [ app_init ] --END-- [ RunTime:0.000491s ]
INFO: [ app_begin ] --START--
INFO: Run Behavior\ReadHtmlCacheBehavior [ RunTime:0.000590s ]
INFO: [ app_begin ] --END-- [ RunTime:0.000729s ]
INFO: [ action_begin ] --START--
INFO: Run \Admin\Behavior\CheckPermissionBehavior [ RunTime:0.000990s ]
NOTIC: [2048] Declaration of Admin\Model\MenuModel::add() should be compatible with Think\Model::add($data = '', $options = Array, $replace = false) /root/www/admin.think.com/Application/Admin/Model/MenuModel.class.php 第 9 行.
NOTIC: [2048] Declaration of Admin\Model\MenuModel::save() should be compatible with Think\Model::save($data = '', $options = Array) /root/www/admin.think.com/Application/Admin/Model/MenuModel.class.php 第 9 行.
SQL: SHOW COLUMNS FROM `shop_menu` [ RunTime:0.1392s ]
SQL: SELECT `id`,`name`,`url`,`level`,`parent_id` FROM `shop_menu` WHERE ( status>=0 ) ORDER BY lft  [ RunTime:0.0142s ]
INFO: [ view_parse ] --START--
INFO: [ template_filter ] --START--
INFO: Run Behavior\ContentReplaceBehavior [ RunTime:0.000834s ]
INFO: [ template_filter ] --END-- [ RunTime:0.001354s ]
INFO: Run Behavior\ParseTemplateBehavior [ RunTime:0.056405s ]
INFO: [ view_parse ] --END-- [ RunTime:0.056611s ]
INFO: [ view_filter ] --START--
INFO: Run Behavior\WriteHtmlCacheBehavior [ RunTime:0.000369s ]
INFO: [ view_filter ] --END-- [ RunTime:0.000705s ]
INFO: [ app_end ] --START--
INFO: Run Behavior\ShowPageTraceBehavior [ RunTime:0.000831s ]
INFO: [ app_end ] --END-- [ RunTime:0.004000s ]

[ 2015-11-16T19:21:19+08:00 ] 192.168.1.4 /index.php/Admin/GoodsList/goods.html
INFO: [ app_init ] --START--
INFO: Run Behavior\BuildLiteBehavior [ RunTime:0.000128s ]
INFO: [ app_init ] --END-- [ RunTime:0.000502s ]
INFO: [ app_begin ] --START--
INFO: Run Behavior\ReadHtmlCacheBehavior [ RunTime:0.000527s ]
INFO: [ app_begin ] --END-- [ RunTime:0.000819s ]
NOTIC: [2048] Declaration of Admin\Controller\GoodsListController::view_before() should be compatible with Admin\Controller\BaseController::view_before($id = '') /root/www/admin.think.com/Application/Admin/Controller/GoodsListController.class.php 第 7 行.
INFO: [ action_begin ] --START--
INFO: Run \Admin\Behavior\CheckPermissionBehavior [ RunTime:0.000780s ]
NOTIC: [2048] Declaration of Admin\Model\GoodsListModel::add() should be compatible with Think\Model::add($data = '', $options = Array, $replace = false) /root/www/admin.think.com/Application/Admin/Model/GoodsListModel.class.php 第 8 行.
NOTIC: [2048] Declaration of Admin\Model\GoodsListModel::save() should be compatible with Think\Model::save($data = '', $options = Array) /root/www/admin.think.com/Application/Admin/Model/GoodsListModel.class.php 第 8 行.
SQL: SHOW COLUMNS FROM `shop_goods_list` [ RunTime:0.0007s ]
SQL: SELECT COUNT(*) AS tp_count FROM `shop_goods_list` WHERE `status` <> -1 LIMIT 1   [ RunTime:0.0561s ]
SQL: SELECT * FROM `shop_goods_list` WHERE `status` <> -1 LIMIT 0,10   [ RunTime:0.0011s ]
NOTIC: [8] Undefined index: list /root/www/admin.think.com/Application/Admin/Controller/BaseController.class.php 第 45 行.
INFO: [ view_parse ] --START--
INFO: [ template_filter ] --START--
INFO: Run Behavior\ContentReplaceBehavior [ RunTime:0.001000s ]
INFO: [ template_filter ] --END-- [ RunTime:0.002443s ]
NOTIC: [8] Undefined variable: cat_list /root/www/admin.think.com/Application/Runtime/Cache/Admin/7d1d5bace63309a30d7fa816c9ee73e6.php 第 29 行.
NOTIC: [8] Undefined variable: brand_list /root/www/admin.think.com/Application/Runtime/Cache/Admin/7d1d5bace63309a30d7fa816c9ee73e6.php 第 34 行.
NOTIC: [8] Undefined variable: val /root/www/admin.think.com/Application/Runtime/Cache/Admin/7d1d5bace63309a30d7fa816c9ee73e6.php 第 96 行.
NOTIC: [8] Undefined variable: val /root/www/admin.think.com/Application/Runtime/Cache/Admin/7d1d5bace63309a30d7fa816c9ee73e6.php 第 96 行.
NOTIC: [8] Undefined variable: val /root/www/admin.think.com/Application/Runtime/Cache/Admin/7d1d5bace63309a30d7fa816c9ee73e6.php 第 96 行.
NOTIC: [8] Undefined variable: val /root/www/admin.think.com/Application/Runtime/Cache/Admin/7d1d5bace63309a30d7fa816c9ee73e6.php 第 96 行.
INFO: Run Behavior\ParseTemplateBehavior [ RunTime:0.034965s ]
INFO: [ view_parse ] --END-- [ RunTime:0.035508s ]
INFO: [ view_filter ] --START--
INFO: Run Behavior\WriteHtmlCacheBehavior [ RunTime:0.000983s ]
INFO: [ view_filter ] --END-- [ RunTime:0.002000s ]
INFO: [ app_end ] --START--
INFO: Run Behavior\ShowPageTraceBehavior [ RunTime:0.001585s ]
INFO: [ app_end ] --END-- [ RunTime:0.002026s ]

[ 2015-11-16T19:21:24+08:00 ] 192.168.1.4 /index.php/Admin/GoodsList/edit/id/3.html
INFO: [ app_init ] --START--
INFO: Run Behavior\BuildLiteBehavior [ RunTime:0.000344s ]
INFO: [ app_init ] --END-- [ RunTime:0.001000s ]
INFO: [ app_begin ] --START--
INFO: Run Behavior\ReadHtmlCacheBehavior [ RunTime:0.001012s ]
INFO: [ app_begin ] --END-- [ RunTime:0.001562s ]
NOTIC: [2048] Declaration of Admin\Controller\GoodsListController::view_before() should be compatible with Admin\Controller\BaseController::view_before($id = '') /root/www/admin.think.com/Application/Admin/Controller/GoodsListController.class.php 第 7 行.
INFO: [ action_begin ] --START--
INFO: Run \Admin\Behavior\CheckPermissionBehavior [ RunTime:0.001322s ]
NOTIC: [2048] Declaration of Admin\Model\GoodsListModel::add() should be compatible with Think\Model::add($data = '', $options = Array, $replace = false) /root/www/admin.think.com/Application/Admin/Model/GoodsListModel.class.php 第 8 行.
NOTIC: [2048] Declaration of Admin\Model\GoodsListModel::save() should be compatible with Think\Model::save($data = '', $options = Array) /root/www/admin.think.com/Application/Admin/Model/GoodsListModel.class.php 第 8 行.
SQL: SHOW COLUMNS FROM `shop_goods_list` [ RunTime:0.0021s ]
SQL: SELECT * FROM `shop_goods_list` WHERE `id` = 3 LIMIT 1   [ RunTime:0.0061s ]
NOTIC: [2048] Declaration of Admin\Model\GoodsCategoryModel::add() should be compatible with Think\Model::add($data = '', $options = Array, $replace = false) /root/www/admin.think.com/Application/Admin/Model/GoodsCategoryModel.class.php 第 75 行.
NOTIC: [2048] Declaration of Admin\Model\GoodsCategoryModel::save() should be compatible with Think\Model::save($data = '', $options = Array) /root/www/admin.think.com/Application/Admin/Model/GoodsCategoryModel.class.php 第 75 行.
SQL: SHOW COLUMNS FROM `shop_goods_category` [ RunTime:0.0028s ]
SQL: SELECT * FROM `shop_goods_category` WHERE ( status>=0 ) ORDER BY lft  [ RunTime:0.0216s ]
SQL: SHOW COLUMNS FROM `shop_brand` [ RunTime:0.0281s ]
SQL: SELECT * FROM `shop_brand` WHERE `status` >= 0  [ RunTime:0.0032s ]
SQL: SHOW COLUMNS FROM `shop_goods` [ RunTime:0.0027s ]
SQL: SELECT * FROM `shop_goods` WHERE `status` >= 0  [ RunTime:0.0014s ]
SQL: SHOW COLUMNS FROM `shop_member_level` [ RunTime:0.0304s ]
SQL: SELECT `id`,`name` FROM `shop_member_level` WHERE `status` >= 0  [ RunTime:0.0015s ]
SQL: SHOW COLUMNS FROM `shop_goods_intro` [ RunTime:0.0219s ]
SQL: SELECT `intro` FROM `shop_goods_intro` WHERE `goods_id` = 3 LIMIT 1   [ RunTime:0.0249s ]
SQL: SHOW COLUMNS FROM `shop_goods_galler` [ RunTime:0.0680s ]
SQL: SELECT `id`,`path` FROM `shop_goods_galler` WHERE `goods_id` = 3  [ RunTime:0.0034s ]
SQL: SHOW COLUMNS FROM `shop_goods_article` [ RunTime:0.0419s ]
SQL: SELECT  a.id,a.name  FROM shop_goods_article as ga  join shop_article as a on ga.article_id = a.id  where  ga.goods_id = 3; [ RunTime:0.0054s ]
SQL: SHOW COLUMNS FROM `shop_member_price` [ RunTime:0.0369s ]
SQL: SELECT * FROM `shop_member_price` WHERE `goods_id` = 3  [ RunTime:0.0116s ]
INFO: [ view_parse ] --START--
INFO: [ template_filter ] --START--
INFO: Run Behavior\ContentReplaceBehavior [ RunTime:0.002000s ]
INFO: [ template_filter ] --END-- [ RunTime:0.004000s ]
NOTIC: [8] Undefined variable: url /root/www/admin.think.com/Application/Runtime/Cache/Admin/04ae27f9d649d9892f910e7846868cb0.php 第 33 行.
INFO: Run Behavior\ParseTemplateBehavior [ RunTime:0.056689s ]
INFO: [ view_parse ] --END-- [ RunTime:0.057751s ]
INFO: [ view_filter ] --START--
INFO: Run Behavior\WriteHtmlCacheBehavior [ RunTime:0.002999s ]
INFO: [ view_filter ] --END-- [ RunTime:0.004999s ]
INFO: [ app_end ] --START--
INFO: Run Behavior\ShowPageTraceBehavior [ RunTime:0.015000s ]
INFO: [ app_end ] --END-- [ RunTime:0.017000s ]

[ 2015-11-16T19:21:29+08:00 ] 192.168.1.4 /index.php/Admin/GoodsList/edit/id/
INFO: [ app_init ] --START--
INFO: Run Behavior\BuildLiteBehavior [ RunTime:0.000420s ]
INFO: [ app_init ] --END-- [ RunTime:0.000904s ]
INFO: [ app_begin ] --START--
INFO: Run Behavior\ReadHtmlCacheBehavior [ RunTime:0.001014s ]
INFO: [ app_begin ] --END-- [ RunTime:0.001610s ]
NOTIC: [2048] Declaration of Admin\Controller\GoodsListController::view_before() should be compatible with Admin\Controller\BaseController::view_before($id = '') /root/www/admin.think.com/Application/Admin/Controller/GoodsListController.class.php 第 7 行.
INFO: [ action_begin ] --START--
INFO: Run \Admin\Behavior\CheckPermissionBehavior [ RunTime:0.001000s ]
NOTIC: [2048] Declaration of Admin\Model\GoodsListModel::add() should be compatible with Think\Model::add($data = '', $options = Array, $replace = false) /root/www/admin.think.com/Application/Admin/Model/GoodsListModel.class.php 第 8 行.
NOTIC: [2048] Declaration of Admin\Model\GoodsListModel::save() should be compatible with Think\Model::save($data = '', $options = Array) /root/www/admin.think.com/Application/Admin/Model/GoodsListModel.class.php 第 8 行.
SQL: SHOW COLUMNS FROM `shop_goods_list` [ RunTime:0.0969s ]
SQL: SELECT * FROM `shop_goods_list` WHERE `id` = 0 LIMIT 1   [ RunTime:0.0031s ]
NOTIC: [2048] Declaration of Admin\Model\GoodsCategoryModel::add() should be compatible with Think\Model::add($data = '', $options = Array, $replace = false) /root/www/admin.think.com/Application/Admin/Model/GoodsCategoryModel.class.php 第 75 行.
NOTIC: [2048] Declaration of Admin\Model\GoodsCategoryModel::save() should be compatible with Think\Model::save($data = '', $options = Array) /root/www/admin.think.com/Application/Admin/Model/GoodsCategoryModel.class.php 第 75 行.
SQL: SHOW COLUMNS FROM `shop_goods_category` [ RunTime:0.0021s ]
SQL: SELECT * FROM `shop_goods_category` WHERE ( status>=0 ) ORDER BY lft  [ RunTime:0.0011s ]
SQL: SHOW COLUMNS FROM `shop_brand` [ RunTime:0.0033s ]
SQL: SELECT * FROM `shop_brand` WHERE `status` >= 0  [ RunTime:0.0016s ]
SQL: SHOW COLUMNS FROM `shop_goods` [ RunTime:0.0020s ]
SQL: SELECT * FROM `shop_goods` WHERE `status` >= 0  [ RunTime:0.0013s ]
SQL: SHOW COLUMNS FROM `shop_member_level` [ RunTime:0.0044s ]
SQL: SELECT `id`,`name` FROM `shop_member_level` WHERE `status` >= 0  [ RunTime:0.0013s ]
SQL: SHOW COLUMNS FROM `shop_goods_intro` [ RunTime:0.0021s ]
SQL: SELECT `intro` FROM `shop_goods_intro` WHERE `goods_id` = 0 LIMIT 1   [ RunTime:0.0030s ]
SQL: SHOW COLUMNS FROM `shop_goods_galler` [ RunTime:0.0013s ]
SQL: SELECT `id`,`path` FROM `shop_goods_galler` WHERE `goods_id` = 0  [ RunTime:0.0016s ]
SQL: SHOW COLUMNS FROM `shop_goods_article` [ RunTime:0.0032s ]
ERR: 1054:Unknown column 'index.php' in 'where clause'
 [ SQL语句 ] : SELECT  a.id,a.name  FROM shop_goods_article as ga  join shop_article as a on ga.article_id = a.id  where  ga.goods_id = index.php;
ERR: 1054:Unknown column 'index.php' in 'where clause'
 [ SQL语句 ] : SELECT  a.id,a.name  FROM shop_goods_article as ga  join shop_article as a on ga.article_id = a.id  where  ga.goods_id = index.php;

[ 2015-11-16T19:22:31+08:00 ] 192.168.1.4 /index.php/Admin/Upload/index.html
INFO: [ app_init ] --START--
INFO: Run Behavior\BuildLiteBehavior [ RunTime:0.000104s ]
INFO: [ app_init ] --END-- [ RunTime:0.000250s ]
INFO: [ app_begin ] --START--
INFO: Run Behavior\ReadHtmlCacheBehavior [ RunTime:0.000528s ]
INFO: [ app_begin ] --END-- [ RunTime:0.000739s ]
INFO: [ action_begin ] --START--
INFO: Run \Admin\Behavior\CheckPermissionBehavior [ RunTime:0.000220s ]
NOTIC: [2] call_user_func() expects parameter 1 to be a valid callback, no array or string given /root/www/ThinkPHP/Library/Think/Upload.class.php 第 182 行.
INFO: [ app_end ] --START--
INFO: Run Behavior\ShowPageTraceBehavior [ RunTime:0.001051s ]
INFO: [ app_end ] --END-- [ RunTime:0.001182s ]

[ 2015-11-16T19:22:35+08:00 ] 192.168.1.4 /index.php/Admin/GoodsList/edit/id/
INFO: [ app_init ] --START--
INFO: Run Behavior\BuildLiteBehavior [ RunTime:0.000999s ]
INFO: [ app_init ] --END-- [ RunTime:0.002729s ]
INFO: [ app_begin ] --START--
INFO: Run Behavior\ReadHtmlCacheBehavior [ RunTime:0.001891s ]
INFO: [ app_begin ] --END-- [ RunTime:0.002098s ]
NOTIC: [2048] Declaration of Admin\Controller\GoodsListController::view_before() should be compatible with Admin\Controller\BaseController::view_before($id = '') /root/www/admin.think.com/Application/Admin/Controller/GoodsListController.class.php 第 7 行.
INFO: [ action_begin ] --START--
INFO: Run \Admin\Behavior\CheckPermissionBehavior [ RunTime:0.000619s ]
NOTIC: [2048] Declaration of Admin\Model\GoodsListModel::add() should be compatible with Think\Model::add($data = '', $options = Array, $replace = false) /root/www/admin.think.com/Application/Admin/Model/GoodsListModel.class.php 第 8 行.
NOTIC: [2048] Declaration of Admin\Model\GoodsListModel::save() should be compatible with Think\Model::save($data = '', $options = Array) /root/www/admin.think.com/Application/Admin/Model/GoodsListModel.class.php 第 8 行.
SQL: SHOW COLUMNS FROM `shop_goods_list` [ RunTime:0.0015s ]
SQL: SELECT * FROM `shop_goods_list` WHERE `id` = 0 LIMIT 1   [ RunTime:0.0004s ]
NOTIC: [2048] Declaration of Admin\Model\GoodsCategoryModel::add() should be compatible with Think\Model::add($data = '', $options = Array, $replace = false) /root/www/admin.think.com/Application/Admin/Model/GoodsCategoryModel.class.php 第 75 行.
NOTIC: [2048] Declaration of Admin\Model\GoodsCategoryModel::save() should be compatible with Think\Model::save($data = '', $options = Array) /root/www/admin.think.com/Application/Admin/Model/GoodsCategoryModel.class.php 第 75 行.
SQL: SHOW COLUMNS FROM `shop_goods_category` [ RunTime:0.0031s ]
SQL: SELECT * FROM `shop_goods_category` WHERE ( status>=0 ) ORDER BY lft  [ RunTime:0.0010s ]
SQL: SHOW COLUMNS FROM `shop_brand` [ RunTime:0.0025s ]
SQL: SELECT * FROM `shop_brand` WHERE `status` >= 0  [ RunTime:0.0012s ]
SQL: SHOW COLUMNS FROM `shop_goods` [ RunTime:0.0023s ]
SQL: SELECT * FROM `shop_goods` WHERE `status` >= 0  [ RunTime:0.0007s ]
SQL: SHOW COLUMNS FROM `shop_member_level` [ RunTime:0.0024s ]
SQL: SELECT `id`,`name` FROM `shop_member_level` WHERE `status` >= 0  [ RunTime:0.0008s ]
SQL: SHOW COLUMNS FROM `shop_goods_intro` [ RunTime:0.0018s ]
SQL: SELECT `intro` FROM `shop_goods_intro` WHERE `goods_id` = 0 LIMIT 1   [ RunTime:0.0012s ]
SQL: SHOW COLUMNS FROM `shop_goods_galler` [ RunTime:0.0023s ]
SQL: SELECT `id`,`path` FROM `shop_goods_galler` WHERE `goods_id` = 0  [ RunTime:0.0012s ]
SQL: SHOW COLUMNS FROM `shop_goods_article` [ RunTime:0.0023s ]
ERR: 1054:Unknown column 'index.php' in 'where clause'
 [ SQL语句 ] : SELECT  a.id,a.name  FROM shop_goods_article as ga  join shop_article as a on ga.article_id = a.id  where  ga.goods_id = index.php;
ERR: 1054:Unknown column 'index.php' in 'where clause'
 [ SQL语句 ] : SELECT  a.id,a.name  FROM shop_goods_article as ga  join shop_article as a on ga.article_id = a.id  where  ga.goods_id = index.php;

[ 2015-11-16T19:22:53+08:00 ] 192.168.1.4 /index.php/Admin/GoodsList/edit/id/
INFO: [ app_init ] --START--
INFO: Run Behavior\BuildLiteBehavior [ RunTime:0.000342s ]
INFO: [ app_init ] --END-- [ RunTime:0.001000s ]
INFO: [ app_begin ] --START--
INFO: Run Behavior\ReadHtmlCacheBehavior [ RunTime:0.000629s ]
INFO: [ app_begin ] --END-- [ RunTime:0.000783s ]
NOTIC: [2048] Declaration of Admin\Controller\GoodsListController::view_before() should be compatible with Admin\Controller\BaseController::view_before($id = '') /root/www/admin.think.com/Application/Admin/Controller/GoodsListController.class.php 第 7 行.
INFO: [ action_begin ] --START--
INFO: Run \Admin\Behavior\CheckPermissionBehavior [ RunTime:0.000682s ]
NOTIC: [2048] Declaration of Admin\Model\GoodsListModel::add() should be compatible with Think\Model::add($data = '', $options = Array, $replace = false) /root/www/admin.think.com/Application/Admin/Model/GoodsListModel.class.php 第 8 行.
NOTIC: [2048] Declaration of Admin\Model\GoodsListModel::save() should be compatible with Think\Model::save($data = '', $options = Array) /root/www/admin.think.com/Application/Admin/Model/GoodsListModel.class.php 第 8 行.
SQL: SHOW COLUMNS FROM `shop_goods_list` [ RunTime:0.0015s ]
SQL: SELECT * FROM `shop_goods_list` WHERE `id` = 0 LIMIT 1   [ RunTime:0.0015s ]
NOTIC: [2048] Declaration of Admin\Model\GoodsCategoryModel::add() should be compatible with Think\Model::add($data = '', $options = Array, $replace = false) /root/www/admin.think.com/Application/Admin/Model/GoodsCategoryModel.class.php 第 75 行.
NOTIC: [2048] Declaration of Admin\Model\GoodsCategoryModel::save() should be compatible with Think\Model::save($data = '', $options = Array) /root/www/admin.think.com/Application/Admin/Model/GoodsCategoryModel.class.php 第 75 行.
SQL: SHOW COLUMNS FROM `shop_goods_category` [ RunTime:0.0022s ]
SQL: SELECT * FROM `shop_goods_category` WHERE ( status>=0 ) ORDER BY lft  [ RunTime:0.0020s ]
SQL: SHOW COLUMNS FROM `shop_brand` [ RunTime:0.0021s ]
SQL: SELECT * FROM `shop_brand` WHERE `status` >= 0  [ RunTime:0.0017s ]
SQL: SHOW COLUMNS FROM `shop_goods` [ RunTime:0.0013s ]
SQL: SELECT * FROM `shop_goods` WHERE `status` >= 0  [ RunTime:0.0009s ]
SQL: SHOW COLUMNS FROM `shop_member_level` [ RunTime:0.0020s ]
SQL: SELECT `id`,`name` FROM `shop_member_level` WHERE `status` >= 0  [ RunTime:0.0007s ]
SQL: SHOW COLUMNS FROM `shop_goods_intro` [ RunTime:0.0018s ]
SQL: SELECT `intro` FROM `shop_goods_intro` WHERE `goods_id` = 0 LIMIT 1   [ RunTime:0.0010s ]
SQL: SHOW COLUMNS FROM `shop_goods_galler` [ RunTime:0.0024s ]
SQL: SELECT `id`,`path` FROM `shop_goods_galler` WHERE `goods_id` = 0  [ RunTime:0.0046s ]
SQL: SHOW COLUMNS FROM `shop_goods_article` [ RunTime:0.0316s ]
ERR: 1054:Unknown column 'index.php' in 'where clause'
 [ SQL语句 ] : SELECT  a.id,a.name  FROM shop_goods_article as ga  join shop_article as a on ga.article_id = a.id  where  ga.goods_id = index.php;
ERR: 1054:Unknown column 'index.php' in 'where clause'
 [ SQL语句 ] : SELECT  a.id,a.name  FROM shop_goods_article as ga  join shop_article as a on ga.article_id = a.id  where  ga.goods_id = index.php;

[ 2015-11-16T19:23:01+08:00 ] 192.168.1.4 /index.php/Admin/Upload/index.html
INFO: [ app_init ] --START--
INFO: Run Behavior\BuildLiteBehavior [ RunTime:0.000000s ]
INFO: [ app_init ] --END-- [ RunTime:0.000105s ]
INFO: [ app_begin ] --START--
INFO: Run Behavior\ReadHtmlCacheBehavior [ RunTime:0.002289s ]
INFO: [ app_begin ] --END-- [ RunTime:0.002770s ]
INFO: [ action_begin ] --START--
INFO: Run \Admin\Behavior\CheckPermissionBehavior [ RunTime:0.000286s ]
NOTIC: [2] call_user_func() expects parameter 1 to be a valid callback, no array or string given /root/www/ThinkPHP/Library/Think/Upload.class.php 第 182 行.
INFO: [ app_end ] --START--
INFO: Run Behavior\ShowPageTraceBehavior [ RunTime:0.001268s ]
INFO: [ app_end ] --END-- [ RunTime:0.002000s ]

[ 2015-11-16T19:23:04+08:00 ] 192.168.1.4 /index.php/Admin/GoodsList/edit/id/
INFO: [ app_init ] --START--
INFO: Run Behavior\BuildLiteBehavior [ RunTime:0.000241s ]
INFO: [ app_init ] --END-- [ RunTime:0.000424s ]
INFO: [ app_begin ] --START--
INFO: Run Behavior\ReadHtmlCacheBehavior [ RunTime:0.000640s ]
INFO: [ app_begin ] --END-- [ RunTime:0.001114s ]
NOTIC: [2048] Declaration of Admin\Controller\GoodsListController::view_before() should be compatible with Admin\Controller\BaseController::view_before($id = '') /root/www/admin.think.com/Application/Admin/Controller/GoodsListController.class.php 第 7 行.
INFO: [ action_begin ] --START--
INFO: Run \Admin\Behavior\CheckPermissionBehavior [ RunTime:0.000798s ]
NOTIC: [2048] Declaration of Admin\Model\GoodsListModel::add() should be compatible with Think\Model::add($data = '', $options = Array, $replace = false) /root/www/admin.think.com/Application/Admin/Model/GoodsListModel.class.php 第 8 行.
NOTIC: [2048] Declaration of Admin\Model\GoodsListModel::save() should be compatible with Think\Model::save($data = '', $options = Array) /root/www/admin.think.com/Application/Admin/Model/GoodsListModel.class.php 第 8 行.
SQL: SHOW COLUMNS FROM `shop_goods_list` [ RunTime:0.0012s ]
SQL: SELECT * FROM `shop_goods_list` WHERE `id` = 0 LIMIT 1   [ RunTime:0.0017s ]
NOTIC: [2048] Declaration of Admin\Model\GoodsCategoryModel::add() should be compatible with Think\Model::add($data = '', $options = Array, $replace = false) /root/www/admin.think.com/Application/Admin/Model/GoodsCategoryModel.class.php 第 75 行.
NOTIC: [2048] Declaration of Admin\Model\GoodsCategoryModel::save() should be compatible with Think\Model::save($data = '', $options = Array) /root/www/admin.think.com/Application/Admin/Model/GoodsCategoryModel.class.php 第 75 行.
SQL: SHOW COLUMNS FROM `shop_goods_category` [ RunTime:0.0021s ]
SQL: SELECT * FROM `shop_goods_category` WHERE ( status>=0 ) ORDER BY lft  [ RunTime:0.0015s ]
SQL: SHOW COLUMNS FROM `shop_brand` [ RunTime:0.0018s ]
SQL: SELECT * FROM `shop_brand` WHERE `status` >= 0  [ RunTime:0.0022s ]
SQL: SHOW COLUMNS FROM `shop_goods` [ RunTime:0.0023s ]
SQL: SELECT * FROM `shop_goods` WHERE `status` >= 0  [ RunTime:0.0015s ]
SQL: SHOW COLUMNS FROM `shop_member_level` [ RunTime:0.0016s ]
SQL: SELECT `id`,`name` FROM `shop_member_level` WHERE `status` >= 0  [ RunTime:0.0014s ]
SQL: SHOW COLUMNS FROM `shop_goods_intro` [ RunTime:0.0014s ]
SQL: SELECT `intro` FROM `shop_goods_intro` WHERE `goods_id` = 0 LIMIT 1   [ RunTime:0.0011s ]
SQL: SHOW COLUMNS FROM `shop_goods_galler` [ RunTime:0.0008s ]
SQL: SELECT `id`,`path` FROM `shop_goods_galler` WHERE `goods_id` = 0  [ RunTime:0.0011s ]
SQL: SHOW COLUMNS FROM `shop_goods_article` [ RunTime:0.0017s ]
ERR: 1054:Unknown column 'index.php' in 'where clause'
 [ SQL语句 ] : SELECT  a.id,a.name  FROM shop_goods_article as ga  join shop_article as a on ga.article_id = a.id  where  ga.goods_id = index.php;
ERR: 1054:Unknown column 'index.php' in 'where clause'
 [ SQL语句 ] : SELECT  a.id,a.name  FROM shop_goods_article as ga  join shop_article as a on ga.article_id = a.id  where  ga.goods_id = index.php;

[ 2015-11-16T19:27:50+08:00 ] 192.168.1.4 /index.php/Admin/GoodsList/deleteGaller.html
INFO: [ app_init ] --START--
INFO: Run Behavior\BuildLiteBehavior [ RunTime:0.000165s ]
INFO: [ app_init ] --END-- [ RunTime:0.000602s ]
INFO: [ app_begin ] --START--
INFO: Run Behavior\ReadHtmlCacheBehavior [ RunTime:0.001107s ]
INFO: [ app_begin ] --END-- [ RunTime:0.001418s ]
NOTIC: [2048] Declaration of Admin\Controller\GoodsListController::view_before() should be compatible with Admin\Controller\BaseController::view_before($id = '') /root/www/admin.think.com/Application/Admin/Controller/GoodsListController.class.php 第 7 行.
INFO: [ action_begin ] --START--
INFO: Run \Admin\Behavior\CheckPermissionBehavior [ RunTime:0.000828s ]
NOTIC: [2048] Declaration of Admin\Model\GoodsListModel::add() should be compatible with Think\Model::add($data = '', $options = Array, $replace = false) /root/www/admin.think.com/Application/Admin/Model/GoodsListModel.class.php 第 8 行.
NOTIC: [2048] Declaration of Admin\Model\GoodsListModel::save() should be compatible with Think\Model::save($data = '', $options = Array) /root/www/admin.think.com/Application/Admin/Model/GoodsListModel.class.php 第 8 行.
SQL: SHOW COLUMNS FROM `shop_goods_list` [ RunTime:0.0020s ]
SQL: SHOW COLUMNS FROM `shop_goods_galler` [ RunTime:0.0054s ]
SQL: DELETE FROM `shop_goods_galler` WHERE `id` = 1 [ RunTime:0.1287s ]
INFO: [ app_end ] --START--
INFO: Run Behavior\ShowPageTraceBehavior [ RunTime:0.000472s ]
INFO: [ app_end ] --END-- [ RunTime:0.000641s ]

[ 2015-11-16T19:28:09+08:00 ] 192.168.1.4 /index.php/Admin/GoodsList/edit.html
INFO: [ app_init ] --START--
INFO: Run Behavior\BuildLiteBehavior [ RunTime:0.000162s ]
INFO: [ app_init ] --END-- [ RunTime:0.000497s ]
INFO: [ app_begin ] --START--
INFO: Run Behavior\ReadHtmlCacheBehavior [ RunTime:0.000539s ]
INFO: [ app_begin ] --END-- [ RunTime:0.000846s ]
NOTIC: [2048] Declaration of Admin\Controller\GoodsListController::view_before() should be compatible with Admin\Controller\BaseController::view_before($id = '') /root/www/admin.think.com/Application/Admin/Controller/GoodsListController.class.php 第 7 行.
INFO: [ action_begin ] --START--
INFO: Run \Admin\Behavior\CheckPermissionBehavior [ RunTime:0.000942s ]
NOTIC: [2048] Declaration of Admin\Model\GoodsListModel::add() should be compatible with Think\Model::add($data = '', $options = Array, $replace = false) /root/www/admin.think.com/Application/Admin/Model/GoodsListModel.class.php 第 8 行.
NOTIC: [2048] Declaration of Admin\Model\GoodsListModel::save() should be compatible with Think\Model::save($data = '', $options = Array) /root/www/admin.think.com/Application/Admin/Model/GoodsListModel.class.php 第 8 行.
SQL: SHOW COLUMNS FROM `shop_goods_list` [ RunTime:0.0011s ]
SQL: UPDATE `shop_goods_list` SET `name`='冰箱',`sn`='2015111500000003',`goods_category_id`='16',`brand_id`='9',`supplier_id`='8',`shop_price`='222.00',`market_price`='222.00',`stock`='22',`is_on_sale`='1',`goods_status`='15',`keyword`='',`logo`='goods/2015-11-16/5649bc956da3d.jpg',`status`='1',`sort`='20' WHERE `id` = 3 [ RunTime:0.0011s ]
INFO: [ view_parse ] --START--
INFO: [ template_filter ] --START--
INFO: Run Behavior\ContentReplaceBehavior [ RunTime:0.000152s ]
INFO: [ template_filter ] --END-- [ RunTime:0.000625s ]
INFO: Run Behavior\ParseTemplateBehavior [ RunTime:0.007152s ]
INFO: [ view_parse ] --END-- [ RunTime:0.007291s ]
INFO: [ view_filter ] --START--
INFO: Run Behavior\WriteHtmlCacheBehavior [ RunTime:0.000211s ]
INFO: [ view_filter ] --END-- [ RunTime:0.000353s ]
INFO: [ app_end ] --START--
INFO: Run Behavior\ShowPageTraceBehavior [ RunTime:0.000599s ]
INFO: [ app_end ] --END-- [ RunTime:0.000727s ]

[ 2015-11-16T19:28:10+08:00 ] 192.168.1.4 /index.php/Admin/GoodsList/goods.html
INFO: [ app_init ] --START--
INFO: Run Behavior\BuildLiteBehavior [ RunTime:0.000120s ]
INFO: [ app_init ] --END-- [ RunTime:0.000502s ]
INFO: [ app_begin ] --START--
INFO: Run Behavior\ReadHtmlCacheBehavior [ RunTime:0.000638s ]
INFO: [ app_begin ] --END-- [ RunTime:0.000886s ]
NOTIC: [2048] Declaration of Admin\Controller\GoodsListController::view_before() should be compatible with Admin\Controller\BaseController::view_before($id = '') /root/www/admin.think.com/Application/Admin/Controller/GoodsListController.class.php 第 7 行.
INFO: [ action_begin ] --START--
INFO: Run \Admin\Behavior\CheckPermissionBehavior [ RunTime:0.000164s ]
NOTIC: [2048] Declaration of Admin\Model\GoodsListModel::add() should be compatible with Think\Model::add($data = '', $options = Array, $replace = false) /root/www/admin.think.com/Application/Admin/Model/GoodsListModel.class.php 第 8 行.
NOTIC: [2048] Declaration of Admin\Model\GoodsListModel::save() should be compatible with Think\Model::save($data = '', $options = Array) /root/www/admin.think.com/Application/Admin/Model/GoodsListModel.class.php 第 8 行.
SQL: SHOW COLUMNS FROM `shop_goods_list` [ RunTime:0.0008s ]
SQL: SELECT COUNT(*) AS tp_count FROM `shop_goods_list` WHERE `status` <> -1 LIMIT 1   [ RunTime:0.0008s ]
SQL: SELECT * FROM `shop_goods_list` WHERE `status` <> -1 LIMIT 0,10   [ RunTime:0.0006s ]
NOTIC: [8] Undefined index: list /root/www/admin.think.com/Application/Admin/Controller/BaseController.class.php 第 45 行.
INFO: [ view_parse ] --START--
INFO: [ template_filter ] --START--
INFO: Run Behavior\ContentReplaceBehavior [ RunTime:0.000398s ]
INFO: [ template_filter ] --END-- [ RunTime:0.000764s ]
NOTIC: [8] Undefined variable: cat_list /root/www/admin.think.com/Application/Runtime/Cache/Admin/7d1d5bace63309a30d7fa816c9ee73e6.php 第 29 行.
NOTIC: [8] Undefined variable: brand_list /root/www/admin.think.com/Application/Runtime/Cache/Admin/7d1d5bace63309a30d7fa816c9ee73e6.php 第 34 行.
NOTIC: [8] Undefined variable: val /root/www/admin.think.com/Application/Runtime/Cache/Admin/7d1d5bace63309a30d7fa816c9ee73e6.php 第 96 行.
NOTIC: [8] Undefined variable: val /root/www/admin.think.com/Application/Runtime/Cache/Admin/7d1d5bace63309a30d7fa816c9ee73e6.php 第 96 行.
NOTIC: [8] Undefined variable: val /root/www/admin.think.com/Application/Runtime/Cache/Admin/7d1d5bace63309a30d7fa816c9ee73e6.php 第 96 行.
NOTIC: [8] Undefined variable: val /root/www/admin.think.com/Application/Runtime/Cache/Admin/7d1d5bace63309a30d7fa816c9ee73e6.php 第 96 行.
INFO: Run Behavior\ParseTemplateBehavior [ RunTime:0.014659s ]
INFO: [ view_parse ] --END-- [ RunTime:0.014999s ]
INFO: [ view_filter ] --START--
INFO: Run Behavior\WriteHtmlCacheBehavior [ RunTime:0.000616s ]
INFO: [ view_filter ] --END-- [ RunTime:0.000818s ]
INFO: [ app_end ] --START--
INFO: Run Behavior\ShowPageTraceBehavior [ RunTime:0.001070s ]
INFO: [ app_end ] --END-- [ RunTime:0.001655s ]

[ 2015-11-16T19:28:14+08:00 ] 192.168.1.4 /index.php/Admin/GoodsList/edit/id/3.html
INFO: [ app_init ] --START--
INFO: Run Behavior\BuildLiteBehavior [ RunTime:0.000231s ]
INFO: [ app_init ] --END-- [ RunTime:0.000823s ]
INFO: [ app_begin ] --START--
INFO: Run Behavior\ReadHtmlCacheBehavior [ RunTime:0.000747s ]
INFO: [ app_begin ] --END-- [ RunTime:0.000974s ]
NOTIC: [2048] Declaration of Admin\Controller\GoodsListController::view_before() should be compatible with Admin\Controller\BaseController::view_before($id = '') /root/www/admin.think.com/Application/Admin/Controller/GoodsListController.class.php 第 7 行.
INFO: [ action_begin ] --START--
INFO: Run \Admin\Behavior\CheckPermissionBehavior [ RunTime:0.000000s ]
NOTIC: [2048] Declaration of Admin\Model\GoodsListModel::add() should be compatible with Think\Model::add($data = '', $options = Array, $replace = false) /root/www/admin.think.com/Application/Admin/Model/GoodsListModel.class.php 第 8 行.
NOTIC: [2048] Declaration of Admin\Model\GoodsListModel::save() should be compatible with Think\Model::save($data = '', $options = Array) /root/www/admin.think.com/Application/Admin/Model/GoodsListModel.class.php 第 8 行.
SQL: SHOW COLUMNS FROM `shop_goods_list` [ RunTime:0.0009s ]
SQL: SELECT * FROM `shop_goods_list` WHERE `id` = 3 LIMIT 1   [ RunTime:0.0004s ]
NOTIC: [2048] Declaration of Admin\Model\GoodsCategoryModel::add() should be compatible with Think\Model::add($data = '', $options = Array, $replace = false) /root/www/admin.think.com/Application/Admin/Model/GoodsCategoryModel.class.php 第 75 行.
NOTIC: [2048] Declaration of Admin\Model\GoodsCategoryModel::save() should be compatible with Think\Model::save($data = '', $options = Array) /root/www/admin.think.com/Application/Admin/Model/GoodsCategoryModel.class.php 第 75 行.
SQL: SHOW COLUMNS FROM `shop_goods_category` [ RunTime:0.0015s ]
SQL: SELECT * FROM `shop_goods_category` WHERE ( status>=0 ) ORDER BY lft  [ RunTime:0.0006s ]
SQL: SHOW COLUMNS FROM `shop_brand` [ RunTime:0.0016s ]
SQL: SELECT * FROM `shop_brand` WHERE `status` >= 0  [ RunTime:0.0006s ]
SQL: SHOW COLUMNS FROM `shop_goods` [ RunTime:0.0635s ]
SQL: SELECT * FROM `shop_goods` WHERE `status` >= 0  [ RunTime:0.0005s ]
SQL: SHOW COLUMNS FROM `shop_member_level` [ RunTime:0.0008s ]
SQL: SELECT `id`,`name` FROM `shop_member_level` WHERE `status` >= 0  [ RunTime:0.0006s ]
SQL: SHOW COLUMNS FROM `shop_goods_intro` [ RunTime:0.0007s ]
SQL: SELECT `intro` FROM `shop_goods_intro` WHERE `goods_id` = 3 LIMIT 1   [ RunTime:0.0009s ]
SQL: SHOW COLUMNS FROM `shop_goods_galler` [ RunTime:0.0007s ]
SQL: SELECT `id`,`path` FROM `shop_goods_galler` WHERE `goods_id` = 3  [ RunTime:0.0005s ]
SQL: SHOW COLUMNS FROM `shop_goods_article` [ RunTime:0.0016s ]
SQL: SELECT  a.id,a.name  FROM shop_goods_article as ga  join shop_article as a on ga.article_id = a.id  where  ga.goods_id = 3; [ RunTime:0.0004s ]
SQL: SHOW COLUMNS FROM `shop_member_price` [ RunTime:0.0017s ]
SQL: SELECT * FROM `shop_member_price` WHERE `goods_id` = 3  [ RunTime:0.0006s ]
INFO: [ view_parse ] --START--
INFO: [ template_filter ] --START--
INFO: Run Behavior\ContentReplaceBehavior [ RunTime:0.000606s ]
INFO: [ template_filter ] --END-- [ RunTime:0.001285s ]
NOTIC: [8] Undefined variable: url /root/www/admin.think.com/Application/Runtime/Cache/Admin/04ae27f9d649d9892f910e7846868cb0.php 第 33 行.
INFO: Run Behavior\ParseTemplateBehavior [ RunTime:0.020676s ]
INFO: [ view_parse ] --END-- [ RunTime:0.021001s ]
INFO: [ view_filter ] --START--
INFO: Run Behavior\WriteHtmlCacheBehavior [ RunTime:0.000464s ]
INFO: [ view_filter ] --END-- [ RunTime:0.000618s ]
INFO: [ app_end ] --START--
INFO: Run Behavior\ShowPageTraceBehavior [ RunTime:0.001945s ]
INFO: [ app_end ] --END-- [ RunTime:0.002525s ]

[ 2015-11-16T19:28:16+08:00 ] 192.168.1.4 /index.php/Admin/GoodsList/edit/id/
INFO: [ app_init ] --START--
INFO: Run Behavior\BuildLiteBehavior [ RunTime:0.000053s ]
INFO: [ app_init ] --END-- [ RunTime:0.000196s ]
INFO: [ app_begin ] --START--
INFO: Run Behavior\ReadHtmlCacheBehavior [ RunTime:0.000714s ]
INFO: [ app_begin ] --END-- [ RunTime:0.000904s ]
NOTIC: [2048] Declaration of Admin\Controller\GoodsListController::view_before() should be compatible with Admin\Controller\BaseController::view_before($id = '') /root/www/admin.think.com/Application/Admin/Controller/GoodsListController.class.php 第 7 行.
INFO: [ action_begin ] --START--
INFO: Run \Admin\Behavior\CheckPermissionBehavior [ RunTime:0.000368s ]
NOTIC: [2048] Declaration of Admin\Model\GoodsListModel::add() should be compatible with Think\Model::add($data = '', $options = Array, $replace = false) /root/www/admin.think.com/Application/Admin/Model/GoodsListModel.class.php 第 8 行.
NOTIC: [2048] Declaration of Admin\Model\GoodsListModel::save() should be compatible with Think\Model::save($data = '', $options = Array) /root/www/admin.think.com/Application/Admin/Model/GoodsListModel.class.php 第 8 行.
SQL: SHOW COLUMNS FROM `shop_goods_list` [ RunTime:0.0027s ]
SQL: SELECT * FROM `shop_goods_list` WHERE `id` = 0 LIMIT 1   [ RunTime:0.0006s ]
NOTIC: [2048] Declaration of Admin\Model\GoodsCategoryModel::add() should be compatible with Think\Model::add($data = '', $options = Array, $replace = false) /root/www/admin.think.com/Application/Admin/Model/GoodsCategoryModel.class.php 第 75 行.
NOTIC: [2048] Declaration of Admin\Model\GoodsCategoryModel::save() should be compatible with Think\Model::save($data = '', $options = Array) /root/www/admin.think.com/Application/Admin/Model/GoodsCategoryModel.class.php 第 75 行.
SQL: SHOW COLUMNS FROM `shop_goods_category` [ RunTime:0.0025s ]
SQL: SELECT * FROM `shop_goods_category` WHERE ( status>=0 ) ORDER BY lft  [ RunTime:0.0013s ]
SQL: SHOW COLUMNS FROM `shop_brand` [ RunTime:0.0011s ]
SQL: SELECT * FROM `shop_brand` WHERE `status` >= 0  [ RunTime:0.0023s ]
SQL: SHOW COLUMNS FROM `shop_goods` [ RunTime:0.0015s ]
SQL: SELECT * FROM `shop_goods` WHERE `status` >= 0  [ RunTime:0.0040s ]
SQL: SHOW COLUMNS FROM `shop_member_level` [ RunTime:0.0056s ]
SQL: SELECT `id`,`name` FROM `shop_member_level` WHERE `status` >= 0  [ RunTime:0.0006s ]
SQL: SHOW COLUMNS FROM `shop_goods_intro` [ RunTime:0.0034s ]
SQL: SELECT `intro` FROM `shop_goods_intro` WHERE `goods_id` = 0 LIMIT 1   [ RunTime:0.0080s ]
SQL: SHOW COLUMNS FROM `shop_goods_galler` [ RunTime:0.0830s ]
SQL: SELECT `id`,`path` FROM `shop_goods_galler` WHERE `goods_id` = 0  [ RunTime:0.0150s ]
SQL: SHOW COLUMNS FROM `shop_goods_article` [ RunTime:0.0148s ]
ERR: 1054:Unknown column 'index.php' in 'where clause'
 [ SQL语句 ] : SELECT  a.id,a.name  FROM shop_goods_article as ga  join shop_article as a on ga.article_id = a.id  where  ga.goods_id = index.php;
ERR: 1054:Unknown column 'index.php' in 'where clause'
 [ SQL语句 ] : SELECT  a.id,a.name  FROM shop_goods_article as ga  join shop_article as a on ga.article_id = a.id  where  ga.goods_id = index.php;

[ 2015-11-16T19:28:19+08:00 ] 192.168.1.4 /index.php/Admin/GoodsList/edit/id/
INFO: [ app_init ] --START--
INFO: Run Behavior\BuildLiteBehavior [ RunTime:0.000289s ]
INFO: [ app_init ] --END-- [ RunTime:0.000657s ]
INFO: [ app_begin ] --START--
INFO: Run Behavior\ReadHtmlCacheBehavior [ RunTime:0.000627s ]
INFO: [ app_begin ] --END-- [ RunTime:0.001077s ]
NOTIC: [2048] Declaration of Admin\Controller\GoodsListController::view_before() should be compatible with Admin\Controller\BaseController::view_before($id = '') /root/www/admin.think.com/Application/Admin/Controller/GoodsListController.class.php 第 7 行.
INFO: [ action_begin ] --START--
INFO: Run \Admin\Behavior\CheckPermissionBehavior [ RunTime:0.000711s ]
NOTIC: [2048] Declaration of Admin\Model\GoodsListModel::add() should be compatible with Think\Model::add($data = '', $options = Array, $replace = false) /root/www/admin.think.com/Application/Admin/Model/GoodsListModel.class.php 第 8 行.
NOTIC: [2048] Declaration of Admin\Model\GoodsListModel::save() should be compatible with Think\Model::save($data = '', $options = Array) /root/www/admin.think.com/Application/Admin/Model/GoodsListModel.class.php 第 8 行.
SQL: SHOW COLUMNS FROM `shop_goods_list` [ RunTime:0.0018s ]
SQL: SELECT * FROM `shop_goods_list` WHERE `id` = 0 LIMIT 1   [ RunTime:0.0010s ]
NOTIC: [2048] Declaration of Admin\Model\GoodsCategoryModel::add() should be compatible with Think\Model::add($data = '', $options = Array, $replace = false) /root/www/admin.think.com/Application/Admin/Model/GoodsCategoryModel.class.php 第 75 行.
NOTIC: [2048] Declaration of Admin\Model\GoodsCategoryModel::save() should be compatible with Think\Model::save($data = '', $options = Array) /root/www/admin.think.com/Application/Admin/Model/GoodsCategoryModel.class.php 第 75 行.
SQL: SHOW COLUMNS FROM `shop_goods_category` [ RunTime:0.0015s ]
SQL: SELECT * FROM `shop_goods_category` WHERE ( status>=0 ) ORDER BY lft  [ RunTime:0.0017s ]
SQL: SHOW COLUMNS FROM `shop_brand` [ RunTime:0.0012s ]
SQL: SELECT * FROM `shop_brand` WHERE `status` >= 0  [ RunTime:0.0011s ]
SQL: SHOW COLUMNS FROM `shop_goods` [ RunTime:0.0014s ]
SQL: SELECT * FROM `shop_goods` WHERE `status` >= 0  [ RunTime:0.0005s ]
SQL: SHOW COLUMNS FROM `shop_member_level` [ RunTime:0.0020s ]
SQL: SELECT `id`,`name` FROM `shop_member_level` WHERE `status` >= 0  [ RunTime:0.0015s ]
SQL: SHOW COLUMNS FROM `shop_goods_intro` [ RunTime:0.0014s ]
SQL: SELECT `intro` FROM `shop_goods_intro` WHERE `goods_id` = 0 LIMIT 1   [ RunTime:0.0004s ]
SQL: SHOW COLUMNS FROM `shop_goods_galler` [ RunTime:0.0015s ]
SQL: SELECT `id`,`path` FROM `shop_goods_galler` WHERE `goods_id` = 0  [ RunTime:0.0005s ]
SQL: SHOW COLUMNS FROM `shop_goods_article` [ RunTime:0.0018s ]
ERR: 1054:Unknown column 'index.php' in 'where clause'
 [ SQL语句 ] : SELECT  a.id,a.name  FROM shop_goods_article as ga  join shop_article as a on ga.article_id = a.id  where  ga.goods_id = index.php;
ERR: 1054:Unknown column 'index.php' in 'where clause'
 [ SQL语句 ] : SELECT  a.id,a.name  FROM shop_goods_article as ga  join shop_article as a on ga.article_id = a.id  where  ga.goods_id = index.php;

[ 2015-11-16T19:28:21+08:00 ] 192.168.1.4 /index.php/Admin/GoodsList/edit/id/
INFO: [ app_init ] --START--
INFO: Run Behavior\BuildLiteBehavior [ RunTime:0.000195s ]
INFO: [ app_init ] --END-- [ RunTime:0.000847s ]
INFO: [ app_begin ] --START--
INFO: Run Behavior\ReadHtmlCacheBehavior [ RunTime:0.000686s ]
INFO: [ app_begin ] --END-- [ RunTime:0.001078s ]
NOTIC: [2048] Declaration of Admin\Controller\GoodsListController::view_before() should be compatible with Admin\Controller\BaseController::view_before($id = '') /root/www/admin.think.com/Application/Admin/Controller/GoodsListController.class.php 第 7 行.
INFO: [ action_begin ] --START--
INFO: Run \Admin\Behavior\CheckPermissionBehavior [ RunTime:0.002054s ]
NOTIC: [2048] Declaration of Admin\Model\GoodsListModel::add() should be compatible with Think\Model::add($data = '', $options = Array, $replace = false) /root/www/admin.think.com/Application/Admin/Model/GoodsListModel.class.php 第 8 行.
NOTIC: [2048] Declaration of Admin\Model\GoodsListModel::save() should be compatible with Think\Model::save($data = '', $options = Array) /root/www/admin.think.com/Application/Admin/Model/GoodsListModel.class.php 第 8 行.
SQL: SHOW COLUMNS FROM `shop_goods_list` [ RunTime:0.0020s ]
SQL: SELECT * FROM `shop_goods_list` WHERE `id` = 0 LIMIT 1   [ RunTime:0.0012s ]
NOTIC: [2048] Declaration of Admin\Model\GoodsCategoryModel::add() should be compatible with Think\Model::add($data = '', $options = Array, $replace = false) /root/www/admin.think.com/Application/Admin/Model/GoodsCategoryModel.class.php 第 75 行.
NOTIC: [2048] Declaration of Admin\Model\GoodsCategoryModel::save() should be compatible with Think\Model::save($data = '', $options = Array) /root/www/admin.think.com/Application/Admin/Model/GoodsCategoryModel.class.php 第 75 行.
SQL: SHOW COLUMNS FROM `shop_goods_category` [ RunTime:0.0034s ]
SQL: SELECT * FROM `shop_goods_category` WHERE ( status>=0 ) ORDER BY lft  [ RunTime:0.0012s ]
SQL: SHOW COLUMNS FROM `shop_brand` [ RunTime:0.0019s ]
SQL: SELECT * FROM `shop_brand` WHERE `status` >= 0  [ RunTime:0.0030s ]
SQL: SHOW COLUMNS FROM `shop_goods` [ RunTime:0.0021s ]
SQL: SELECT * FROM `shop_goods` WHERE `status` >= 0  [ RunTime:0.0005s ]
SQL: SHOW COLUMNS FROM `shop_member_level` [ RunTime:0.0013s ]
SQL: SELECT `id`,`name` FROM `shop_member_level` WHERE `status` >= 0  [ RunTime:0.0005s ]
SQL: SHOW COLUMNS FROM `shop_goods_intro` [ RunTime:0.0012s ]
SQL: SELECT `intro` FROM `shop_goods_intro` WHERE `goods_id` = 0 LIMIT 1   [ RunTime:0.0005s ]
SQL: SHOW COLUMNS FROM `shop_goods_galler` [ RunTime:0.0012s ]
SQL: SELECT `id`,`path` FROM `shop_goods_galler` WHERE `goods_id` = 0  [ RunTime:0.0006s ]
SQL: SHOW COLUMNS FROM `shop_goods_article` [ RunTime:0.0024s ]
ERR: 1054:Unknown column 'index.php' in 'where clause'
 [ SQL语句 ] : SELECT  a.id,a.name  FROM shop_goods_article as ga  join shop_article as a on ga.article_id = a.id  where  ga.goods_id = index.php;
ERR: 1054:Unknown column 'index.php' in 'where clause'
 [ SQL语句 ] : SELECT  a.id,a.name  FROM shop_goods_article as ga  join shop_article as a on ga.article_id = a.id  where  ga.goods_id = index.php;

[ 2015-11-16T19:28:51+08:00 ] 192.168.1.4 /index.php/Admin/Upload/index.html
INFO: [ app_init ] --START--
INFO: Run Behavior\BuildLiteBehavior [ RunTime:0.000028s ]
INFO: [ app_init ] --END-- [ RunTime:0.000353s ]
INFO: [ app_begin ] --START--
INFO: Run Behavior\ReadHtmlCacheBehavior [ RunTime:0.001000s ]
INFO: [ app_begin ] --END-- [ RunTime:0.002004s ]
INFO: [ action_begin ] --START--
INFO: Run \Admin\Behavior\CheckPermissionBehavior [ RunTime:0.001206s ]
NOTIC: [2] call_user_func() expects parameter 1 to be a valid callback, no array or string given /root/www/ThinkPHP/Library/Think/Upload.class.php 第 182 行.
INFO: [ app_end ] --START--
INFO: Run Behavior\ShowPageTraceBehavior [ RunTime:0.001076s ]
INFO: [ app_end ] --END-- [ RunTime:0.001190s ]

[ 2015-11-16T19:28:54+08:00 ] 192.168.1.4 /index.php/Admin/GoodsList/edit/id/
INFO: [ app_init ] --START--
INFO: Run Behavior\BuildLiteBehavior [ RunTime:0.001000s ]
INFO: [ app_init ] --END-- [ RunTime:0.003000s ]
INFO: [ app_begin ] --START--
INFO: Run Behavior\ReadHtmlCacheBehavior [ RunTime:0.002999s ]
INFO: [ app_begin ] --END-- [ RunTime:0.004999s ]
NOTIC: [2048] Declaration of Admin\Controller\GoodsListController::view_before() should be compatible with Admin\Controller\BaseController::view_before($id = '') /root/www/admin.think.com/Application/Admin/Controller/GoodsListController.class.php 第 7 行.
INFO: [ action_begin ] --START--
INFO: Run \Admin\Behavior\CheckPermissionBehavior [ RunTime:0.002000s ]
NOTIC: [2048] Declaration of Admin\Model\GoodsListModel::add() should be compatible with Think\Model::add($data = '', $options = Array, $replace = false) /root/www/admin.think.com/Application/Admin/Model/GoodsListModel.class.php 第 8 行.
NOTIC: [2048] Declaration of Admin\Model\GoodsListModel::save() should be compatible with Think\Model::save($data = '', $options = Array) /root/www/admin.think.com/Application/Admin/Model/GoodsListModel.class.php 第 8 行.
SQL: SHOW COLUMNS FROM `shop_goods_list` [ RunTime:0.0031s ]
SQL: SELECT * FROM `shop_goods_list` WHERE `id` = 0 LIMIT 1   [ RunTime:0.0020s ]
NOTIC: [2048] Declaration of Admin\Model\GoodsCategoryModel::add() should be compatible with Think\Model::add($data = '', $options = Array, $replace = false) /root/www/admin.think.com/Application/Admin/Model/GoodsCategoryModel.class.php 第 75 行.
NOTIC: [2048] Declaration of Admin\Model\GoodsCategoryModel::save() should be compatible with Think\Model::save($data = '', $options = Array) /root/www/admin.think.com/Application/Admin/Model/GoodsCategoryModel.class.php 第 75 行.
SQL: SHOW COLUMNS FROM `shop_goods_category` [ RunTime:0.0031s ]
SQL: SELECT * FROM `shop_goods_category` WHERE ( status>=0 ) ORDER BY lft  [ RunTime:0.0021s ]
SQL: SHOW COLUMNS FROM `shop_brand` [ RunTime:0.0029s ]
SQL: SELECT * FROM `shop_brand` WHERE `status` >= 0  [ RunTime:0.0041s ]
SQL: SHOW COLUMNS FROM `shop_goods` [ RunTime:0.0020s ]
SQL: SELECT * FROM `shop_goods` WHERE `status` >= 0  [ RunTime:0.0013s ]
SQL: SHOW COLUMNS FROM `shop_member_level` [ RunTime:0.0019s ]
SQL: SELECT `id`,`name` FROM `shop_member_level` WHERE `status` >= 0  [ RunTime:0.0089s ]
SQL: SHOW COLUMNS FROM `shop_goods_intro` [ RunTime:0.0026s ]
SQL: SELECT `intro` FROM `shop_goods_intro` WHERE `goods_id` = 0 LIMIT 1   [ RunTime:0.0015s ]
SQL: SHOW COLUMNS FROM `shop_goods_galler` [ RunTime:0.0022s ]
SQL: SELECT `id`,`path` FROM `shop_goods_galler` WHERE `goods_id` = 0  [ RunTime:0.0010s ]
SQL: SHOW COLUMNS FROM `shop_goods_article` [ RunTime:0.0018s ]
ERR: 1054:Unknown column 'index.php' in 'where clause'
 [ SQL语句 ] : SELECT  a.id,a.name  FROM shop_goods_article as ga  join shop_article as a on ga.article_id = a.id  where  ga.goods_id = index.php;
ERR: 1054:Unknown column 'index.php' in 'where clause'
 [ SQL语句 ] : SELECT  a.id,a.name  FROM shop_goods_article as ga  join shop_article as a on ga.article_id = a.id  where  ga.goods_id = index.php;

[ 2015-11-16T19:29:19+08:00 ] 192.168.1.4 /index.php/Admin/Upload/index.html
INFO: [ app_init ] --START--
INFO: Run Behavior\BuildLiteBehavior [ RunTime:0.001000s ]
INFO: [ app_init ] --END-- [ RunTime:0.002999s ]
INFO: [ app_begin ] --START--
INFO: Run Behavior\ReadHtmlCacheBehavior [ RunTime:0.013000s ]
INFO: [ app_begin ] --END-- [ RunTime:0.015557s ]
INFO: [ action_begin ] --START--
INFO: Run \Admin\Behavior\CheckPermissionBehavior [ RunTime:0.001262s ]
NOTIC: [2] call_user_func() expects parameter 1 to be a valid callback, no array or string given /root/www/ThinkPHP/Library/Think/Upload.class.php 第 182 行.
INFO: [ app_end ] --START--
INFO: Run Behavior\ShowPageTraceBehavior [ RunTime:0.002000s ]
INFO: [ app_end ] --END-- [ RunTime:0.004000s ]

[ 2015-11-16T19:29:46+08:00 ] 192.168.1.4 /index.php/Admin/Upload/index.html
INFO: [ app_init ] --START--
INFO: Run Behavior\BuildLiteBehavior [ RunTime:0.001000s ]
INFO: [ app_init ] --END-- [ RunTime:0.003694s ]
INFO: [ app_begin ] --START--
INFO: Run Behavior\ReadHtmlCacheBehavior [ RunTime:0.000471s ]
INFO: [ app_begin ] --END-- [ RunTime:0.000552s ]
INFO: [ action_begin ] --START--
INFO: Run \Admin\Behavior\CheckPermissionBehavior [ RunTime:0.000592s ]
NOTIC: [2] call_user_func() expects parameter 1 to be a valid callback, no array or string given /root/www/ThinkPHP/Library/Think/Upload.class.php 第 182 行.
INFO: [ app_end ] --START--
INFO: Run Behavior\ShowPageTraceBehavior [ RunTime:0.000558s ]
INFO: [ app_end ] --END-- [ RunTime:0.000773s ]

[ 2015-11-16T19:29:46+08:00 ] 192.168.1.4 /index.php/Admin/Upload/index.html
INFO: [ app_init ] --START--
INFO: Run Behavior\BuildLiteBehavior [ RunTime:0.001000s ]
INFO: [ app_init ] --END-- [ RunTime:0.002568s ]
INFO: [ app_begin ] --START--
INFO: Run Behavior\ReadHtmlCacheBehavior [ RunTime:0.000308s ]
INFO: [ app_begin ] --END-- [ RunTime:0.000513s ]
INFO: [ action_begin ] --START--
INFO: Run \Admin\Behavior\CheckPermissionBehavior [ RunTime:0.000566s ]
NOTIC: [2] call_user_func() expects parameter 1 to be a valid callback, no array or string given /root/www/ThinkPHP/Library/Think/Upload.class.php 第 182 行.
INFO: [ app_end ] --START--
INFO: Run Behavior\ShowPageTraceBehavior [ RunTime:0.000659s ]
INFO: [ app_end ] --END-- [ RunTime:0.000829s ]

[ 2015-11-16T19:29:46+08:00 ] 192.168.1.4 /index.php/Admin/Upload/index.html
INFO: [ app_init ] --START--
INFO: Run Behavior\BuildLiteBehavior [ RunTime:0.002000s ]
INFO: [ app_init ] --END-- [ RunTime:0.004000s ]
INFO: [ app_begin ] --START--
INFO: Run Behavior\ReadHtmlCacheBehavior [ RunTime:0.002000s ]
INFO: [ app_begin ] --END-- [ RunTime:0.003286s ]
INFO: [ action_begin ] --START--
INFO: Run \Admin\Behavior\CheckPermissionBehavior [ RunTime:0.000883s ]
NOTIC: [2] call_user_func() expects parameter 1 to be a valid callback, no array or string given /root/www/ThinkPHP/Library/Think/Upload.class.php 第 182 行.
INFO: [ app_end ] --START--
INFO: Run Behavior\ShowPageTraceBehavior [ RunTime:0.000784s ]
INFO: [ app_end ] --END-- [ RunTime:0.001226s ]

[ 2015-11-16T19:29:47+08:00 ] 192.168.1.4 /index.php/Admin/Upload/index.html
INFO: [ app_init ] --START--
INFO: Run Behavior\BuildLiteBehavior [ RunTime:0.000135s ]
INFO: [ app_init ] --END-- [ RunTime:0.000477s ]
INFO: [ app_begin ] --START--
INFO: Run Behavior\ReadHtmlCacheBehavior [ RunTime:0.002320s ]
INFO: [ app_begin ] --END-- [ RunTime:0.003417s ]
INFO: [ action_begin ] --START--
INFO: Run \Admin\Behavior\CheckPermissionBehavior [ RunTime:0.000704s ]
NOTIC: [2] call_user_func() expects parameter 1 to be a valid callback, no array or string given /root/www/ThinkPHP/Library/Think/Upload.class.php 第 182 行.
INFO: [ app_end ] --START--
INFO: Run Behavior\ShowPageTraceBehavior [ RunTime:0.001391s ]
INFO: [ app_end ] --END-- [ RunTime:0.002325s ]

[ 2015-11-16T19:29:47+08:00 ] 192.168.1.4 /index.php/Admin/Upload/index.html
INFO: [ app_init ] --START--
INFO: Run Behavior\BuildLiteBehavior [ RunTime:0.001000s ]
INFO: [ app_init ] --END-- [ RunTime:0.003000s ]
INFO: [ app_begin ] --START--
INFO: Run Behavior\ReadHtmlCacheBehavior [ RunTime:0.001000s ]
INFO: [ app_begin ] --END-- [ RunTime:0.001510s ]
INFO: [ action_begin ] --START--
INFO: Run \Admin\Behavior\CheckPermissionBehavior [ RunTime:0.000925s ]
NOTIC: [2] call_user_func() expects parameter 1 to be a valid callback, no array or string given /root/www/ThinkPHP/Library/Think/Upload.class.php 第 182 行.
INFO: [ app_end ] --START--
INFO: Run Behavior\ShowPageTraceBehavior [ RunTime:0.001308s ]
INFO: [ app_end ] --END-- [ RunTime:0.002567s ]

[ 2015-11-16T19:30:06+08:00 ] 192.168.1.4 /index.php/Admin/GoodsList/edit.html
INFO: [ app_init ] --START--
INFO: Run Behavior\BuildLiteBehavior [ RunTime:0.000180s ]
INFO: [ app_init ] --END-- [ RunTime:0.002000s ]
INFO: [ app_begin ] --START--
INFO: Run Behavior\ReadHtmlCacheBehavior [ RunTime:0.004000s ]
INFO: [ app_begin ] --END-- [ RunTime:0.006305s ]
NOTIC: [2048] Declaration of Admin\Controller\GoodsListController::view_before() should be compatible with Admin\Controller\BaseController::view_before($id = '') /root/www/admin.think.com/Application/Admin/Controller/GoodsListController.class.php 第 7 行.
INFO: [ action_begin ] --START--
INFO: Run \Admin\Behavior\CheckPermissionBehavior [ RunTime:0.004000s ]
NOTIC: [2048] Declaration of Admin\Model\GoodsListModel::add() should be compatible with Think\Model::add($data = '', $options = Array, $replace = false) /root/www/admin.think.com/Application/Admin/Model/GoodsListModel.class.php 第 8 行.
NOTIC: [2048] Declaration of Admin\Model\GoodsListModel::save() should be compatible with Think\Model::save($data = '', $options = Array) /root/www/admin.think.com/Application/Admin/Model/GoodsListModel.class.php 第 8 行.
SQL: SHOW COLUMNS FROM `shop_goods_list` [ RunTime:0.0295s ]
SQL: SHOW COLUMNS FROM `shop_goods_galler` [ RunTime:0.0021s ]
SQL: DELETE FROM `shop_goods_galler` WHERE `goods_id` = 3 [ RunTime:0.0004s ]
SQL: INSERT INTO `shop_goods_galler` (`goods_id`,`path`) VALUES ('3','goods/2015-11-16/5649be2a77642.jpg'),('3','goods/2015-11-16/5649be2a9a896.jpg'),('3','goods/2015-11-16/5649be2ad7bb9.jpg'),('3','goods/2015-11-16/5649be2af40d7.jpg'),('3','goods/2015-11-16/5649be2b19ca5.jpg') [ RunTime:0.0167s ]
SQL: UPDATE `shop_goods_list` SET `name`='冰箱',`sn`='2015111500000003',`goods_category_id`='16',`brand_id`='9',`supplier_id`='8',`shop_price`='222.00',`market_price`='222.00',`stock`='22',`is_on_sale`='1',`goods_status`='15',`keyword`='',`logo`='goods/2015-11-16/5649bdf32d535.jpg',`status`='1',`sort`='20' WHERE `id` = 3 [ RunTime:0.0027s ]
INFO: [ view_parse ] --START--
INFO: [ template_filter ] --START--
INFO: Run Behavior\ContentReplaceBehavior [ RunTime:0.000356s ]
INFO: [ template_filter ] --END-- [ RunTime:0.001384s ]
INFO: Run Behavior\ParseTemplateBehavior [ RunTime:0.013910s ]
INFO: [ view_parse ] --END-- [ RunTime:0.014213s ]
INFO: [ view_filter ] --START--
INFO: Run Behavior\WriteHtmlCacheBehavior [ RunTime:0.000531s ]
INFO: [ view_filter ] --END-- [ RunTime:0.000955s ]
INFO: [ app_end ] --START--
INFO: Run Behavior\ShowPageTraceBehavior [ RunTime:0.000897s ]
INFO: [ app_end ] --END-- [ RunTime:0.001215s ]

[ 2015-11-16T19:30:07+08:00 ] 192.168.1.4 /index.php/Admin/GoodsList/goods.html
INFO: [ app_init ] --START--
INFO: Run Behavior\BuildLiteBehavior [ RunTime:0.000025s ]
INFO: [ app_init ] --END-- [ RunTime:0.000131s ]
INFO: [ app_begin ] --START--
INFO: Run Behavior\ReadHtmlCacheBehavior [ RunTime:0.001145s ]
INFO: [ app_begin ] --END-- [ RunTime:0.001331s ]
NOTIC: [2048] Declaration of Admin\Controller\GoodsListController::view_before() should be compatible with Admin\Controller\BaseController::view_before($id = '') /root/www/admin.think.com/Application/Admin/Controller/GoodsListController.class.php 第 7 行.
INFO: [ action_begin ] --START--
INFO: Run \Admin\Behavior\CheckPermissionBehavior [ RunTime:0.000641s ]
NOTIC: [2048] Declaration of Admin\Model\GoodsListModel::add() should be compatible with Think\Model::add($data = '', $options = Array, $replace = false) /root/www/admin.think.com/Application/Admin/Model/GoodsListModel.class.php 第 8 行.
NOTIC: [2048] Declaration of Admin\Model\GoodsListModel::save() should be compatible with Think\Model::save($data = '', $options = Array) /root/www/admin.think.com/Application/Admin/Model/GoodsListModel.class.php 第 8 行.
SQL: SHOW COLUMNS FROM `shop_goods_list` [ RunTime:0.0019s ]
SQL: SELECT COUNT(*) AS tp_count FROM `shop_goods_list` WHERE `status` <> -1 LIMIT 1   [ RunTime:0.0035s ]
SQL: SELECT * FROM `shop_goods_list` WHERE `status` <> -1 LIMIT 0,10   [ RunTime:0.0073s ]
NOTIC: [8] Undefined index: list /root/www/admin.think.com/Application/Admin/Controller/BaseController.class.php 第 45 行.
INFO: [ view_parse ] --START--
INFO: [ template_filter ] --START--
INFO: Run Behavior\ContentReplaceBehavior [ RunTime:0.000990s ]
INFO: [ template_filter ] --END-- [ RunTime:0.001378s ]
NOTIC: [8] Undefined variable: cat_list /root/www/admin.think.com/Application/Runtime/Cache/Admin/7d1d5bace63309a30d7fa816c9ee73e6.php 第 29 行.
NOTIC: [8] Undefined variable: brand_list /root/www/admin.think.com/Application/Runtime/Cache/Admin/7d1d5bace63309a30d7fa816c9ee73e6.php 第 34 行.
NOTIC: [8] Undefined variable: val /root/www/admin.think.com/Application/Runtime/Cache/Admin/7d1d5bace63309a30d7fa816c9ee73e6.php 第 96 行.
NOTIC: [8] Undefined variable: val /root/www/admin.think.com/Application/Runtime/Cache/Admin/7d1d5bace63309a30d7fa816c9ee73e6.php 第 96 行.
NOTIC: [8] Undefined variable: val /root/www/admin.think.com/Application/Runtime/Cache/Admin/7d1d5bace63309a30d7fa816c9ee73e6.php 第 96 行.
NOTIC: [8] Undefined variable: val /root/www/admin.think.com/Application/Runtime/Cache/Admin/7d1d5bace63309a30d7fa816c9ee73e6.php 第 96 行.
INFO: Run Behavior\ParseTemplateBehavior [ RunTime:0.055317s ]
INFO: [ view_parse ] --END-- [ RunTime:0.055611s ]
INFO: [ view_filter ] --START--
INFO: Run Behavior\WriteHtmlCacheBehavior [ RunTime:0.000484s ]
INFO: [ view_filter ] --END-- [ RunTime:0.000844s ]
INFO: [ app_end ] --START--
INFO: Run Behavior\ShowPageTraceBehavior [ RunTime:0.003128s ]
INFO: [ app_end ] --END-- [ RunTime:0.003518s ]

[ 2015-11-16T19:30:11+08:00 ] 192.168.1.4 /index.php/Admin/GoodsList/edit/id/3.html
INFO: [ app_init ] --START--
INFO: Run Behavior\BuildLiteBehavior [ RunTime:0.002000s ]
INFO: [ app_init ] --END-- [ RunTime:0.009784s ]
INFO: [ app_begin ] --START--
INFO: Run Behavior\ReadHtmlCacheBehavior [ RunTime:0.004870s ]
INFO: [ app_begin ] --END-- [ RunTime:0.006000s ]
NOTIC: [2048] Declaration of Admin\Controller\GoodsListController::view_before() should be compatible with Admin\Controller\BaseController::view_before($id = '') /root/www/admin.think.com/Application/Admin/Controller/GoodsListController.class.php 第 7 行.
INFO: [ action_begin ] --START--
INFO: Run \Admin\Behavior\CheckPermissionBehavior [ RunTime:0.001612s ]
NOTIC: [2048] Declaration of Admin\Model\GoodsListModel::add() should be compatible with Think\Model::add($data = '', $options = Array, $replace = false) /root/www/admin.think.com/Application/Admin/Model/GoodsListModel.class.php 第 8 行.
NOTIC: [2048] Declaration of Admin\Model\GoodsListModel::save() should be compatible with Think\Model::save($data = '', $options = Array) /root/www/admin.think.com/Application/Admin/Model/GoodsListModel.class.php 第 8 行.
SQL: SHOW COLUMNS FROM `shop_goods_list` [ RunTime:0.0107s ]
SQL: SELECT * FROM `shop_goods_list` WHERE `id` = 3 LIMIT 1   [ RunTime:0.0032s ]
NOTIC: [2048] Declaration of Admin\Model\GoodsCategoryModel::add() should be compatible with Think\Model::add($data = '', $options = Array, $replace = false) /root/www/admin.think.com/Application/Admin/Model/GoodsCategoryModel.class.php 第 75 行.
NOTIC: [2048] Declaration of Admin\Model\GoodsCategoryModel::save() should be compatible with Think\Model::save($data = '', $options = Array) /root/www/admin.think.com/Application/Admin/Model/GoodsCategoryModel.class.php 第 75 行.
SQL: SHOW COLUMNS FROM `shop_goods_category` [ RunTime:0.0085s ]
SQL: SELECT * FROM `shop_goods_category` WHERE ( status>=0 ) ORDER BY lft  [ RunTime:0.0020s ]
SQL: SHOW COLUMNS FROM `shop_brand` [ RunTime:0.0035s ]
SQL: SELECT * FROM `shop_brand` WHERE `status` >= 0  [ RunTime:0.0010s ]
SQL: SHOW COLUMNS FROM `shop_goods` [ RunTime:0.0020s ]
SQL: SELECT * FROM `shop_goods` WHERE `status` >= 0  [ RunTime:0.0014s ]
SQL: SHOW COLUMNS FROM `shop_member_level` [ RunTime:0.0063s ]
SQL: SELECT `id`,`name` FROM `shop_member_level` WHERE `status` >= 0  [ RunTime:0.0037s ]
SQL: SHOW COLUMNS FROM `shop_goods_intro` [ RunTime:0.0029s ]
SQL: SELECT `intro` FROM `shop_goods_intro` WHERE `goods_id` = 3 LIMIT 1   [ RunTime:0.0007s ]
SQL: SHOW COLUMNS FROM `shop_goods_galler` [ RunTime:0.0028s ]
SQL: SELECT `id`,`path` FROM `shop_goods_galler` WHERE `goods_id` = 3  [ RunTime:0.0018s ]
SQL: SHOW COLUMNS FROM `shop_goods_article` [ RunTime:0.0022s ]
SQL: SELECT  a.id,a.name  FROM shop_goods_article as ga  join shop_article as a on ga.article_id = a.id  where  ga.goods_id = 3; [ RunTime:0.0017s ]
SQL: SHOW COLUMNS FROM `shop_member_price` [ RunTime:0.0082s ]
SQL: SELECT * FROM `shop_member_price` WHERE `goods_id` = 3  [ RunTime:0.0019s ]
INFO: [ view_parse ] --START--
INFO: [ template_filter ] --START--
INFO: Run Behavior\ContentReplaceBehavior [ RunTime:0.002000s ]
INFO: [ template_filter ] --END-- [ RunTime:0.004000s ]
NOTIC: [8] Undefined variable: url /root/www/admin.think.com/Application/Runtime/Cache/Admin/04ae27f9d649d9892f910e7846868cb0.php 第 33 行.
INFO: Run Behavior\ParseTemplateBehavior [ RunTime:0.063255s ]
INFO: [ view_parse ] --END-- [ RunTime:0.064302s ]
INFO: [ view_filter ] --START--
INFO: Run Behavior\WriteHtmlCacheBehavior [ RunTime:0.004000s ]
INFO: [ view_filter ] --END-- [ RunTime:0.006000s ]
INFO: [ app_end ] --START--
INFO: Run Behavior\ShowPageTraceBehavior [ RunTime:0.003000s ]
INFO: [ app_end ] --END-- [ RunTime:0.006000s ]

[ 2015-11-16T19:30:13+08:00 ] 192.168.1.4 /index.php/Admin/GoodsList/edit/id/
INFO: [ app_init ] --START--
INFO: Run Behavior\BuildLiteBehavior [ RunTime:0.000291s ]
INFO: [ app_init ] --END-- [ RunTime:0.001000s ]
INFO: [ app_begin ] --START--
INFO: Run Behavior\ReadHtmlCacheBehavior [ RunTime:0.000789s ]
INFO: [ app_begin ] --END-- [ RunTime:0.001415s ]
NOTIC: [2048] Declaration of Admin\Controller\GoodsListController::view_before() should be compatible with Admin\Controller\BaseController::view_before($id = '') /root/www/admin.think.com/Application/Admin/Controller/GoodsListController.class.php 第 7 行.
INFO: [ action_begin ] --START--
INFO: Run \Admin\Behavior\CheckPermissionBehavior [ RunTime:0.000406s ]
NOTIC: [2048] Declaration of Admin\Model\GoodsListModel::add() should be compatible with Think\Model::add($data = '', $options = Array, $replace = false) /root/www/admin.think.com/Application/Admin/Model/GoodsListModel.class.php 第 8 行.
NOTIC: [2048] Declaration of Admin\Model\GoodsListModel::save() should be compatible with Think\Model::save($data = '', $options = Array) /root/www/admin.think.com/Application/Admin/Model/GoodsListModel.class.php 第 8 行.
SQL: SHOW COLUMNS FROM `shop_goods_list` [ RunTime:0.0015s ]
SQL: SELECT * FROM `shop_goods_list` WHERE `id` = 0 LIMIT 1   [ RunTime:0.0017s ]
NOTIC: [2048] Declaration of Admin\Model\GoodsCategoryModel::add() should be compatible with Think\Model::add($data = '', $options = Array, $replace = false) /root/www/admin.think.com/Application/Admin/Model/GoodsCategoryModel.class.php 第 75 行.
NOTIC: [2048] Declaration of Admin\Model\GoodsCategoryModel::save() should be compatible with Think\Model::save($data = '', $options = Array) /root/www/admin.think.com/Application/Admin/Model/GoodsCategoryModel.class.php 第 75 行.
SQL: SHOW COLUMNS FROM `shop_goods_category` [ RunTime:0.0016s ]
SQL: SELECT * FROM `shop_goods_category` WHERE ( status>=0 ) ORDER BY lft  [ RunTime:0.0007s ]
SQL: SHOW COLUMNS FROM `shop_brand` [ RunTime:0.0028s ]
SQL: SELECT * FROM `shop_brand` WHERE `status` >= 0  [ RunTime:0.0005s ]
SQL: SHOW COLUMNS FROM `shop_goods` [ RunTime:0.0023s ]
SQL: SELECT * FROM `shop_goods` WHERE `status` >= 0  [ RunTime:0.0004s ]
SQL: SHOW COLUMNS FROM `shop_member_level` [ RunTime:0.0033s ]
SQL: SELECT `id`,`name` FROM `shop_member_level` WHERE `status` >= 0  [ RunTime:0.0009s ]
SQL: SHOW COLUMNS FROM `shop_goods_intro` [ RunTime:0.0008s ]
SQL: SELECT `intro` FROM `shop_goods_intro` WHERE `goods_id` = 0 LIMIT 1   [ RunTime:0.0017s ]
SQL: SHOW COLUMNS FROM `shop_goods_galler` [ RunTime:0.0018s ]
SQL: SELECT `id`,`path` FROM `shop_goods_galler` WHERE `goods_id` = 0  [ RunTime:0.0005s ]
SQL: SHOW COLUMNS FROM `shop_goods_article` [ RunTime:0.0021s ]
ERR: 1054:Unknown column 'index.php' in 'where clause'
 [ SQL语句 ] : SELECT  a.id,a.name  FROM shop_goods_article as ga  join shop_article as a on ga.article_id = a.id  where  ga.goods_id = index.php;
ERR: 1054:Unknown column 'index.php' in 'where clause'
 [ SQL语句 ] : SELECT  a.id,a.name  FROM shop_goods_article as ga  join shop_article as a on ga.article_id = a.id  where  ga.goods_id = index.php;

[ 2015-11-16T19:30:16+08:00 ] 192.168.1.4 /index.php/Admin/GoodsList/edit/id/
INFO: [ app_init ] --START--
INFO: Run Behavior\BuildLiteBehavior [ RunTime:0.001000s ]
INFO: [ app_init ] --END-- [ RunTime:0.003000s ]
INFO: [ app_begin ] --START--
INFO: Run Behavior\ReadHtmlCacheBehavior [ RunTime:0.002000s ]
INFO: [ app_begin ] --END-- [ RunTime:0.004000s ]
NOTIC: [2048] Declaration of Admin\Controller\GoodsListController::view_before() should be compatible with Admin\Controller\BaseController::view_before($id = '') /root/www/admin.think.com/Application/Admin/Controller/GoodsListController.class.php 第 7 行.
INFO: [ action_begin ] --START--
INFO: Run \Admin\Behavior\CheckPermissionBehavior [ RunTime:0.003000s ]
NOTIC: [2048] Declaration of Admin\Model\GoodsListModel::add() should be compatible with Think\Model::add($data = '', $options = Array, $replace = false) /root/www/admin.think.com/Application/Admin/Model/GoodsListModel.class.php 第 8 行.
NOTIC: [2048] Declaration of Admin\Model\GoodsListModel::save() should be compatible with Think\Model::save($data = '', $options = Array) /root/www/admin.think.com/Application/Admin/Model/GoodsListModel.class.php 第 8 行.
SQL: SHOW COLUMNS FROM `shop_goods_list` [ RunTime:0.0336s ]
SQL: SELECT * FROM `shop_goods_list` WHERE `id` = 0 LIMIT 1   [ RunTime:0.0008s ]
NOTIC: [2048] Declaration of Admin\Model\GoodsCategoryModel::add() should be compatible with Think\Model::add($data = '', $options = Array, $replace = false) /root/www/admin.think.com/Application/Admin/Model/GoodsCategoryModel.class.php 第 75 行.
NOTIC: [2048] Declaration of Admin\Model\GoodsCategoryModel::save() should be compatible with Think\Model::save($data = '', $options = Array) /root/www/admin.think.com/Application/Admin/Model/GoodsCategoryModel.class.php 第 75 行.
SQL: SHOW COLUMNS FROM `shop_goods_category` [ RunTime:0.0011s ]
SQL: SELECT * FROM `shop_goods_category` WHERE ( status>=0 ) ORDER BY lft  [ RunTime:0.0014s ]
SQL: SHOW COLUMNS FROM `shop_brand` [ RunTime:0.0014s ]
SQL: SELECT * FROM `shop_brand` WHERE `status` >= 0  [ RunTime:0.0010s ]
SQL: SHOW COLUMNS FROM `shop_goods` [ RunTime:0.0012s ]
SQL: SELECT * FROM `shop_goods` WHERE `status` >= 0  [ RunTime:0.0021s ]
SQL: SHOW COLUMNS FROM `shop_member_level` [ RunTime:0.0036s ]
SQL: SELECT `id`,`name` FROM `shop_member_level` WHERE `status` >= 0  [ RunTime:0.0006s ]
SQL: SHOW COLUMNS FROM `shop_goods_intro` [ RunTime:0.0055s ]
SQL: SELECT `intro` FROM `shop_goods_intro` WHERE `goods_id` = 0 LIMIT 1   [ RunTime:0.0012s ]
SQL: SHOW COLUMNS FROM `shop_goods_galler` [ RunTime:0.0028s ]
SQL: SELECT `id`,`path` FROM `shop_goods_galler` WHERE `goods_id` = 0  [ RunTime:0.0011s ]
SQL: SHOW COLUMNS FROM `shop_goods_article` [ RunTime:0.0022s ]
ERR: 1054:Unknown column 'index.php' in 'where clause'
 [ SQL语句 ] : SELECT  a.id,a.name  FROM shop_goods_article as ga  join shop_article as a on ga.article_id = a.id  where  ga.goods_id = index.php;
ERR: 1054:Unknown column 'index.php' in 'where clause'
 [ SQL语句 ] : SELECT  a.id,a.name  FROM shop_goods_article as ga  join shop_article as a on ga.article_id = a.id  where  ga.goods_id = index.php;

[ 2015-11-16T19:30:33+08:00 ] 192.168.1.4 /index.php/Admin/GoodsList/edit.html
INFO: [ app_init ] --START--
INFO: Run Behavior\BuildLiteBehavior [ RunTime:0.000158s ]
INFO: [ app_init ] --END-- [ RunTime:0.000862s ]
INFO: [ app_begin ] --START--
INFO: Run Behavior\ReadHtmlCacheBehavior [ RunTime:0.000628s ]
INFO: [ app_begin ] --END-- [ RunTime:0.000750s ]
NOTIC: [2048] Declaration of Admin\Controller\GoodsListController::view_before() should be compatible with Admin\Controller\BaseController::view_before($id = '') /root/www/admin.think.com/Application/Admin/Controller/GoodsListController.class.php 第 7 行.
INFO: [ action_begin ] --START--
INFO: Run \Admin\Behavior\CheckPermissionBehavior [ RunTime:0.000475s ]
NOTIC: [2048] Declaration of Admin\Model\GoodsListModel::add() should be compatible with Think\Model::add($data = '', $options = Array, $replace = false) /root/www/admin.think.com/Application/Admin/Model/GoodsListModel.class.php 第 8 行.
NOTIC: [2048] Declaration of Admin\Model\GoodsListModel::save() should be compatible with Think\Model::save($data = '', $options = Array) /root/www/admin.think.com/Application/Admin/Model/GoodsListModel.class.php 第 8 行.
SQL: SHOW COLUMNS FROM `shop_goods_list` [ RunTime:0.0009s ]
SQL: UPDATE `shop_goods_list` SET `name`='冰箱',`sn`='2015111500000003',`goods_category_id`='16',`brand_id`='9',`supplier_id`='8',`shop_price`='222.00',`market_price`='222.00',`stock`='22',`is_on_sale`='1',`goods_status`='15',`keyword`='',`logo`='goods/2015-11-16/5649bdf32d535.jpg',`status`='1',`sort`='20' WHERE `id` = 3 [ RunTime:0.0008s ]
INFO: [ view_parse ] --START--
INFO: [ template_filter ] --START--
INFO: Run Behavior\ContentReplaceBehavior [ RunTime:0.000540s ]
INFO: [ template_filter ] --END-- [ RunTime:0.000907s ]
INFO: Run Behavior\ParseTemplateBehavior [ RunTime:0.006431s ]
INFO: [ view_parse ] --END-- [ RunTime:0.006588s ]
INFO: [ view_filter ] --START--
INFO: Run Behavior\WriteHtmlCacheBehavior [ RunTime:0.000278s ]
INFO: [ view_filter ] --END-- [ RunTime:0.000420s ]
INFO: [ app_end ] --START--
INFO: Run Behavior\ShowPageTraceBehavior [ RunTime:0.000407s ]
INFO: [ app_end ] --END-- [ RunTime:0.000483s ]

[ 2015-11-16T19:30:34+08:00 ] 192.168.1.4 /index.php/Admin/GoodsList/goods.html
INFO: [ app_init ] --START--
INFO: Run Behavior\BuildLiteBehavior [ RunTime:0.000136s ]
INFO: [ app_init ] --END-- [ RunTime:0.000556s ]
INFO: [ app_begin ] --START--
INFO: Run Behavior\ReadHtmlCacheBehavior [ RunTime:0.000294s ]
INFO: [ app_begin ] --END-- [ RunTime:0.000519s ]
NOTIC: [2048] Declaration of Admin\Controller\GoodsListController::view_before() should be compatible with Admin\Controller\BaseController::view_before($id = '') /root/www/admin.think.com/Application/Admin/Controller/GoodsListController.class.php 第 7 行.
INFO: [ action_begin ] --START--
INFO: Run \Admin\Behavior\CheckPermissionBehavior [ RunTime:0.000395s ]
NOTIC: [2048] Declaration of Admin\Model\GoodsListModel::add() should be compatible with Think\Model::add($data = '', $options = Array, $replace = false) /root/www/admin.think.com/Application/Admin/Model/GoodsListModel.class.php 第 8 行.
NOTIC: [2048] Declaration of Admin\Model\GoodsListModel::save() should be compatible with Think\Model::save($data = '', $options = Array) /root/www/admin.think.com/Application/Admin/Model/GoodsListModel.class.php 第 8 行.
SQL: SHOW COLUMNS FROM `shop_goods_list` [ RunTime:0.0015s ]
SQL: SELECT COUNT(*) AS tp_count FROM `shop_goods_list` WHERE `status` <> -1 LIMIT 1   [ RunTime:0.0007s ]
SQL: SELECT * FROM `shop_goods_list` WHERE `status` <> -1 LIMIT 0,10   [ RunTime:0.0008s ]
NOTIC: [8] Undefined index: list /root/www/admin.think.com/Application/Admin/Controller/BaseController.class.php 第 45 行.
INFO: [ view_parse ] --START--
INFO: [ template_filter ] --START--
INFO: Run Behavior\ContentReplaceBehavior [ RunTime:0.000234s ]
INFO: [ template_filter ] --END-- [ RunTime:0.000427s ]
NOTIC: [8] Undefined variable: cat_list /root/www/admin.think.com/Application/Runtime/Cache/Admin/7d1d5bace63309a30d7fa816c9ee73e6.php 第 29 行.
NOTIC: [8] Undefined variable: brand_list /root/www/admin.think.com/Application/Runtime/Cache/Admin/7d1d5bace63309a30d7fa816c9ee73e6.php 第 34 行.
NOTIC: [8] Undefined variable: val /root/www/admin.think.com/Application/Runtime/Cache/Admin/7d1d5bace63309a30d7fa816c9ee73e6.php 第 96 行.
NOTIC: [8] Undefined variable: val /root/www/admin.think.com/Application/Runtime/Cache/Admin/7d1d5bace63309a30d7fa816c9ee73e6.php 第 96 行.
NOTIC: [8] Undefined variable: val /root/www/admin.think.com/Application/Runtime/Cache/Admin/7d1d5bace63309a30d7fa816c9ee73e6.php 第 96 行.
NOTIC: [8] Undefined variable: val /root/www/admin.think.com/Application/Runtime/Cache/Admin/7d1d5bace63309a30d7fa816c9ee73e6.php 第 96 行.
INFO: Run Behavior\ParseTemplateBehavior [ RunTime:0.016572s ]
INFO: [ view_parse ] --END-- [ RunTime:0.016705s ]
INFO: [ view_filter ] --START--
INFO: Run Behavior\WriteHtmlCacheBehavior [ RunTime:0.000298s ]
INFO: [ view_filter ] --END-- [ RunTime:0.000477s ]
INFO: [ app_end ] --START--
INFO: Run Behavior\ShowPageTraceBehavior [ RunTime:0.000682s ]
INFO: [ app_end ] --END-- [ RunTime:0.000826s ]

