[ 2015-11-06T20:58:19+08:00 ] 192.168.1.139 /index.php
INFO: [ app_init ] --START--
INFO: Run Behavior\BuildLiteBehavior [ RunTime:0.000035s ]
INFO: [ app_init ] --END-- [ RunTime:0.000875s ]
INFO: [ app_begin ] --START--
INFO: Run Behavior\ReadHtmlCacheBehavior [ RunTime:0.000972s ]
INFO: [ app_begin ] --END-- [ RunTime:0.001076s ]
INFO: [ view_parse ] --START--
INFO: [ template_filter ] --START--
INFO: Run Behavior\ContentReplaceBehavior [ RunTime:0.019147s ]
INFO: [ template_filter ] --END-- [ RunTime:0.019264s ]
INFO: Run Behavior\ParseTemplateBehavior [ RunTime:0.064068s ]
INFO: [ view_parse ] --END-- [ RunTime:0.064144s ]
INFO: [ view_filter ] --START--
INFO: Run Behavior\WriteHtmlCacheBehavior [ RunTime:0.000001s ]
INFO: [ view_filter ] --END-- [ RunTime:0.000017s ]
INFO: [ app_end ] --START--
INFO: Run Behavior\ShowPageTraceBehavior [ RunTime:0.000544s ]
INFO: [ app_end ] --END-- [ RunTime:0.000610s ]

[ 2015-11-06T20:58:20+08:00 ] 192.168.1.139 /index.php?s=/Admin/Index/top.html
INFO: [ app_init ] --START--
INFO: Run Behavior\BuildLiteBehavior [ RunTime:0.001000s ]
INFO: [ app_init ] --END-- [ RunTime:0.004000s ]
INFO: [ app_begin ] --START--
INFO: Run Behavior\ReadHtmlCacheBehavior [ RunTime:0.000439s ]
INFO: [ app_begin ] --END-- [ RunTime:0.000550s ]
INFO: [ view_parse ] --START--
INFO: [ template_filter ] --START--
INFO: Run Behavior\ContentReplaceBehavior [ RunTime:0.000127s ]
INFO: [ template_filter ] --END-- [ RunTime:0.000220s ]
INFO: Run Behavior\ParseTemplateBehavior [ RunTime:0.023246s ]
INFO: [ view_parse ] --END-- [ RunTime:0.024261s ]
INFO: [ view_filter ] --START--
INFO: Run Behavior\WriteHtmlCacheBehavior [ RunTime:0.001595s ]
INFO: [ view_filter ] --END-- [ RunTime:0.001676s ]
INFO: [ app_end ] --START--
INFO: Run Behavior\ShowPageTraceBehavior [ RunTime:0.036718s ]
INFO: [ app_end ] --END-- [ RunTime:0.036803s ]

[ 2015-11-06T20:58:20+08:00 ] 192.168.1.139 /index.php?s=/Admin/Index/menu.html
INFO: [ app_init ] --START--
INFO: Run Behavior\BuildLiteBehavior [ RunTime:0.000027s ]
INFO: [ app_init ] --END-- [ RunTime:0.000470s ]
INFO: [ app_begin ] --START--
INFO: Run Behavior\ReadHtmlCacheBehavior [ RunTime:0.000641s ]
INFO: [ app_begin ] --END-- [ RunTime:0.000692s ]
INFO: [ view_parse ] --START--
INFO: [ template_filter ] --START--
INFO: Run Behavior\ContentReplaceBehavior [ RunTime:0.001000s ]
INFO: [ template_filter ] --END-- [ RunTime:0.003000s ]
INFO: Run Behavior\ParseTemplateBehavior [ RunTime:0.043446s ]
INFO: [ view_parse ] --END-- [ RunTime:0.044475s ]
INFO: [ view_filter ] --START--
INFO: Run Behavior\WriteHtmlCacheBehavior [ RunTime:0.002000s ]
INFO: [ view_filter ] --END-- [ RunTime:0.006929s ]
INFO: [ app_end ] --START--
INFO: Run Behavior\ShowPageTraceBehavior [ RunTime:0.002849s ]
INFO: [ app_end ] --END-- [ RunTime:0.002984s ]

[ 2015-11-06T20:58:21+08:00 ] 192.168.1.139 /index.php?s=/Admin/Index/main.html
INFO: [ app_init ] --START--
INFO: Run Behavior\BuildLiteBehavior [ RunTime:0.000000s ]
INFO: [ app_init ] --END-- [ RunTime:1.264644s ]
INFO: [ app_begin ] --START--
INFO: Run Behavior\ReadHtmlCacheBehavior [ RunTime:0.000369s ]
INFO: [ app_begin ] --END-- [ RunTime:0.000455s ]
INFO: [ view_parse ] --START--
INFO: [ template_filter ] --START--
INFO: Run Behavior\ContentReplaceBehavior [ RunTime:0.000163s ]
INFO: [ template_filter ] --END-- [ RunTime:0.000256s ]
INFO: Run Behavior\ParseTemplateBehavior [ RunTime:0.011739s ]
INFO: [ view_parse ] --END-- [ RunTime:0.011767s ]
INFO: [ view_filter ] --START--
INFO: Run Behavior\WriteHtmlCacheBehavior [ RunTime:0.000051s ]
INFO: [ view_filter ] --END-- [ RunTime:0.000122s ]
INFO: [ app_end ] --START--
INFO: Run Behavior\ShowPageTraceBehavior [ RunTime:0.000696s ]
INFO: [ app_end ] --END-- [ RunTime:0.000765s ]

[ 2015-11-06T20:58:41+08:00 ] 192.168.1.139 /index.php?s=/Admin/Goods/goods.html
INFO: [ app_init ] --START--
INFO: Run Behavior\BuildLiteBehavior [ RunTime:0.000028s ]
INFO: [ app_init ] --END-- [ RunTime:0.000669s ]
INFO: [ app_begin ] --START--
INFO: Run Behavior\ReadHtmlCacheBehavior [ RunTime:0.000575s ]
INFO: [ app_begin ] --END-- [ RunTime:0.000673s ]
SQL: SHOW COLUMNS FROM `shop_goods` [ RunTime:2.9970s ]
SQL: SELECT COUNT(*) AS tp_count FROM `shop_goods` WHERE `status` <> -1 LIMIT 1   [ RunTime:0.7042s ]
SQL: SELECT * FROM `shop_goods` WHERE `status` <> -1 LIMIT 0,2   [ RunTime:0.0947s ]
NOTIC: [8] Undefined index: list /root/www/admin.think.com/Application/Admin/Controller/BaseController.class.php 第 44 行.
INFO: [ view_parse ] --START--
INFO: [ template_filter ] --START--
INFO: Run Behavior\ContentReplaceBehavior [ RunTime:0.000172s ]
INFO: [ template_filter ] --END-- [ RunTime:0.000235s ]
NOTIC: [8] Undefined variable: cat_list /root/www/admin.think.com/Application/Runtime/Cache/Admin/69f80055448b2cce37712752515d7567.php 第 29 行.
NOTIC: [8] Undefined variable: brand_list /root/www/admin.think.com/Application/Runtime/Cache/Admin/69f80055448b2cce37712752515d7567.php 第 34 行.
NOTIC: [8] Undefined variable: shuju /root/www/admin.think.com/Application/Runtime/Cache/Admin/69f80055448b2cce37712752515d7567.php 第 70 行.
NOTIC: [8] Undefined index: goods_id /root/www/admin.think.com/Application/Runtime/Cache/Admin/69f80055448b2cce37712752515d7567.php 第 80 行.
NOTIC: [8] Undefined index: goods_id /root/www/admin.think.com/Application/Runtime/Cache/Admin/69f80055448b2cce37712752515d7567.php 第 80 行.
INFO: Run Behavior\ParseTemplateBehavior [ RunTime:0.661176s ]
INFO: [ view_parse ] --END-- [ RunTime:0.661236s ]
INFO: [ view_filter ] --START--
INFO: Run Behavior\WriteHtmlCacheBehavior [ RunTime:0.000192s ]
INFO: [ view_filter ] --END-- [ RunTime:0.000229s ]
INFO: [ app_end ] --START--
INFO: Run Behavior\ShowPageTraceBehavior [ RunTime:0.000353s ]
INFO: [ app_end ] --END-- [ RunTime:0.000372s ]

[ 2015-11-06T20:59:08+08:00 ] 192.168.1.139 /index.php?s=/Admin/Hao/hao.html
INFO: [ app_init ] --START--
INFO: Run Behavior\BuildLiteBehavior [ RunTime:0.000059s ]
INFO: [ app_init ] --END-- [ RunTime:0.001653s ]
INFO: [ app_begin ] --START--
INFO: Run Behavior\ReadHtmlCacheBehavior [ RunTime:0.000613s ]
INFO: [ app_begin ] --END-- [ RunTime:0.000667s ]
ERR: 非法操作:hao

[ 2015-11-06T20:59:22+08:00 ] 192.168.1.139 /index.php?s=/Admin/Hao/index.html
INFO: [ app_init ] --START--
INFO: Run Behavior\BuildLiteBehavior [ RunTime:0.000404s ]
INFO: [ app_init ] --END-- [ RunTime:0.000969s ]
INFO: [ app_begin ] --START--
INFO: Run Behavior\ReadHtmlCacheBehavior [ RunTime:0.000720s ]
INFO: [ app_begin ] --END-- [ RunTime:0.000802s ]
ERR: 模板不存在:/root/www/admin.think.com/Application/Admin/View/Hao/hao.html

[ 2015-11-06T21:00:21+08:00 ] 192.168.1.139 /index.php?s=/Admin/Hao/index.html
INFO: [ app_init ] --START--
INFO: Run Behavior\BuildLiteBehavior [ RunTime:0.000018s ]
INFO: [ app_init ] --END-- [ RunTime:0.000392s ]
INFO: [ app_begin ] --START--
INFO: Run Behavior\ReadHtmlCacheBehavior [ RunTime:0.000512s ]
INFO: [ app_begin ] --END-- [ RunTime:0.000572s ]
INFO: [ view_parse ] --START--
INFO: [ template_filter ] --START--
INFO: Run Behavior\ContentReplaceBehavior [ RunTime:0.000074s ]
INFO: [ template_filter ] --END-- [ RunTime:0.000151s ]
INFO: Run Behavior\ParseTemplateBehavior [ RunTime:0.028411s ]
INFO: [ view_parse ] --END-- [ RunTime:0.028547s ]
INFO: [ view_filter ] --START--
INFO: Run Behavior\WriteHtmlCacheBehavior [ RunTime:0.000198s ]
INFO: [ view_filter ] --END-- [ RunTime:0.000235s ]
INFO: [ app_end ] --START--
INFO: Run Behavior\ShowPageTraceBehavior [ RunTime:0.002807s ]
INFO: [ app_end ] --END-- [ RunTime:0.003155s ]

[ 2015-11-06T22:10:45+08:00 ] 192.168.1.139 /index.php?s=/Admin/Hao/index.html
INFO: [ app_init ] --START--
INFO: Run Behavior\BuildLiteBehavior [ RunTime:0.000021s ]
INFO: [ app_init ] --END-- [ RunTime:0.000379s ]
INFO: [ app_begin ] --START--
INFO: Run Behavior\ReadHtmlCacheBehavior [ RunTime:0.000454s ]
INFO: [ app_begin ] --END-- [ RunTime:0.000529s ]
INFO: [ view_parse ] --START--
INFO: [ template_filter ] --START--
INFO: Run Behavior\ContentReplaceBehavior [ RunTime:0.000039s ]
INFO: [ template_filter ] --END-- [ RunTime:0.000081s ]
INFO: Run Behavior\ParseTemplateBehavior [ RunTime:0.010261s ]
INFO: [ view_parse ] --END-- [ RunTime:0.010373s ]
INFO: [ view_filter ] --START--
INFO: Run Behavior\WriteHtmlCacheBehavior [ RunTime:0.000231s ]
INFO: [ view_filter ] --END-- [ RunTime:0.000270s ]
INFO: [ app_end ] --START--
INFO: Run Behavior\ShowPageTraceBehavior [ RunTime:0.006255s ]
INFO: [ app_end ] --END-- [ RunTime:0.006677s ]

[ 2015-11-06T22:39:15+08:00 ] 192.168.1.139 /index.php?s=/Admin/Brand/goods.html
INFO: [ app_init ] --START--
INFO: Run Behavior\BuildLiteBehavior [ RunTime:0.000032s ]
INFO: [ app_init ] --END-- [ RunTime:0.000566s ]
INFO: [ app_begin ] --START--
INFO: Run Behavior\ReadHtmlCacheBehavior [ RunTime:0.000323s ]
INFO: [ app_begin ] --END-- [ RunTime:0.000438s ]
SQL: SHOW COLUMNS FROM `shop_brand` [ RunTime:0.0137s ]
SQL: SELECT COUNT(*) AS tp_count FROM `shop_brand` WHERE `status` <> -1 LIMIT 1   [ RunTime:0.0015s ]
SQL: SELECT * FROM `shop_brand` WHERE `status` <> -1 LIMIT 0,2   [ RunTime:0.0004s ]
NOTIC: [8] Undefined index: list /root/www/admin.think.com/Application/Admin/Controller/BaseController.class.php 第 44 行.
INFO: [ view_parse ] --START--
INFO: [ template_filter ] --START--
INFO: Run Behavior\ContentReplaceBehavior [ RunTime:0.000181s ]
INFO: [ template_filter ] --END-- [ RunTime:0.000772s ]
NOTIC: [8] Undefined variable: cat_list /root/www/admin.think.com/Application/Runtime/Cache/Admin/e346241ca05916a049415f37ba9a6a8f.php 第 29 行.
NOTIC: [8] Undefined variable: brand_list /root/www/admin.think.com/Application/Runtime/Cache/Admin/e346241ca05916a049415f37ba9a6a8f.php 第 34 行.
NOTIC: [8] Undefined variable: shuju /root/www/admin.think.com/Application/Runtime/Cache/Admin/e346241ca05916a049415f37ba9a6a8f.php 第 64 行.
NOTIC: [8] Undefined variable: val /root/www/admin.think.com/Application/Runtime/Cache/Admin/e346241ca05916a049415f37ba9a6a8f.php 第 75 行.
NOTIC: [8] Undefined variable: val /root/www/admin.think.com/Application/Runtime/Cache/Admin/e346241ca05916a049415f37ba9a6a8f.php 第 75 行.
INFO: Run Behavior\ParseTemplateBehavior [ RunTime:0.015174s ]
INFO: [ view_parse ] --END-- [ RunTime:0.015861s ]
INFO: [ view_filter ] --START--
INFO: Run Behavior\WriteHtmlCacheBehavior [ RunTime:0.000376s ]
INFO: [ view_filter ] --END-- [ RunTime:0.000495s ]
INFO: [ app_end ] --START--
INFO: Run Behavior\ShowPageTraceBehavior [ RunTime:0.001078s ]
INFO: [ app_end ] --END-- [ RunTime:0.001138s ]

[ 2015-11-06T22:39:18+08:00 ] 192.168.1.139 /index.php?s=/Admin/Brand/add.html
INFO: [ app_init ] --START--
INFO: Run Behavior\BuildLiteBehavior [ RunTime:0.000029s ]
INFO: [ app_init ] --END-- [ RunTime:0.000514s ]
INFO: [ app_begin ] --START--
INFO: Run Behavior\ReadHtmlCacheBehavior [ RunTime:0.000527s ]
INFO: [ app_begin ] --END-- [ RunTime:0.000617s ]
SQL: SHOW COLUMNS FROM `shop_brand` [ RunTime:0.0005s ]
INFO: [ view_parse ] --START--
INFO: [ template_filter ] --START--
INFO: Run Behavior\ContentReplaceBehavior [ RunTime:0.000186s ]
INFO: [ template_filter ] --END-- [ RunTime:0.000289s ]
NOTIC: [8] Undefined variable: name /root/www/admin.think.com/Application/Runtime/Cache/Admin/f0554bf02703e0d58b71735b04d5c4b6.php 第 30 行.
NOTIC: [8] Undefined variable: urll /root/www/admin.think.com/Application/Runtime/Cache/Admin/f0554bf02703e0d58b71735b04d5c4b6.php 第 37 行.
NOTIC: [8] Undefined variable: logo /root/www/admin.think.com/Application/Runtime/Cache/Admin/f0554bf02703e0d58b71735b04d5c4b6.php 第 44 行.
NOTIC: [8] Undefined variable: logo /root/www/admin.think.com/Application/Runtime/Cache/Admin/f0554bf02703e0d58b71735b04d5c4b6.php 第 45 行.
NOTIC: [8] Undefined variable: logo /root/www/admin.think.com/Application/Runtime/Cache/Admin/f0554bf02703e0d58b71735b04d5c4b6.php 第 46 行.
NOTIC: [8] Undefined variable: logo /root/www/admin.think.com/Application/Runtime/Cache/Admin/f0554bf02703e0d58b71735b04d5c4b6.php 第 47 行.
NOTIC: [8] Undefined variable: intro /root/www/admin.think.com/Application/Runtime/Cache/Admin/f0554bf02703e0d58b71735b04d5c4b6.php 第 56 行.
NOTIC: [8] Undefined variable: sort /root/www/admin.think.com/Application/Runtime/Cache/Admin/f0554bf02703e0d58b71735b04d5c4b6.php 第 70 行.
NOTIC: [8] Undefined variable: id /root/www/admin.think.com/Application/Runtime/Cache/Admin/f0554bf02703e0d58b71735b04d5c4b6.php 第 76 行.
INFO: Run Behavior\ParseTemplateBehavior [ RunTime:0.012416s ]
INFO: [ view_parse ] --END-- [ RunTime:0.012468s ]
INFO: [ view_filter ] --START--
INFO: Run Behavior\WriteHtmlCacheBehavior [ RunTime:0.000107s ]
INFO: [ view_filter ] --END-- [ RunTime:0.000217s ]
INFO: [ app_end ] --START--
INFO: Run Behavior\ShowPageTraceBehavior [ RunTime:0.000682s ]
INFO: [ app_end ] --END-- [ RunTime:0.000758s ]

[ 2015-11-06T22:39:41+08:00 ] 192.168.1.139 /index.php?s=/Admin/Upload/index.html
INFO: [ app_init ] --START--
INFO: Run Behavior\BuildLiteBehavior [ RunTime:0.000021s ]
INFO: [ app_init ] --END-- [ RunTime:0.000368s ]
INFO: [ app_begin ] --START--
INFO: Run Behavior\ReadHtmlCacheBehavior [ RunTime:0.001469s ]
INFO: [ app_begin ] --END-- [ RunTime:0.001594s ]
NOTIC: [2] call_user_func() expects parameter 1 to be a valid callback, no array or string given /root/www/ThinkPHP/Library/Think/Upload.class.php 第 182 行.
INFO: [ app_end ] --START--
INFO: Run Behavior\ShowPageTraceBehavior [ RunTime:0.000352s ]
INFO: [ app_end ] --END-- [ RunTime:0.000424s ]

[ 2015-11-06T22:41:22+08:00 ] 192.168.1.139 /index.php?s=/Admin/Brand/add.html
INFO: [ app_init ] --START--
INFO: Run Behavior\BuildLiteBehavior [ RunTime:0.000023s ]
INFO: [ app_init ] --END-- [ RunTime:0.000474s ]
INFO: [ app_begin ] --START--
INFO: Run Behavior\ReadHtmlCacheBehavior [ RunTime:0.000650s ]
INFO: [ app_begin ] --END-- [ RunTime:0.000731s ]
SQL: SHOW COLUMNS FROM `shop_brand` [ RunTime:0.0007s ]
INFO: [ view_parse ] --START--
INFO: [ template_filter ] --START--
INFO: Run Behavior\ContentReplaceBehavior [ RunTime:0.000149s ]
INFO: [ template_filter ] --END-- [ RunTime:0.000252s ]
NOTIC: [8] Undefined variable: name /root/www/admin.think.com/Application/Runtime/Cache/Admin/f0554bf02703e0d58b71735b04d5c4b6.php 第 30 行.
NOTIC: [8] Undefined variable: urll /root/www/admin.think.com/Application/Runtime/Cache/Admin/f0554bf02703e0d58b71735b04d5c4b6.php 第 37 行.
NOTIC: [8] Undefined variable: logo /root/www/admin.think.com/Application/Runtime/Cache/Admin/f0554bf02703e0d58b71735b04d5c4b6.php 第 44 行.
NOTIC: [8] Undefined variable: logo /root/www/admin.think.com/Application/Runtime/Cache/Admin/f0554bf02703e0d58b71735b04d5c4b6.php 第 45 行.
NOTIC: [8] Undefined variable: logo /root/www/admin.think.com/Application/Runtime/Cache/Admin/f0554bf02703e0d58b71735b04d5c4b6.php 第 46 行.
NOTIC: [8] Undefined variable: logo /root/www/admin.think.com/Application/Runtime/Cache/Admin/f0554bf02703e0d58b71735b04d5c4b6.php 第 47 行.
NOTIC: [8] Undefined variable: intro /root/www/admin.think.com/Application/Runtime/Cache/Admin/f0554bf02703e0d58b71735b04d5c4b6.php 第 56 行.
NOTIC: [8] Undefined variable: sort /root/www/admin.think.com/Application/Runtime/Cache/Admin/f0554bf02703e0d58b71735b04d5c4b6.php 第 70 行.
NOTIC: [8] Undefined variable: id /root/www/admin.think.com/Application/Runtime/Cache/Admin/f0554bf02703e0d58b71735b04d5c4b6.php 第 76 行.
INFO: Run Behavior\ParseTemplateBehavior [ RunTime:0.011478s ]
INFO: [ view_parse ] --END-- [ RunTime:0.011505s ]
INFO: [ view_filter ] --START--
INFO: Run Behavior\WriteHtmlCacheBehavior [ RunTime:0.000232s ]
INFO: [ view_filter ] --END-- [ RunTime:0.000290s ]
INFO: [ app_end ] --START--
INFO: Run Behavior\ShowPageTraceBehavior [ RunTime:0.001301s ]
INFO: [ app_end ] --END-- [ RunTime:0.001442s ]

[ 2015-11-06T22:41:26+08:00 ] 192.168.1.139 /index.php?s=/Admin/Upload/index.html
INFO: [ app_init ] --START--
INFO: Run Behavior\BuildLiteBehavior [ RunTime:0.000024s ]
INFO: [ app_init ] --END-- [ RunTime:0.000457s ]
INFO: [ app_begin ] --START--
INFO: Run Behavior\ReadHtmlCacheBehavior [ RunTime:0.000487s ]
INFO: [ app_begin ] --END-- [ RunTime:0.000556s ]
NOTIC: [2] call_user_func() expects parameter 1 to be a valid callback, no array or string given /root/www/ThinkPHP/Library/Think/Upload.class.php 第 182 行.
INFO: [ app_end ] --START--
INFO: Run Behavior\ShowPageTraceBehavior [ RunTime:0.002490s ]
INFO: [ app_end ] --END-- [ RunTime:0.003114s ]

[ 2015-11-06T22:41:58+08:00 ] 192.168.1.139 /index.php?s=/Admin/Brand/add.html
INFO: [ app_init ] --START--
INFO: Run Behavior\BuildLiteBehavior [ RunTime:0.000039s ]
INFO: [ app_init ] --END-- [ RunTime:0.001099s ]
INFO: [ app_begin ] --START--
INFO: Run Behavior\ReadHtmlCacheBehavior [ RunTime:0.001739s ]
INFO: [ app_begin ] --END-- [ RunTime:0.001837s ]
SQL: SHOW COLUMNS FROM `shop_brand` [ RunTime:0.0008s ]
INFO: [ view_parse ] --START--
INFO: [ template_filter ] --START--
INFO: Run Behavior\ContentReplaceBehavior [ RunTime:0.000193s ]
INFO: [ template_filter ] --END-- [ RunTime:0.001228s ]
NOTIC: [8] Undefined variable: name /root/www/admin.think.com/Application/Runtime/Cache/Admin/f0554bf02703e0d58b71735b04d5c4b6.php 第 30 行.
NOTIC: [8] Undefined variable: urll /root/www/admin.think.com/Application/Runtime/Cache/Admin/f0554bf02703e0d58b71735b04d5c4b6.php 第 37 行.
NOTIC: [8] Undefined variable: logo /root/www/admin.think.com/Application/Runtime/Cache/Admin/f0554bf02703e0d58b71735b04d5c4b6.php 第 44 行.
NOTIC: [8] Undefined variable: logo /root/www/admin.think.com/Application/Runtime/Cache/Admin/f0554bf02703e0d58b71735b04d5c4b6.php 第 45 行.
NOTIC: [8] Undefined variable: logo /root/www/admin.think.com/Application/Runtime/Cache/Admin/f0554bf02703e0d58b71735b04d5c4b6.php 第 46 行.
NOTIC: [8] Undefined variable: logo /root/www/admin.think.com/Application/Runtime/Cache/Admin/f0554bf02703e0d58b71735b04d5c4b6.php 第 47 行.
NOTIC: [8] Undefined variable: intro /root/www/admin.think.com/Application/Runtime/Cache/Admin/f0554bf02703e0d58b71735b04d5c4b6.php 第 56 行.
NOTIC: [8] Undefined variable: sort /root/www/admin.think.com/Application/Runtime/Cache/Admin/f0554bf02703e0d58b71735b04d5c4b6.php 第 70 行.
NOTIC: [8] Undefined variable: id /root/www/admin.think.com/Application/Runtime/Cache/Admin/f0554bf02703e0d58b71735b04d5c4b6.php 第 76 行.
INFO: Run Behavior\ParseTemplateBehavior [ RunTime:0.013679s ]
INFO: [ view_parse ] --END-- [ RunTime:0.013726s ]
INFO: [ view_filter ] --START--
INFO: Run Behavior\WriteHtmlCacheBehavior [ RunTime:0.000108s ]
INFO: [ view_filter ] --END-- [ RunTime:0.000135s ]
INFO: [ app_end ] --START--
INFO: Run Behavior\ShowPageTraceBehavior [ RunTime:0.000448s ]
INFO: [ app_end ] --END-- [ RunTime:0.000495s ]

[ 2015-11-06T22:43:08+08:00 ] 192.168.1.139 /index.php?s=/Admin/Upload/index.html
INFO: [ app_init ] --START--
INFO: Run Behavior\BuildLiteBehavior [ RunTime:0.000019s ]
INFO: [ app_init ] --END-- [ RunTime:0.000286s ]
INFO: [ app_begin ] --START--
INFO: Run Behavior\ReadHtmlCacheBehavior [ RunTime:0.000251s ]
INFO: [ app_begin ] --END-- [ RunTime:0.000274s ]
NOTIC: [2] call_user_func() expects parameter 1 to be a valid callback, no array or string given /root/www/ThinkPHP/Library/Think/Upload.class.php 第 182 行.
INFO: [ app_end ] --START--
INFO: Run Behavior\ShowPageTraceBehavior [ RunTime:0.000144s ]
INFO: [ app_end ] --END-- [ RunTime:0.000187s ]

[ 2015-11-06T23:05:29+08:00 ] 192.168.1.139 /index.php?s=/Admin/Brand/add.html
INFO: [ app_init ] --START--
INFO: Run Behavior\BuildLiteBehavior [ RunTime:0.000023s ]
INFO: [ app_init ] --END-- [ RunTime:0.000444s ]
INFO: [ app_begin ] --START--
INFO: Run Behavior\ReadHtmlCacheBehavior [ RunTime:0.000480s ]
INFO: [ app_begin ] --END-- [ RunTime:0.000548s ]
SQL: SHOW COLUMNS FROM `shop_brand` [ RunTime:0.0011s ]
INFO: [ view_parse ] --START--
INFO: [ template_filter ] --START--
INFO: Run Behavior\ContentReplaceBehavior [ RunTime:0.000130s ]
INFO: [ template_filter ] --END-- [ RunTime:0.000194s ]
NOTIC: [8] Undefined variable: name /root/www/admin.think.com/Application/Runtime/Cache/Admin/f0554bf02703e0d58b71735b04d5c4b6.php 第 30 行.
NOTIC: [8] Undefined variable: urll /root/www/admin.think.com/Application/Runtime/Cache/Admin/f0554bf02703e0d58b71735b04d5c4b6.php 第 37 行.
NOTIC: [8] Undefined variable: logo /root/www/admin.think.com/Application/Runtime/Cache/Admin/f0554bf02703e0d58b71735b04d5c4b6.php 第 44 行.
NOTIC: [8] Undefined variable: logo /root/www/admin.think.com/Application/Runtime/Cache/Admin/f0554bf02703e0d58b71735b04d5c4b6.php 第 45 行.
NOTIC: [8] Undefined variable: logo /root/www/admin.think.com/Application/Runtime/Cache/Admin/f0554bf02703e0d58b71735b04d5c4b6.php 第 46 行.
NOTIC: [8] Undefined variable: logo /root/www/admin.think.com/Application/Runtime/Cache/Admin/f0554bf02703e0d58b71735b04d5c4b6.php 第 47 行.
NOTIC: [8] Undefined variable: intro /root/www/admin.think.com/Application/Runtime/Cache/Admin/f0554bf02703e0d58b71735b04d5c4b6.php 第 56 行.
NOTIC: [8] Undefined variable: sort /root/www/admin.think.com/Application/Runtime/Cache/Admin/f0554bf02703e0d58b71735b04d5c4b6.php 第 70 行.
NOTIC: [8] Undefined variable: id /root/www/admin.think.com/Application/Runtime/Cache/Admin/f0554bf02703e0d58b71735b04d5c4b6.php 第 76 行.
INFO: Run Behavior\ParseTemplateBehavior [ RunTime:0.016088s ]
INFO: [ view_parse ] --END-- [ RunTime:0.016154s ]
INFO: [ view_filter ] --START--
INFO: Run Behavior\WriteHtmlCacheBehavior [ RunTime:0.000271s ]
INFO: [ view_filter ] --END-- [ RunTime:0.000331s ]
INFO: [ app_end ] --START--
INFO: Run Behavior\ShowPageTraceBehavior [ RunTime:0.000176s ]
INFO: [ app_end ] --END-- [ RunTime:0.000190s ]

[ 2015-11-06T23:05:49+08:00 ] 192.168.1.139 /index.php?s=/Admin/Upload/index.html
INFO: [ app_init ] --START--
INFO: Run Behavior\BuildLiteBehavior [ RunTime:0.001000s ]
INFO: [ app_init ] --END-- [ RunTime:0.002487s ]
INFO: [ app_begin ] --START--
INFO: Run Behavior\ReadHtmlCacheBehavior [ RunTime:0.000423s ]
INFO: [ app_begin ] --END-- [ RunTime:0.000485s ]
NOTIC: [2] call_user_func() expects parameter 1 to be a valid callback, no array or string given /root/www/ThinkPHP/Library/Think/Upload.class.php 第 182 行.

[ 2015-11-06T23:06:38+08:00 ] 192.168.1.139 /index.php?s=/Admin/Brand/add.html
INFO: [ app_init ] --START--
INFO: Run Behavior\BuildLiteBehavior [ RunTime:0.000054s ]
INFO: [ app_init ] --END-- [ RunTime:0.001177s ]
INFO: [ app_begin ] --START--
INFO: Run Behavior\ReadHtmlCacheBehavior [ RunTime:0.000687s ]
INFO: [ app_begin ] --END-- [ RunTime:0.000819s ]
SQL: SHOW COLUMNS FROM `shop_brand` [ RunTime:0.0018s ]
INFO: [ view_parse ] --START--
INFO: [ template_filter ] --START--
INFO: Run Behavior\ContentReplaceBehavior [ RunTime:0.000290s ]
INFO: [ template_filter ] --END-- [ RunTime:0.000391s ]
NOTIC: [8] Undefined variable: name /root/www/admin.think.com/Application/Runtime/Cache/Admin/f0554bf02703e0d58b71735b04d5c4b6.php 第 30 行.
NOTIC: [8] Undefined variable: urll /root/www/admin.think.com/Application/Runtime/Cache/Admin/f0554bf02703e0d58b71735b04d5c4b6.php 第 37 行.
NOTIC: [8] Undefined variable: logo /root/www/admin.think.com/Application/Runtime/Cache/Admin/f0554bf02703e0d58b71735b04d5c4b6.php 第 44 行.
NOTIC: [8] Undefined variable: logo /root/www/admin.think.com/Application/Runtime/Cache/Admin/f0554bf02703e0d58b71735b04d5c4b6.php 第 45 行.
NOTIC: [8] Undefined variable: logo /root/www/admin.think.com/Application/Runtime/Cache/Admin/f0554bf02703e0d58b71735b04d5c4b6.php 第 46 行.
NOTIC: [8] Undefined variable: logo /root/www/admin.think.com/Application/Runtime/Cache/Admin/f0554bf02703e0d58b71735b04d5c4b6.php 第 47 行.
NOTIC: [8] Undefined variable: intro /root/www/admin.think.com/Application/Runtime/Cache/Admin/f0554bf02703e0d58b71735b04d5c4b6.php 第 56 行.
NOTIC: [8] Undefined variable: sort /root/www/admin.think.com/Application/Runtime/Cache/Admin/f0554bf02703e0d58b71735b04d5c4b6.php 第 70 行.
NOTIC: [8] Undefined variable: id /root/www/admin.think.com/Application/Runtime/Cache/Admin/f0554bf02703e0d58b71735b04d5c4b6.php 第 76 行.
INFO: Run Behavior\ParseTemplateBehavior [ RunTime:0.020764s ]
INFO: [ view_parse ] --END-- [ RunTime:0.021680s ]
INFO: [ view_filter ] --START--
INFO: Run Behavior\WriteHtmlCacheBehavior [ RunTime:0.000239s ]
INFO: [ view_filter ] --END-- [ RunTime:0.000275s ]
INFO: [ app_end ] --START--
INFO: Run Behavior\ShowPageTraceBehavior [ RunTime:0.001483s ]
INFO: [ app_end ] --END-- [ RunTime:0.001614s ]

[ 2015-11-06T23:06:50+08:00 ] 192.168.1.139 /index.php?s=/Admin/Upload/index.html
INFO: [ app_init ] --START--
INFO: Run Behavior\BuildLiteBehavior [ RunTime:0.000104s ]
INFO: [ app_init ] --END-- [ RunTime:0.000473s ]
INFO: [ app_begin ] --START--
INFO: Run Behavior\ReadHtmlCacheBehavior [ RunTime:0.000535s ]
INFO: [ app_begin ] --END-- [ RunTime:0.000661s ]
NOTIC: [2] call_user_func() expects parameter 1 to be a valid callback, no array or string given /root/www/ThinkPHP/Library/Think/Upload.class.php 第 182 行.

[ 2015-11-06T23:13:06+08:00 ] 192.168.1.139 /index.php?s=/Admin/Brand/add.html
INFO: [ app_init ] --START--
INFO: Run Behavior\BuildLiteBehavior [ RunTime:0.000000s ]
INFO: [ app_init ] --END-- [ RunTime:0.000212s ]
INFO: [ app_begin ] --START--
INFO: Run Behavior\ReadHtmlCacheBehavior [ RunTime:0.000505s ]
INFO: [ app_begin ] --END-- [ RunTime:0.000583s ]
SQL: SHOW COLUMNS FROM `shop_brand` [ RunTime:0.0015s ]
INFO: [ view_parse ] --START--
INFO: [ template_filter ] --START--
INFO: Run Behavior\ContentReplaceBehavior [ RunTime:0.000123s ]
INFO: [ template_filter ] --END-- [ RunTime:0.000211s ]
NOTIC: [8] Undefined variable: name /root/www/admin.think.com/Application/Runtime/Cache/Admin/f0554bf02703e0d58b71735b04d5c4b6.php 第 30 行.
NOTIC: [8] Undefined variable: urll /root/www/admin.think.com/Application/Runtime/Cache/Admin/f0554bf02703e0d58b71735b04d5c4b6.php 第 37 行.
NOTIC: [8] Undefined variable: logo /root/www/admin.think.com/Application/Runtime/Cache/Admin/f0554bf02703e0d58b71735b04d5c4b6.php 第 44 行.
NOTIC: [8] Undefined variable: logo /root/www/admin.think.com/Application/Runtime/Cache/Admin/f0554bf02703e0d58b71735b04d5c4b6.php 第 45 行.
NOTIC: [8] Undefined variable: logo /root/www/admin.think.com/Application/Runtime/Cache/Admin/f0554bf02703e0d58b71735b04d5c4b6.php 第 46 行.
NOTIC: [8] Undefined variable: logo /root/www/admin.think.com/Application/Runtime/Cache/Admin/f0554bf02703e0d58b71735b04d5c4b6.php 第 47 行.
NOTIC: [8] Undefined variable: intro /root/www/admin.think.com/Application/Runtime/Cache/Admin/f0554bf02703e0d58b71735b04d5c4b6.php 第 56 行.
NOTIC: [8] Undefined variable: sort /root/www/admin.think.com/Application/Runtime/Cache/Admin/f0554bf02703e0d58b71735b04d5c4b6.php 第 70 行.
NOTIC: [8] Undefined variable: id /root/www/admin.think.com/Application/Runtime/Cache/Admin/f0554bf02703e0d58b71735b04d5c4b6.php 第 76 行.
INFO: Run Behavior\ParseTemplateBehavior [ RunTime:0.012206s ]
INFO: [ view_parse ] --END-- [ RunTime:0.012244s ]
INFO: [ view_filter ] --START--
INFO: Run Behavior\WriteHtmlCacheBehavior [ RunTime:0.000105s ]
INFO: [ view_filter ] --END-- [ RunTime:0.000117s ]
INFO: [ app_end ] --START--
INFO: Run Behavior\ShowPageTraceBehavior [ RunTime:0.000314s ]
INFO: [ app_end ] --END-- [ RunTime:0.000350s ]

[ 2015-11-06T23:13:11+08:00 ] 192.168.1.139 /index.php?s=/Admin/Upload/index.html
INFO: [ app_init ] --START--
INFO: Run Behavior\BuildLiteBehavior [ RunTime:0.000000s ]
INFO: [ app_init ] --END-- [ RunTime:0.000334s ]
INFO: [ app_begin ] --START--
INFO: Run Behavior\ReadHtmlCacheBehavior [ RunTime:0.000787s ]
INFO: [ app_begin ] --END-- [ RunTime:0.000905s ]
NOTIC: [2] call_user_func() expects parameter 1 to be a valid callback, no array or string given /root/www/ThinkPHP/Library/Think/Upload.class.php 第 182 行.

[ 2015-11-06T23:14:45+08:00 ] 192.168.1.139 /index.php?s=/Admin/Brand/add.html
INFO: [ app_init ] --START--
INFO: Run Behavior\BuildLiteBehavior [ RunTime:0.000022s ]
INFO: [ app_init ] --END-- [ RunTime:0.000949s ]
INFO: [ app_begin ] --START--
INFO: Run Behavior\ReadHtmlCacheBehavior [ RunTime:0.000277s ]
INFO: [ app_begin ] --END-- [ RunTime:0.000393s ]
SQL: SHOW COLUMNS FROM `shop_brand` [ RunTime:0.0014s ]
INFO: [ view_parse ] --START--
INFO: [ template_filter ] --START--
INFO: Run Behavior\ContentReplaceBehavior [ RunTime:0.000121s ]
INFO: [ template_filter ] --END-- [ RunTime:0.000198s ]
NOTIC: [8] Undefined variable: name /root/www/admin.think.com/Application/Runtime/Cache/Admin/f0554bf02703e0d58b71735b04d5c4b6.php 第 30 行.
NOTIC: [8] Undefined variable: urll /root/www/admin.think.com/Application/Runtime/Cache/Admin/f0554bf02703e0d58b71735b04d5c4b6.php 第 37 行.
NOTIC: [8] Undefined variable: logo /root/www/admin.think.com/Application/Runtime/Cache/Admin/f0554bf02703e0d58b71735b04d5c4b6.php 第 44 行.
NOTIC: [8] Undefined variable: logo /root/www/admin.think.com/Application/Runtime/Cache/Admin/f0554bf02703e0d58b71735b04d5c4b6.php 第 45 行.
NOTIC: [8] Undefined variable: logo /root/www/admin.think.com/Application/Runtime/Cache/Admin/f0554bf02703e0d58b71735b04d5c4b6.php 第 46 行.
NOTIC: [8] Undefined variable: logo /root/www/admin.think.com/Application/Runtime/Cache/Admin/f0554bf02703e0d58b71735b04d5c4b6.php 第 47 行.
NOTIC: [8] Undefined variable: intro /root/www/admin.think.com/Application/Runtime/Cache/Admin/f0554bf02703e0d58b71735b04d5c4b6.php 第 56 行.
NOTIC: [8] Undefined variable: sort /root/www/admin.think.com/Application/Runtime/Cache/Admin/f0554bf02703e0d58b71735b04d5c4b6.php 第 70 行.
NOTIC: [8] Undefined variable: id /root/www/admin.think.com/Application/Runtime/Cache/Admin/f0554bf02703e0d58b71735b04d5c4b6.php 第 76 行.
INFO: Run Behavior\ParseTemplateBehavior [ RunTime:0.008939s ]
INFO: [ view_parse ] --END-- [ RunTime:0.008976s ]
INFO: [ view_filter ] --START--
INFO: Run Behavior\WriteHtmlCacheBehavior [ RunTime:0.000900s ]
INFO: [ view_filter ] --END-- [ RunTime:0.000968s ]
INFO: [ app_end ] --START--
INFO: Run Behavior\ShowPageTraceBehavior [ RunTime:0.000725s ]
INFO: [ app_end ] --END-- [ RunTime:0.000779s ]

[ 2015-11-06T23:14:51+08:00 ] 192.168.1.139 /index.php?s=/Admin/Upload/index.html
INFO: [ app_init ] --START--
INFO: Run Behavior\BuildLiteBehavior [ RunTime:0.000030s ]
INFO: [ app_init ] --END-- [ RunTime:0.000301s ]
INFO: [ app_begin ] --START--
INFO: Run Behavior\ReadHtmlCacheBehavior [ RunTime:0.001182s ]
INFO: [ app_begin ] --END-- [ RunTime:0.001218s ]
NOTIC: [2] call_user_func() expects parameter 1 to be a valid callback, no array or string given /root/www/ThinkPHP/Library/Think/Upload.class.php 第 182 行.
INFO: [ app_end ] --START--
INFO: Run Behavior\ShowPageTraceBehavior [ RunTime:0.000561s ]
INFO: [ app_end ] --END-- [ RunTime:0.000840s ]

[ 2015-11-06T23:18:17+08:00 ] 192.168.1.139 /index.php?s=/Admin/Brand/add.html
INFO: [ app_init ] --START--
INFO: Run Behavior\BuildLiteBehavior [ RunTime:0.000000s ]
INFO: [ app_init ] --END-- [ RunTime:0.000270s ]
INFO: [ app_begin ] --START--
INFO: Run Behavior\ReadHtmlCacheBehavior [ RunTime:0.000561s ]
INFO: [ app_begin ] --END-- [ RunTime:0.000642s ]
SQL: SHOW COLUMNS FROM `shop_brand` [ RunTime:0.0011s ]
INFO: [ view_parse ] --START--
INFO: [ template_filter ] --START--
INFO: Run Behavior\ContentReplaceBehavior [ RunTime:0.000148s ]
INFO: [ template_filter ] --END-- [ RunTime:0.000237s ]
NOTIC: [8] Undefined variable: name /root/www/admin.think.com/Application/Runtime/Cache/Admin/f0554bf02703e0d58b71735b04d5c4b6.php 第 30 行.
NOTIC: [8] Undefined variable: urll /root/www/admin.think.com/Application/Runtime/Cache/Admin/f0554bf02703e0d58b71735b04d5c4b6.php 第 37 行.
NOTIC: [8] Undefined variable: logo /root/www/admin.think.com/Application/Runtime/Cache/Admin/f0554bf02703e0d58b71735b04d5c4b6.php 第 44 行.
NOTIC: [8] Undefined variable: logo /root/www/admin.think.com/Application/Runtime/Cache/Admin/f0554bf02703e0d58b71735b04d5c4b6.php 第 45 行.
NOTIC: [8] Undefined variable: logo /root/www/admin.think.com/Application/Runtime/Cache/Admin/f0554bf02703e0d58b71735b04d5c4b6.php 第 46 行.
NOTIC: [8] Undefined variable: logo /root/www/admin.think.com/Application/Runtime/Cache/Admin/f0554bf02703e0d58b71735b04d5c4b6.php 第 47 行.
NOTIC: [8] Undefined variable: intro /root/www/admin.think.com/Application/Runtime/Cache/Admin/f0554bf02703e0d58b71735b04d5c4b6.php 第 56 行.
NOTIC: [8] Undefined variable: sort /root/www/admin.think.com/Application/Runtime/Cache/Admin/f0554bf02703e0d58b71735b04d5c4b6.php 第 70 行.
NOTIC: [8] Undefined variable: id /root/www/admin.think.com/Application/Runtime/Cache/Admin/f0554bf02703e0d58b71735b04d5c4b6.php 第 76 行.
INFO: Run Behavior\ParseTemplateBehavior [ RunTime:0.013665s ]
INFO: [ view_parse ] --END-- [ RunTime:0.013731s ]
INFO: [ view_filter ] --START--
INFO: Run Behavior\WriteHtmlCacheBehavior [ RunTime:0.000147s ]
INFO: [ view_filter ] --END-- [ RunTime:0.000179s ]
INFO: [ app_end ] --START--
INFO: Run Behavior\ShowPageTraceBehavior [ RunTime:0.000449s ]
INFO: [ app_end ] --END-- [ RunTime:0.000494s ]

[ 2015-11-06T23:18:22+08:00 ] 192.168.1.139 /index.php?s=/Admin/Upload/index.html
INFO: [ app_init ] --START--
INFO: Run Behavior\BuildLiteBehavior [ RunTime:0.000044s ]
INFO: [ app_init ] --END-- [ RunTime:0.004029s ]
INFO: [ app_begin ] --START--
INFO: Run Behavior\ReadHtmlCacheBehavior [ RunTime:0.002450s ]
INFO: [ app_begin ] --END-- [ RunTime:0.003489s ]
NOTIC: [2] call_user_func() expects parameter 1 to be a valid callback, no array or string given /root/www/ThinkPHP/Library/Think/Upload.class.php 第 182 行.
INFO: [ app_end ] --START--
INFO: Run Behavior\ShowPageTraceBehavior [ RunTime:0.000689s ]
INFO: [ app_end ] --END-- [ RunTime:0.000789s ]

[ 2015-11-06T23:19:24+08:00 ] 192.168.1.139 /index.php?s=/Admin/Brand/add.html
INFO: [ app_init ] --START--
INFO: Run Behavior\BuildLiteBehavior [ RunTime:0.000032s ]
INFO: [ app_init ] --END-- [ RunTime:0.000596s ]
INFO: [ app_begin ] --START--
INFO: Run Behavior\ReadHtmlCacheBehavior [ RunTime:0.000733s ]
INFO: [ app_begin ] --END-- [ RunTime:0.000828s ]
SQL: SHOW COLUMNS FROM `shop_brand` [ RunTime:0.0013s ]
INFO: [ view_parse ] --START--
INFO: [ template_filter ] --START--
INFO: Run Behavior\ContentReplaceBehavior [ RunTime:0.000138s ]
INFO: [ template_filter ] --END-- [ RunTime:0.000200s ]
NOTIC: [8] Undefined variable: name /root/www/admin.think.com/Application/Runtime/Cache/Admin/f0554bf02703e0d58b71735b04d5c4b6.php 第 30 行.
NOTIC: [8] Undefined variable: urll /root/www/admin.think.com/Application/Runtime/Cache/Admin/f0554bf02703e0d58b71735b04d5c4b6.php 第 37 行.
NOTIC: [8] Undefined variable: logo /root/www/admin.think.com/Application/Runtime/Cache/Admin/f0554bf02703e0d58b71735b04d5c4b6.php 第 44 行.
NOTIC: [8] Undefined variable: logo /root/www/admin.think.com/Application/Runtime/Cache/Admin/f0554bf02703e0d58b71735b04d5c4b6.php 第 45 行.
NOTIC: [8] Undefined variable: logo /root/www/admin.think.com/Application/Runtime/Cache/Admin/f0554bf02703e0d58b71735b04d5c4b6.php 第 46 行.
NOTIC: [8] Undefined variable: logo /root/www/admin.think.com/Application/Runtime/Cache/Admin/f0554bf02703e0d58b71735b04d5c4b6.php 第 47 行.
NOTIC: [8] Undefined variable: intro /root/www/admin.think.com/Application/Runtime/Cache/Admin/f0554bf02703e0d58b71735b04d5c4b6.php 第 56 行.
NOTIC: [8] Undefined variable: sort /root/www/admin.think.com/Application/Runtime/Cache/Admin/f0554bf02703e0d58b71735b04d5c4b6.php 第 70 行.
NOTIC: [8] Undefined variable: id /root/www/admin.think.com/Application/Runtime/Cache/Admin/f0554bf02703e0d58b71735b04d5c4b6.php 第 76 行.
INFO: Run Behavior\ParseTemplateBehavior [ RunTime:0.010323s ]
INFO: [ view_parse ] --END-- [ RunTime:0.010402s ]
INFO: [ view_filter ] --START--
INFO: Run Behavior\WriteHtmlCacheBehavior [ RunTime:0.000195s ]
INFO: [ view_filter ] --END-- [ RunTime:0.000230s ]
INFO: [ app_end ] --START--
INFO: Run Behavior\ShowPageTraceBehavior [ RunTime:0.001247s ]
INFO: [ app_end ] --END-- [ RunTime:0.001361s ]

[ 2015-11-06T23:19:29+08:00 ] 192.168.1.139 /index.php?s=/Admin/Upload/index.html
INFO: [ app_init ] --START--
INFO: Run Behavior\BuildLiteBehavior [ RunTime:0.001000s ]
INFO: [ app_init ] --END-- [ RunTime:0.004000s ]
INFO: [ app_begin ] --START--
INFO: Run Behavior\ReadHtmlCacheBehavior [ RunTime:0.001959s ]
INFO: [ app_begin ] --END-- [ RunTime:0.003028s ]
NOTIC: [2] call_user_func() expects parameter 1 to be a valid callback, no array or string given /root/www/ThinkPHP/Library/Think/Upload.class.php 第 182 行.
INFO: [ app_end ] --START--
INFO: Run Behavior\ShowPageTraceBehavior [ RunTime:0.000639s ]
INFO: [ app_end ] --END-- [ RunTime:0.000682s ]

[ 2015-11-06T23:21:42+08:00 ] 192.168.1.139 /index.php?s=/Admin/Brand/add.html
INFO: [ app_init ] --START--
INFO: Run Behavior\BuildLiteBehavior [ RunTime:0.000041s ]
INFO: [ app_init ] --END-- [ RunTime:0.000919s ]
INFO: [ app_begin ] --START--
INFO: Run Behavior\ReadHtmlCacheBehavior [ RunTime:0.000142s ]
INFO: [ app_begin ] --END-- [ RunTime:0.000210s ]
SQL: SHOW COLUMNS FROM `shop_brand` [ RunTime:0.0008s ]
INFO: [ view_parse ] --START--
INFO: [ template_filter ] --START--
INFO: Run Behavior\ContentReplaceBehavior [ RunTime:0.000116s ]
INFO: [ template_filter ] --END-- [ RunTime:0.000174s ]
NOTIC: [8] Undefined variable: name /root/www/admin.think.com/Application/Runtime/Cache/Admin/f0554bf02703e0d58b71735b04d5c4b6.php 第 30 行.
NOTIC: [8] Undefined variable: urll /root/www/admin.think.com/Application/Runtime/Cache/Admin/f0554bf02703e0d58b71735b04d5c4b6.php 第 37 行.
NOTIC: [8] Undefined variable: logo /root/www/admin.think.com/Application/Runtime/Cache/Admin/f0554bf02703e0d58b71735b04d5c4b6.php 第 44 行.
NOTIC: [8] Undefined variable: logo /root/www/admin.think.com/Application/Runtime/Cache/Admin/f0554bf02703e0d58b71735b04d5c4b6.php 第 45 行.
NOTIC: [8] Undefined variable: logo /root/www/admin.think.com/Application/Runtime/Cache/Admin/f0554bf02703e0d58b71735b04d5c4b6.php 第 46 行.
NOTIC: [8] Undefined variable: logo /root/www/admin.think.com/Application/Runtime/Cache/Admin/f0554bf02703e0d58b71735b04d5c4b6.php 第 47 行.
NOTIC: [8] Undefined variable: intro /root/www/admin.think.com/Application/Runtime/Cache/Admin/f0554bf02703e0d58b71735b04d5c4b6.php 第 56 行.
NOTIC: [8] Undefined variable: sort /root/www/admin.think.com/Application/Runtime/Cache/Admin/f0554bf02703e0d58b71735b04d5c4b6.php 第 70 行.
NOTIC: [8] Undefined variable: id /root/www/admin.think.com/Application/Runtime/Cache/Admin/f0554bf02703e0d58b71735b04d5c4b6.php 第 76 行.
INFO: Run Behavior\ParseTemplateBehavior [ RunTime:0.011966s ]
INFO: [ view_parse ] --END-- [ RunTime:0.012027s ]
INFO: [ view_filter ] --START--
INFO: Run Behavior\WriteHtmlCacheBehavior [ RunTime:0.000225s ]
INFO: [ view_filter ] --END-- [ RunTime:0.000267s ]
INFO: [ app_end ] --START--
INFO: Run Behavior\ShowPageTraceBehavior [ RunTime:0.000552s ]
INFO: [ app_end ] --END-- [ RunTime:0.000652s ]

[ 2015-11-06T23:21:47+08:00 ] 192.168.1.139 /index.php?s=/Admin/Upload/index.html
INFO: [ app_init ] --START--
INFO: Run Behavior\BuildLiteBehavior [ RunTime:0.000051s ]
INFO: [ app_init ] --END-- [ RunTime:0.000243s ]
INFO: [ app_begin ] --START--
INFO: Run Behavior\ReadHtmlCacheBehavior [ RunTime:0.001441s ]
INFO: [ app_begin ] --END-- [ RunTime:0.002408s ]
NOTIC: [2] call_user_func() expects parameter 1 to be a valid callback, no array or string given /root/www/ThinkPHP/Library/Think/Upload.class.php 第 182 行.
INFO: [ app_end ] --START--
INFO: Run Behavior\ShowPageTraceBehavior [ RunTime:0.000826s ]
INFO: [ app_end ] --END-- [ RunTime:0.000968s ]

[ 2015-11-06T23:27:24+08:00 ] 192.168.1.139 /index.php?s=/Admin/Brand/add.html
INFO: [ app_init ] --START--
INFO: Run Behavior\BuildLiteBehavior [ RunTime:0.000014s ]
INFO: [ app_init ] --END-- [ RunTime:0.000313s ]
INFO: [ app_begin ] --START--
INFO: Run Behavior\ReadHtmlCacheBehavior [ RunTime:0.000449s ]
INFO: [ app_begin ] --END-- [ RunTime:0.000513s ]
SQL: SHOW COLUMNS FROM `shop_brand` [ RunTime:0.0016s ]
INFO: [ view_parse ] --START--
INFO: [ template_filter ] --START--
INFO: Run Behavior\ContentReplaceBehavior [ RunTime:0.000005s ]
INFO: [ template_filter ] --END-- [ RunTime:0.000095s ]
NOTIC: [8] Undefined variable: name /root/www/admin.think.com/Application/Runtime/Cache/Admin/f0554bf02703e0d58b71735b04d5c4b6.php 第 30 行.
NOTIC: [8] Undefined variable: urll /root/www/admin.think.com/Application/Runtime/Cache/Admin/f0554bf02703e0d58b71735b04d5c4b6.php 第 37 行.
NOTIC: [8] Undefined variable: logo /root/www/admin.think.com/Application/Runtime/Cache/Admin/f0554bf02703e0d58b71735b04d5c4b6.php 第 44 行.
NOTIC: [8] Undefined variable: logo /root/www/admin.think.com/Application/Runtime/Cache/Admin/f0554bf02703e0d58b71735b04d5c4b6.php 第 45 行.
NOTIC: [8] Undefined variable: logo /root/www/admin.think.com/Application/Runtime/Cache/Admin/f0554bf02703e0d58b71735b04d5c4b6.php 第 46 行.
NOTIC: [8] Undefined variable: logo /root/www/admin.think.com/Application/Runtime/Cache/Admin/f0554bf02703e0d58b71735b04d5c4b6.php 第 47 行.
NOTIC: [8] Undefined variable: intro /root/www/admin.think.com/Application/Runtime/Cache/Admin/f0554bf02703e0d58b71735b04d5c4b6.php 第 56 行.
NOTIC: [8] Undefined variable: sort /root/www/admin.think.com/Application/Runtime/Cache/Admin/f0554bf02703e0d58b71735b04d5c4b6.php 第 70 行.
NOTIC: [8] Undefined variable: id /root/www/admin.think.com/Application/Runtime/Cache/Admin/f0554bf02703e0d58b71735b04d5c4b6.php 第 76 行.
INFO: Run Behavior\ParseTemplateBehavior [ RunTime:0.009780s ]
INFO: [ view_parse ] --END-- [ RunTime:0.009827s ]
INFO: [ view_filter ] --START--
INFO: Run Behavior\WriteHtmlCacheBehavior [ RunTime:0.000272s ]
INFO: [ view_filter ] --END-- [ RunTime:0.000369s ]
INFO: [ app_end ] --START--
INFO: Run Behavior\ShowPageTraceBehavior [ RunTime:0.000566s ]
INFO: [ app_end ] --END-- [ RunTime:0.000634s ]

[ 2015-11-06T23:27:29+08:00 ] 192.168.1.139 /index.php?s=/Admin/Upload/index.html
INFO: [ app_init ] --START--
INFO: Run Behavior\BuildLiteBehavior [ RunTime:0.000282s ]
INFO: [ app_init ] --END-- [ RunTime:0.000919s ]
INFO: [ app_begin ] --START--
INFO: Run Behavior\ReadHtmlCacheBehavior [ RunTime:0.000834s ]
INFO: [ app_begin ] --END-- [ RunTime:0.000877s ]
NOTIC: [2] call_user_func() expects parameter 1 to be a valid callback, no array or string given /root/www/ThinkPHP/Library/Think/Upload.class.php 第 182 行.
INFO: [ app_end ] --START--
INFO: Run Behavior\ShowPageTraceBehavior [ RunTime:0.000531s ]
INFO: [ app_end ] --END-- [ RunTime:0.000610s ]

[ 2015-11-06T23:35:17+08:00 ] 192.168.1.139 /index.php?s=/Admin/Upload/index.html
INFO: [ app_init ] --START--
INFO: Run Behavior\BuildLiteBehavior [ RunTime:0.000055s ]
INFO: [ app_init ] --END-- [ RunTime:0.001316s ]
INFO: [ app_begin ] --START--
INFO: Run Behavior\ReadHtmlCacheBehavior [ RunTime:0.000424s ]
INFO: [ app_begin ] --END-- [ RunTime:0.000487s ]
NOTIC: [2] call_user_func() expects parameter 1 to be a valid callback, no array or string given /root/www/ThinkPHP/Library/Think/Upload.class.php 第 182 行.
INFO: [ app_end ] --START--
INFO: Run Behavior\ShowPageTraceBehavior [ RunTime:0.000602s ]
INFO: [ app_end ] --END-- [ RunTime:0.000668s ]

[ 2015-11-06T23:36:03+08:00 ] 192.168.1.139 /index.php?s=/Admin/Brand/add.html
INFO: [ app_init ] --START--
INFO: Run Behavior\BuildLiteBehavior [ RunTime:0.000029s ]
INFO: [ app_init ] --END-- [ RunTime:0.001099s ]
INFO: [ app_begin ] --START--
INFO: Run Behavior\ReadHtmlCacheBehavior [ RunTime:0.002926s ]
INFO: [ app_begin ] --END-- [ RunTime:0.003999s ]
SQL: SHOW COLUMNS FROM `shop_brand` [ RunTime:0.0009s ]
INFO: [ view_parse ] --START--
INFO: [ template_filter ] --START--
INFO: Run Behavior\ContentReplaceBehavior [ RunTime:0.000150s ]
INFO: [ template_filter ] --END-- [ RunTime:0.000234s ]
NOTIC: [8] Undefined variable: name /root/www/admin.think.com/Application/Runtime/Cache/Admin/f0554bf02703e0d58b71735b04d5c4b6.php 第 30 行.
NOTIC: [8] Undefined variable: urll /root/www/admin.think.com/Application/Runtime/Cache/Admin/f0554bf02703e0d58b71735b04d5c4b6.php 第 37 行.
NOTIC: [8] Undefined variable: logo /root/www/admin.think.com/Application/Runtime/Cache/Admin/f0554bf02703e0d58b71735b04d5c4b6.php 第 44 行.
NOTIC: [8] Undefined variable: logo /root/www/admin.think.com/Application/Runtime/Cache/Admin/f0554bf02703e0d58b71735b04d5c4b6.php 第 45 行.
NOTIC: [8] Undefined variable: logo /root/www/admin.think.com/Application/Runtime/Cache/Admin/f0554bf02703e0d58b71735b04d5c4b6.php 第 46 行.
NOTIC: [8] Undefined variable: logo /root/www/admin.think.com/Application/Runtime/Cache/Admin/f0554bf02703e0d58b71735b04d5c4b6.php 第 47 行.
NOTIC: [8] Undefined variable: intro /root/www/admin.think.com/Application/Runtime/Cache/Admin/f0554bf02703e0d58b71735b04d5c4b6.php 第 56 行.
NOTIC: [8] Undefined variable: sort /root/www/admin.think.com/Application/Runtime/Cache/Admin/f0554bf02703e0d58b71735b04d5c4b6.php 第 70 行.
NOTIC: [8] Undefined variable: id /root/www/admin.think.com/Application/Runtime/Cache/Admin/f0554bf02703e0d58b71735b04d5c4b6.php 第 76 行.
INFO: Run Behavior\ParseTemplateBehavior [ RunTime:0.015665s ]
INFO: [ view_parse ] --END-- [ RunTime:0.015739s ]
INFO: [ view_filter ] --START--
INFO: Run Behavior\WriteHtmlCacheBehavior [ RunTime:0.000260s ]
INFO: [ view_filter ] --END-- [ RunTime:0.000336s ]
INFO: [ app_end ] --START--
INFO: Run Behavior\ShowPageTraceBehavior [ RunTime:0.000593s ]
INFO: [ app_end ] --END-- [ RunTime:0.000700s ]

[ 2015-11-06T23:36:07+08:00 ] 192.168.1.139 /index.php?s=/Admin/Upload/index.html
INFO: [ app_init ] --START--
INFO: Run Behavior\BuildLiteBehavior [ RunTime:0.000032s ]
INFO: [ app_init ] --END-- [ RunTime:0.001382s ]
INFO: [ app_begin ] --START--
INFO: Run Behavior\ReadHtmlCacheBehavior [ RunTime:0.001132s ]
INFO: [ app_begin ] --END-- [ RunTime:0.001252s ]
NOTIC: [2] call_user_func() expects parameter 1 to be a valid callback, no array or string given /root/www/ThinkPHP/Library/Think/Upload.class.php 第 182 行.
INFO: [ app_end ] --START--
INFO: Run Behavior\ShowPageTraceBehavior [ RunTime:0.000608s ]
INFO: [ app_end ] --END-- [ RunTime:0.001638s ]

[ 2015-11-06T23:38:41+08:00 ] 192.168.1.139 /index.php?s=/Admin/Brand/add.html
INFO: [ app_init ] --START--
INFO: Run Behavior\BuildLiteBehavior [ RunTime:0.000222s ]
INFO: [ app_init ] --END-- [ RunTime:0.000342s ]
INFO: [ app_begin ] --START--
INFO: Run Behavior\ReadHtmlCacheBehavior [ RunTime:0.001480s ]
INFO: [ app_begin ] --END-- [ RunTime:0.001597s ]
SQL: SHOW COLUMNS FROM `shop_brand` [ RunTime:0.0009s ]
INFO: [ view_parse ] --START--
INFO: [ template_filter ] --START--
INFO: Run Behavior\ContentReplaceBehavior [ RunTime:0.000129s ]
INFO: [ template_filter ] --END-- [ RunTime:0.000223s ]
NOTIC: [8] Undefined variable: name /root/www/admin.think.com/Application/Runtime/Cache/Admin/f0554bf02703e0d58b71735b04d5c4b6.php 第 30 行.
NOTIC: [8] Undefined variable: urll /root/www/admin.think.com/Application/Runtime/Cache/Admin/f0554bf02703e0d58b71735b04d5c4b6.php 第 37 行.
NOTIC: [8] Undefined variable: logo /root/www/admin.think.com/Application/Runtime/Cache/Admin/f0554bf02703e0d58b71735b04d5c4b6.php 第 44 行.
NOTIC: [8] Undefined variable: logo /root/www/admin.think.com/Application/Runtime/Cache/Admin/f0554bf02703e0d58b71735b04d5c4b6.php 第 45 行.
NOTIC: [8] Undefined variable: logo /root/www/admin.think.com/Application/Runtime/Cache/Admin/f0554bf02703e0d58b71735b04d5c4b6.php 第 46 行.
NOTIC: [8] Undefined variable: logo /root/www/admin.think.com/Application/Runtime/Cache/Admin/f0554bf02703e0d58b71735b04d5c4b6.php 第 47 行.
NOTIC: [8] Undefined variable: intro /root/www/admin.think.com/Application/Runtime/Cache/Admin/f0554bf02703e0d58b71735b04d5c4b6.php 第 56 行.
NOTIC: [8] Undefined variable: sort /root/www/admin.think.com/Application/Runtime/Cache/Admin/f0554bf02703e0d58b71735b04d5c4b6.php 第 70 行.
NOTIC: [8] Undefined variable: id /root/www/admin.think.com/Application/Runtime/Cache/Admin/f0554bf02703e0d58b71735b04d5c4b6.php 第 76 行.
INFO: Run Behavior\ParseTemplateBehavior [ RunTime:0.021945s ]
INFO: [ view_parse ] --END-- [ RunTime:0.023999s ]
INFO: [ view_filter ] --START--
INFO: Run Behavior\WriteHtmlCacheBehavior [ RunTime:0.000228s ]
INFO: [ view_filter ] --END-- [ RunTime:0.000307s ]
INFO: [ app_end ] --START--
INFO: Run Behavior\ShowPageTraceBehavior [ RunTime:0.000598s ]
INFO: [ app_end ] --END-- [ RunTime:0.000678s ]

[ 2015-11-06T23:38:46+08:00 ] 192.168.1.139 /index.php?s=/Admin/Upload/index.html
INFO: [ app_init ] --START--
INFO: Run Behavior\BuildLiteBehavior [ RunTime:0.001000s ]
INFO: [ app_init ] --END-- [ RunTime:0.006999s ]
INFO: [ app_begin ] --START--
INFO: Run Behavior\ReadHtmlCacheBehavior [ RunTime:0.000949s ]
INFO: [ app_begin ] --END-- [ RunTime:0.001502s ]
NOTIC: [2] call_user_func() expects parameter 1 to be a valid callback, no array or string given /root/www/ThinkPHP/Library/Think/Upload.class.php 第 182 行.
INFO: [ app_end ] --START--
INFO: Run Behavior\ShowPageTraceBehavior [ RunTime:0.000563s ]
INFO: [ app_end ] --END-- [ RunTime:0.000643s ]

[ 2015-11-06T23:45:00+08:00 ] 192.168.1.139 /index.php?s=/Admin/Brand/add.html
INFO: [ app_init ] --START--
INFO: Run Behavior\BuildLiteBehavior [ RunTime:0.000014s ]
INFO: [ app_init ] --END-- [ RunTime:0.000437s ]
INFO: [ app_begin ] --START--
INFO: Run Behavior\ReadHtmlCacheBehavior [ RunTime:0.000541s ]
INFO: [ app_begin ] --END-- [ RunTime:0.000606s ]
SQL: SHOW COLUMNS FROM `shop_brand` [ RunTime:0.0017s ]
INFO: [ view_parse ] --START--
INFO: [ template_filter ] --START--
INFO: Run Behavior\ContentReplaceBehavior [ RunTime:0.000295s ]
INFO: [ template_filter ] --END-- [ RunTime:0.000364s ]
NOTIC: [8] Undefined variable: name /root/www/admin.think.com/Application/Runtime/Cache/Admin/f0554bf02703e0d58b71735b04d5c4b6.php 第 30 行.
NOTIC: [8] Undefined variable: urll /root/www/admin.think.com/Application/Runtime/Cache/Admin/f0554bf02703e0d58b71735b04d5c4b6.php 第 37 行.
NOTIC: [8] Undefined variable: logo /root/www/admin.think.com/Application/Runtime/Cache/Admin/f0554bf02703e0d58b71735b04d5c4b6.php 第 44 行.
NOTIC: [8] Undefined variable: logo /root/www/admin.think.com/Application/Runtime/Cache/Admin/f0554bf02703e0d58b71735b04d5c4b6.php 第 45 行.
NOTIC: [8] Undefined variable: logo /root/www/admin.think.com/Application/Runtime/Cache/Admin/f0554bf02703e0d58b71735b04d5c4b6.php 第 46 行.
NOTIC: [8] Undefined variable: logo /root/www/admin.think.com/Application/Runtime/Cache/Admin/f0554bf02703e0d58b71735b04d5c4b6.php 第 47 行.
NOTIC: [8] Undefined variable: intro /root/www/admin.think.com/Application/Runtime/Cache/Admin/f0554bf02703e0d58b71735b04d5c4b6.php 第 56 行.
NOTIC: [8] Undefined variable: sort /root/www/admin.think.com/Application/Runtime/Cache/Admin/f0554bf02703e0d58b71735b04d5c4b6.php 第 70 行.
NOTIC: [8] Undefined variable: id /root/www/admin.think.com/Application/Runtime/Cache/Admin/f0554bf02703e0d58b71735b04d5c4b6.php 第 76 行.
INFO: Run Behavior\ParseTemplateBehavior [ RunTime:0.017668s ]
INFO: [ view_parse ] --END-- [ RunTime:0.017715s ]
INFO: [ view_filter ] --START--
INFO: Run Behavior\WriteHtmlCacheBehavior [ RunTime:0.000375s ]
INFO: [ view_filter ] --END-- [ RunTime:0.000438s ]
INFO: [ app_end ] --START--
INFO: Run Behavior\ShowPageTraceBehavior [ RunTime:0.000904s ]
INFO: [ app_end ] --END-- [ RunTime:0.000970s ]

[ 2015-11-06T23:45:09+08:00 ] 192.168.1.139 /index.php?s=/Admin/Upload/index.html
INFO: [ app_init ] --START--
INFO: Run Behavior\BuildLiteBehavior [ RunTime:0.001000s ]
INFO: [ app_init ] --END-- [ RunTime:0.005000s ]
INFO: [ app_begin ] --START--
INFO: Run Behavior\ReadHtmlCacheBehavior [ RunTime:0.005104s ]
INFO: [ app_begin ] --END-- [ RunTime:0.005225s ]
NOTIC: [2] call_user_func() expects parameter 1 to be a valid callback, no array or string given /root/www/ThinkPHP/Library/Think/Upload.class.php 第 182 行.
INFO: [ app_end ] --START--
INFO: Run Behavior\ShowPageTraceBehavior [ RunTime:0.000531s ]
INFO: [ app_end ] --END-- [ RunTime:0.000667s ]

[ 2015-11-06T23:45:25+08:00 ] 192.168.1.139 /index.php?s=/Admin/Upload/index.html
INFO: [ app_init ] --START--
INFO: Run Behavior\BuildLiteBehavior [ RunTime:0.001000s ]
INFO: [ app_init ] --END-- [ RunTime:0.004000s ]
INFO: [ app_begin ] --START--
INFO: Run Behavior\ReadHtmlCacheBehavior [ RunTime:0.002000s ]
INFO: [ app_begin ] --END-- [ RunTime:0.003307s ]
NOTIC: [2] call_user_func() expects parameter 1 to be a valid callback, no array or string given /root/www/ThinkPHP/Library/Think/Upload.class.php 第 182 行.
INFO: [ app_end ] --START--
INFO: Run Behavior\ShowPageTraceBehavior [ RunTime:0.000601s ]
INFO: [ app_end ] --END-- [ RunTime:0.000651s ]

[ 2015-11-06T23:49:26+08:00 ] 192.168.1.139 /index.php?s=/Admin/Brand/add.html
INFO: [ app_init ] --START--
INFO: Run Behavior\BuildLiteBehavior [ RunTime:0.000028s ]
INFO: [ app_init ] --END-- [ RunTime:0.000543s ]
INFO: [ app_begin ] --START--
INFO: Run Behavior\ReadHtmlCacheBehavior [ RunTime:0.001279s ]
INFO: [ app_begin ] --END-- [ RunTime:0.001380s ]
SQL: SHOW COLUMNS FROM `shop_brand` [ RunTime:0.0008s ]
INFO: [ view_parse ] --START--
INFO: [ template_filter ] --START--
INFO: Run Behavior\ContentReplaceBehavior [ RunTime:0.000148s ]
INFO: [ template_filter ] --END-- [ RunTime:0.000241s ]
NOTIC: [8] Undefined variable: name /root/www/admin.think.com/Application/Runtime/Cache/Admin/f0554bf02703e0d58b71735b04d5c4b6.php 第 30 行.
NOTIC: [8] Undefined variable: urll /root/www/admin.think.com/Application/Runtime/Cache/Admin/f0554bf02703e0d58b71735b04d5c4b6.php 第 37 行.
NOTIC: [8] Undefined variable: logo /root/www/admin.think.com/Application/Runtime/Cache/Admin/f0554bf02703e0d58b71735b04d5c4b6.php 第 44 行.
NOTIC: [8] Undefined variable: logo /root/www/admin.think.com/Application/Runtime/Cache/Admin/f0554bf02703e0d58b71735b04d5c4b6.php 第 45 行.
NOTIC: [8] Undefined variable: logo /root/www/admin.think.com/Application/Runtime/Cache/Admin/f0554bf02703e0d58b71735b04d5c4b6.php 第 46 行.
NOTIC: [8] Undefined variable: logo /root/www/admin.think.com/Application/Runtime/Cache/Admin/f0554bf02703e0d58b71735b04d5c4b6.php 第 47 行.
NOTIC: [8] Undefined variable: intro /root/www/admin.think.com/Application/Runtime/Cache/Admin/f0554bf02703e0d58b71735b04d5c4b6.php 第 56 行.
NOTIC: [8] Undefined variable: sort /root/www/admin.think.com/Application/Runtime/Cache/Admin/f0554bf02703e0d58b71735b04d5c4b6.php 第 70 行.
NOTIC: [8] Undefined variable: id /root/www/admin.think.com/Application/Runtime/Cache/Admin/f0554bf02703e0d58b71735b04d5c4b6.php 第 76 行.
INFO: Run Behavior\ParseTemplateBehavior [ RunTime:0.009814s ]
INFO: [ view_parse ] --END-- [ RunTime:0.009862s ]
INFO: [ view_filter ] --START--
INFO: Run Behavior\WriteHtmlCacheBehavior [ RunTime:0.000133s ]
INFO: [ view_filter ] --END-- [ RunTime:0.000182s ]
INFO: [ app_end ] --START--
INFO: Run Behavior\ShowPageTraceBehavior [ RunTime:0.000463s ]
INFO: [ app_end ] --END-- [ RunTime:0.000510s ]

[ 2015-11-06T23:49:37+08:00 ] 192.168.1.139 /index.php?s=/Admin/Uploader/index.html
INFO: [ app_init ] --START--
INFO: Run Behavior\BuildLiteBehavior [ RunTime:0.001000s ]
INFO: [ app_init ] --END-- [ RunTime:0.003171s ]
INFO: [ app_begin ] --START--
INFO: Run Behavior\ReadHtmlCacheBehavior [ RunTime:0.009892s ]
INFO: [ app_begin ] --END-- [ RunTime:0.010942s ]
ERR: 无法加载控制器:Uploader

[ 2015-11-06T23:49:59+08:00 ] 192.168.1.139 /index.php?s=/Admin/Brand/add.html
INFO: [ app_init ] --START--
INFO: Run Behavior\BuildLiteBehavior [ RunTime:0.000027s ]
INFO: [ app_init ] --END-- [ RunTime:0.000498s ]
INFO: [ app_begin ] --START--
INFO: Run Behavior\ReadHtmlCacheBehavior [ RunTime:0.000587s ]
INFO: [ app_begin ] --END-- [ RunTime:0.000674s ]
SQL: SHOW COLUMNS FROM `shop_brand` [ RunTime:0.0014s ]
INFO: [ view_parse ] --START--
INFO: [ template_filter ] --START--
INFO: Run Behavior\ContentReplaceBehavior [ RunTime:0.000157s ]
INFO: [ template_filter ] --END-- [ RunTime:0.000303s ]
NOTIC: [8] Undefined variable: name /root/www/admin.think.com/Application/Runtime/Cache/Admin/f0554bf02703e0d58b71735b04d5c4b6.php 第 30 行.
NOTIC: [8] Undefined variable: urll /root/www/admin.think.com/Application/Runtime/Cache/Admin/f0554bf02703e0d58b71735b04d5c4b6.php 第 37 行.
NOTIC: [8] Undefined variable: logo /root/www/admin.think.com/Application/Runtime/Cache/Admin/f0554bf02703e0d58b71735b04d5c4b6.php 第 44 行.
NOTIC: [8] Undefined variable: logo /root/www/admin.think.com/Application/Runtime/Cache/Admin/f0554bf02703e0d58b71735b04d5c4b6.php 第 45 行.
NOTIC: [8] Undefined variable: logo /root/www/admin.think.com/Application/Runtime/Cache/Admin/f0554bf02703e0d58b71735b04d5c4b6.php 第 46 行.
NOTIC: [8] Undefined variable: logo /root/www/admin.think.com/Application/Runtime/Cache/Admin/f0554bf02703e0d58b71735b04d5c4b6.php 第 47 行.
NOTIC: [8] Undefined variable: intro /root/www/admin.think.com/Application/Runtime/Cache/Admin/f0554bf02703e0d58b71735b04d5c4b6.php 第 56 行.
NOTIC: [8] Undefined variable: sort /root/www/admin.think.com/Application/Runtime/Cache/Admin/f0554bf02703e0d58b71735b04d5c4b6.php 第 70 行.
NOTIC: [8] Undefined variable: id /root/www/admin.think.com/Application/Runtime/Cache/Admin/f0554bf02703e0d58b71735b04d5c4b6.php 第 76 行.
INFO: Run Behavior\ParseTemplateBehavior [ RunTime:0.011797s ]
INFO: [ view_parse ] --END-- [ RunTime:0.011862s ]
INFO: [ view_filter ] --START--
INFO: Run Behavior\WriteHtmlCacheBehavior [ RunTime:0.000867s ]
INFO: [ view_filter ] --END-- [ RunTime:0.000956s ]
INFO: [ app_end ] --START--
INFO: Run Behavior\ShowPageTraceBehavior [ RunTime:0.000543s ]
INFO: [ app_end ] --END-- [ RunTime:0.000625s ]

[ 2015-11-06T23:50:04+08:00 ] 192.168.1.139 /index.php?s=/Admin/Upload/index.html
INFO: [ app_init ] --START--
INFO: Run Behavior\BuildLiteBehavior [ RunTime:0.000023s ]
INFO: [ app_init ] --END-- [ RunTime:0.000488s ]
INFO: [ app_begin ] --START--
INFO: Run Behavior\ReadHtmlCacheBehavior [ RunTime:0.001136s ]
INFO: [ app_begin ] --END-- [ RunTime:0.001229s ]
ERR: 无法加载控制器:Upload

[ 2015-11-06T23:51:30+08:00 ] 192.168.1.139 /index.php?s=/Admin/Brand/add.html
INFO: [ app_init ] --START--
INFO: Run Behavior\BuildLiteBehavior [ RunTime:0.000026s ]
INFO: [ app_init ] --END-- [ RunTime:0.000689s ]
INFO: [ app_begin ] --START--
INFO: Run Behavior\ReadHtmlCacheBehavior [ RunTime:0.000568s ]
INFO: [ app_begin ] --END-- [ RunTime:0.000766s ]
SQL: SHOW COLUMNS FROM `shop_brand` [ RunTime:0.0007s ]
INFO: [ view_parse ] --START--
INFO: [ template_filter ] --START--
INFO: Run Behavior\ContentReplaceBehavior [ RunTime:0.000180s ]
INFO: [ template_filter ] --END-- [ RunTime:0.000485s ]
NOTIC: [8] Undefined variable: name /root/www/admin.think.com/Application/Runtime/Cache/Admin/f0554bf02703e0d58b71735b04d5c4b6.php 第 30 行.
NOTIC: [8] Undefined variable: urll /root/www/admin.think.com/Application/Runtime/Cache/Admin/f0554bf02703e0d58b71735b04d5c4b6.php 第 37 行.
NOTIC: [8] Undefined variable: logo /root/www/admin.think.com/Application/Runtime/Cache/Admin/f0554bf02703e0d58b71735b04d5c4b6.php 第 44 行.
NOTIC: [8] Undefined variable: logo /root/www/admin.think.com/Application/Runtime/Cache/Admin/f0554bf02703e0d58b71735b04d5c4b6.php 第 45 行.
NOTIC: [8] Undefined variable: logo /root/www/admin.think.com/Application/Runtime/Cache/Admin/f0554bf02703e0d58b71735b04d5c4b6.php 第 46 行.
NOTIC: [8] Undefined variable: logo /root/www/admin.think.com/Application/Runtime/Cache/Admin/f0554bf02703e0d58b71735b04d5c4b6.php 第 47 行.
NOTIC: [8] Undefined variable: intro /root/www/admin.think.com/Application/Runtime/Cache/Admin/f0554bf02703e0d58b71735b04d5c4b6.php 第 56 行.
NOTIC: [8] Undefined variable: sort /root/www/admin.think.com/Application/Runtime/Cache/Admin/f0554bf02703e0d58b71735b04d5c4b6.php 第 70 行.
NOTIC: [8] Undefined variable: id /root/www/admin.think.com/Application/Runtime/Cache/Admin/f0554bf02703e0d58b71735b04d5c4b6.php 第 76 行.
INFO: Run Behavior\ParseTemplateBehavior [ RunTime:0.013477s ]
INFO: [ view_parse ] --END-- [ RunTime:0.013536s ]
INFO: [ view_filter ] --START--
INFO: Run Behavior\WriteHtmlCacheBehavior [ RunTime:0.000295s ]
INFO: [ view_filter ] --END-- [ RunTime:0.000366s ]
INFO: [ app_end ] --START--
INFO: Run Behavior\ShowPageTraceBehavior [ RunTime:0.000355s ]
INFO: [ app_end ] --END-- [ RunTime:0.000419s ]

[ 2015-11-06T23:51:34+08:00 ] 192.168.1.139 /index.php?s=/Admin/Upload/index.html
INFO: [ app_init ] --START--
INFO: Run Behavior\BuildLiteBehavior [ RunTime:0.000033s ]
INFO: [ app_init ] --END-- [ RunTime:0.000600s ]
INFO: [ app_begin ] --START--
INFO: Run Behavior\ReadHtmlCacheBehavior [ RunTime:0.000213s ]
INFO: [ app_begin ] --END-- [ RunTime:0.000241s ]
NOTIC: [8] Undefined index: Filedata /root/www/admin.think.com/Application/Admin/Controller/UploadController.class.php 第 95 行.
NOTIC: [8] Undefined index: tmp_name /root/www/ThinkPHP/Library/Think/Upload.class.php 第 164 行.
NOTIC: [2] finfo_file(): Empty filename or path /root/www/ThinkPHP/Library/Think/Upload.class.php 第 164 行.
NOTIC: [8] Undefined index: error /root/www/ThinkPHP/Library/Think/Upload.class.php 第 284 行.
NOTIC: [8] Undefined index: tmp_name /root/www/ThinkPHP/Library/Think/Upload.class.php 第 295 行.
INFO: [ app_end ] --START--
INFO: Run Behavior\ShowPageTraceBehavior [ RunTime:0.000440s ]
INFO: [ app_end ] --END-- [ RunTime:0.000499s ]

[ 2015-11-06T23:51:43+08:00 ] 192.168.1.139 /index.php?s=/Admin/Brand/add.html
INFO: [ app_init ] --START--
INFO: Run Behavior\BuildLiteBehavior [ RunTime:0.000025s ]
INFO: [ app_init ] --END-- [ RunTime:0.001050s ]
INFO: [ app_begin ] --START--
INFO: Run Behavior\ReadHtmlCacheBehavior [ RunTime:0.001394s ]
INFO: [ app_begin ] --END-- [ RunTime:0.001493s ]
SQL: SHOW COLUMNS FROM `shop_brand` [ RunTime:0.0007s ]
INFO: [ view_parse ] --START--
INFO: [ template_filter ] --START--
INFO: Run Behavior\ContentReplaceBehavior [ RunTime:0.000108s ]
INFO: [ template_filter ] --END-- [ RunTime:0.000168s ]
NOTIC: [8] Undefined variable: name /root/www/admin.think.com/Application/Runtime/Cache/Admin/f0554bf02703e0d58b71735b04d5c4b6.php 第 30 行.
NOTIC: [8] Undefined variable: urll /root/www/admin.think.com/Application/Runtime/Cache/Admin/f0554bf02703e0d58b71735b04d5c4b6.php 第 37 行.
NOTIC: [8] Undefined variable: logo /root/www/admin.think.com/Application/Runtime/Cache/Admin/f0554bf02703e0d58b71735b04d5c4b6.php 第 44 行.
NOTIC: [8] Undefined variable: logo /root/www/admin.think.com/Application/Runtime/Cache/Admin/f0554bf02703e0d58b71735b04d5c4b6.php 第 45 行.
NOTIC: [8] Undefined variable: logo /root/www/admin.think.com/Application/Runtime/Cache/Admin/f0554bf02703e0d58b71735b04d5c4b6.php 第 46 行.
NOTIC: [8] Undefined variable: logo /root/www/admin.think.com/Application/Runtime/Cache/Admin/f0554bf02703e0d58b71735b04d5c4b6.php 第 47 行.
NOTIC: [8] Undefined variable: intro /root/www/admin.think.com/Application/Runtime/Cache/Admin/f0554bf02703e0d58b71735b04d5c4b6.php 第 56 行.
NOTIC: [8] Undefined variable: sort /root/www/admin.think.com/Application/Runtime/Cache/Admin/f0554bf02703e0d58b71735b04d5c4b6.php 第 70 行.
NOTIC: [8] Undefined variable: id /root/www/admin.think.com/Application/Runtime/Cache/Admin/f0554bf02703e0d58b71735b04d5c4b6.php 第 76 行.
INFO: Run Behavior\ParseTemplateBehavior [ RunTime:0.009221s ]
INFO: [ view_parse ] --END-- [ RunTime:0.009326s ]
INFO: [ view_filter ] --START--
INFO: Run Behavior\WriteHtmlCacheBehavior [ RunTime:0.000235s ]
INFO: [ view_filter ] --END-- [ RunTime:0.000294s ]
INFO: [ app_end ] --START--
INFO: Run Behavior\ShowPageTraceBehavior [ RunTime:0.000602s ]
INFO: [ app_end ] --END-- [ RunTime:0.000689s ]

[ 2015-11-06T23:51:53+08:00 ] 192.168.1.139 /index.php?s=/Admin/Brand/add.html
INFO: [ app_init ] --START--
INFO: Run Behavior\BuildLiteBehavior [ RunTime:0.000028s ]
INFO: [ app_init ] --END-- [ RunTime:0.000273s ]
INFO: [ app_begin ] --START--
INFO: Run Behavior\ReadHtmlCacheBehavior [ RunTime:0.000762s ]
INFO: [ app_begin ] --END-- [ RunTime:0.000876s ]
SQL: SHOW COLUMNS FROM `shop_brand` [ RunTime:0.0007s ]
INFO: [ view_parse ] --START--
INFO: [ template_filter ] --START--
INFO: Run Behavior\ContentReplaceBehavior [ RunTime:0.000118s ]
INFO: [ template_filter ] --END-- [ RunTime:0.000176s ]
NOTIC: [8] Undefined variable: name /root/www/admin.think.com/Application/Runtime/Cache/Admin/f0554bf02703e0d58b71735b04d5c4b6.php 第 30 行.
NOTIC: [8] Undefined variable: urll /root/www/admin.think.com/Application/Runtime/Cache/Admin/f0554bf02703e0d58b71735b04d5c4b6.php 第 37 行.
NOTIC: [8] Undefined variable: logo /root/www/admin.think.com/Application/Runtime/Cache/Admin/f0554bf02703e0d58b71735b04d5c4b6.php 第 44 行.
NOTIC: [8] Undefined variable: logo /root/www/admin.think.com/Application/Runtime/Cache/Admin/f0554bf02703e0d58b71735b04d5c4b6.php 第 45 行.
NOTIC: [8] Undefined variable: logo /root/www/admin.think.com/Application/Runtime/Cache/Admin/f0554bf02703e0d58b71735b04d5c4b6.php 第 46 行.
NOTIC: [8] Undefined variable: logo /root/www/admin.think.com/Application/Runtime/Cache/Admin/f0554bf02703e0d58b71735b04d5c4b6.php 第 47 行.
NOTIC: [8] Undefined variable: intro /root/www/admin.think.com/Application/Runtime/Cache/Admin/f0554bf02703e0d58b71735b04d5c4b6.php 第 56 行.
NOTIC: [8] Undefined variable: sort /root/www/admin.think.com/Application/Runtime/Cache/Admin/f0554bf02703e0d58b71735b04d5c4b6.php 第 70 行.
NOTIC: [8] Undefined variable: id /root/www/admin.think.com/Application/Runtime/Cache/Admin/f0554bf02703e0d58b71735b04d5c4b6.php 第 76 行.
INFO: Run Behavior\ParseTemplateBehavior [ RunTime:0.015726s ]
INFO: [ view_parse ] --END-- [ RunTime:0.015797s ]
INFO: [ view_filter ] --START--
INFO: Run Behavior\WriteHtmlCacheBehavior [ RunTime:0.000970s ]
INFO: [ view_filter ] --END-- [ RunTime:0.001037s ]
INFO: [ app_end ] --START--
INFO: Run Behavior\ShowPageTraceBehavior [ RunTime:0.001877s ]
INFO: [ app_end ] --END-- [ RunTime:0.002892s ]

[ 2015-11-06T23:51:57+08:00 ] 192.168.1.139 /index.php?s=/Admin/Upload/index.html
INFO: [ app_init ] --START--
INFO: Run Behavior\BuildLiteBehavior [ RunTime:0.000029s ]
INFO: [ app_init ] --END-- [ RunTime:0.000542s ]
INFO: [ app_begin ] --START--
INFO: Run Behavior\ReadHtmlCacheBehavior [ RunTime:0.007864s ]
INFO: [ app_begin ] --END-- [ RunTime:0.007999s ]
NOTIC: [8] Undefined index: Filedata /root/www/admin.think.com/Application/Admin/Controller/UploadController.class.php 第 95 行.
NOTIC: [8] Undefined index: tmp_name /root/www/ThinkPHP/Library/Think/Upload.class.php 第 164 行.
NOTIC: [2] finfo_file(): Empty filename or path /root/www/ThinkPHP/Library/Think/Upload.class.php 第 164 行.
NOTIC: [8] Undefined index: error /root/www/ThinkPHP/Library/Think/Upload.class.php 第 284 行.
NOTIC: [8] Undefined index: tmp_name /root/www/ThinkPHP/Library/Think/Upload.class.php 第 295 行.
INFO: [ app_end ] --START--
INFO: Run Behavior\ShowPageTraceBehavior [ RunTime:0.000835s ]
INFO: [ app_end ] --END-- [ RunTime:0.001733s ]

[ 2015-11-06T23:53:18+08:00 ] 192.168.1.139 /index.php?s=/Admin/Brand/add.html
INFO: [ app_init ] --START--
INFO: Run Behavior\BuildLiteBehavior [ RunTime:0.000018s ]
INFO: [ app_init ] --END-- [ RunTime:0.000372s ]
INFO: [ app_begin ] --START--
INFO: Run Behavior\ReadHtmlCacheBehavior [ RunTime:0.000582s ]
INFO: [ app_begin ] --END-- [ RunTime:0.000691s ]
SQL: SHOW COLUMNS FROM `shop_brand` [ RunTime:0.0024s ]
INFO: [ view_parse ] --START--
INFO: [ template_filter ] --START--
INFO: Run Behavior\ContentReplaceBehavior [ RunTime:0.000111s ]
INFO: [ template_filter ] --END-- [ RunTime:0.000178s ]
NOTIC: [8] Undefined variable: name /root/www/admin.think.com/Application/Runtime/Cache/Admin/f0554bf02703e0d58b71735b04d5c4b6.php 第 30 行.
NOTIC: [8] Undefined variable: urll /root/www/admin.think.com/Application/Runtime/Cache/Admin/f0554bf02703e0d58b71735b04d5c4b6.php 第 37 行.
NOTIC: [8] Undefined variable: logo /root/www/admin.think.com/Application/Runtime/Cache/Admin/f0554bf02703e0d58b71735b04d5c4b6.php 第 44 行.
NOTIC: [8] Undefined variable: logo /root/www/admin.think.com/Application/Runtime/Cache/Admin/f0554bf02703e0d58b71735b04d5c4b6.php 第 45 行.
NOTIC: [8] Undefined variable: logo /root/www/admin.think.com/Application/Runtime/Cache/Admin/f0554bf02703e0d58b71735b04d5c4b6.php 第 46 行.
NOTIC: [8] Undefined variable: logo /root/www/admin.think.com/Application/Runtime/Cache/Admin/f0554bf02703e0d58b71735b04d5c4b6.php 第 47 行.
NOTIC: [8] Undefined variable: intro /root/www/admin.think.com/Application/Runtime/Cache/Admin/f0554bf02703e0d58b71735b04d5c4b6.php 第 56 行.
NOTIC: [8] Undefined variable: sort /root/www/admin.think.com/Application/Runtime/Cache/Admin/f0554bf02703e0d58b71735b04d5c4b6.php 第 70 行.
NOTIC: [8] Undefined variable: id /root/www/admin.think.com/Application/Runtime/Cache/Admin/f0554bf02703e0d58b71735b04d5c4b6.php 第 76 行.
INFO: Run Behavior\ParseTemplateBehavior [ RunTime:0.012474s ]
INFO: [ view_parse ] --END-- [ RunTime:0.012506s ]
INFO: [ view_filter ] --START--
INFO: Run Behavior\WriteHtmlCacheBehavior [ RunTime:0.001345s ]
INFO: [ view_filter ] --END-- [ RunTime:0.002345s ]
INFO: [ app_end ] --START--
INFO: Run Behavior\ShowPageTraceBehavior [ RunTime:0.002060s ]
INFO: [ app_end ] --END-- [ RunTime:0.003121s ]

[ 2015-11-06T23:53:25+08:00 ] 192.168.1.139 /index.php?s=/Admin/Upload/index.html
INFO: [ app_init ] --START--
INFO: Run Behavior\BuildLiteBehavior [ RunTime:0.000029s ]
INFO: [ app_init ] --END-- [ RunTime:0.000451s ]
INFO: [ app_begin ] --START--
INFO: Run Behavior\ReadHtmlCacheBehavior [ RunTime:0.000606s ]
INFO: [ app_begin ] --END-- [ RunTime:0.000713s ]
NOTIC: [2] call_user_func() expects parameter 1 to be a valid callback, no array or string given /root/www/ThinkPHP/Library/Think/Upload.class.php 第 182 行.
INFO: [ app_end ] --START--
INFO: Run Behavior\ShowPageTraceBehavior [ RunTime:0.000542s ]
INFO: [ app_end ] --END-- [ RunTime:0.000671s ]

[ 2015-11-06T23:54:13+08:00 ] 192.168.1.139 /index.php?s=/Admin/Brand/add.html
INFO: [ app_init ] --START--
INFO: Run Behavior\BuildLiteBehavior [ RunTime:0.000000s ]
INFO: [ app_init ] --END-- [ RunTime:0.000153s ]
INFO: [ app_begin ] --START--
INFO: Run Behavior\ReadHtmlCacheBehavior [ RunTime:0.002000s ]
INFO: [ app_begin ] --END-- [ RunTime:0.008219s ]
SQL: SHOW COLUMNS FROM `shop_brand` [ RunTime:0.0008s ]
INFO: [ view_parse ] --START--
INFO: [ template_filter ] --START--
INFO: Run Behavior\ContentReplaceBehavior [ RunTime:0.000117s ]
INFO: [ template_filter ] --END-- [ RunTime:0.000172s ]
NOTIC: [8] Undefined variable: name /root/www/admin.think.com/Application/Runtime/Cache/Admin/f0554bf02703e0d58b71735b04d5c4b6.php 第 30 行.
NOTIC: [8] Undefined variable: urll /root/www/admin.think.com/Application/Runtime/Cache/Admin/f0554bf02703e0d58b71735b04d5c4b6.php 第 37 行.
NOTIC: [8] Undefined variable: logo /root/www/admin.think.com/Application/Runtime/Cache/Admin/f0554bf02703e0d58b71735b04d5c4b6.php 第 44 行.
NOTIC: [8] Undefined variable: logo /root/www/admin.think.com/Application/Runtime/Cache/Admin/f0554bf02703e0d58b71735b04d5c4b6.php 第 45 行.
NOTIC: [8] Undefined variable: logo /root/www/admin.think.com/Application/Runtime/Cache/Admin/f0554bf02703e0d58b71735b04d5c4b6.php 第 46 行.
NOTIC: [8] Undefined variable: logo /root/www/admin.think.com/Application/Runtime/Cache/Admin/f0554bf02703e0d58b71735b04d5c4b6.php 第 47 行.
NOTIC: [8] Undefined variable: intro /root/www/admin.think.com/Application/Runtime/Cache/Admin/f0554bf02703e0d58b71735b04d5c4b6.php 第 56 行.
NOTIC: [8] Undefined variable: sort /root/www/admin.think.com/Application/Runtime/Cache/Admin/f0554bf02703e0d58b71735b04d5c4b6.php 第 70 行.
NOTIC: [8] Undefined variable: id /root/www/admin.think.com/Application/Runtime/Cache/Admin/f0554bf02703e0d58b71735b04d5c4b6.php 第 76 行.
INFO: Run Behavior\ParseTemplateBehavior [ RunTime:0.011150s ]
INFO: [ view_parse ] --END-- [ RunTime:0.011197s ]
INFO: [ view_filter ] --START--
INFO: Run Behavior\WriteHtmlCacheBehavior [ RunTime:0.000205s ]
INFO: [ view_filter ] --END-- [ RunTime:0.000266s ]
INFO: [ app_end ] --START--
INFO: Run Behavior\ShowPageTraceBehavior [ RunTime:0.001396s ]
INFO: [ app_end ] --END-- [ RunTime:0.001477s ]

[ 2015-11-06T23:54:18+08:00 ] 192.168.1.139 /index.php?s=/Admin/Upload/index.html
INFO: [ app_init ] --START--
INFO: Run Behavior\BuildLiteBehavior [ RunTime:0.000758s ]
INFO: [ app_init ] --END-- [ RunTime:0.002815s ]
INFO: [ app_begin ] --START--
INFO: Run Behavior\ReadHtmlCacheBehavior [ RunTime:0.001360s ]
INFO: [ app_begin ] --END-- [ RunTime:0.002390s ]

[ 2015-11-06T23:54:54+08:00 ] 192.168.1.139 /index.php?s=/Admin/Brand/add.html
INFO: [ app_init ] --START--
INFO: Run Behavior\BuildLiteBehavior [ RunTime:0.000014s ]
INFO: [ app_init ] --END-- [ RunTime:0.000335s ]
INFO: [ app_begin ] --START--
INFO: Run Behavior\ReadHtmlCacheBehavior [ RunTime:0.000726s ]
INFO: [ app_begin ] --END-- [ RunTime:0.002021s ]
SQL: SHOW COLUMNS FROM `shop_brand` [ RunTime:0.0008s ]
INFO: [ view_parse ] --START--
INFO: [ template_filter ] --START--
INFO: Run Behavior\ContentReplaceBehavior [ RunTime:0.000053s ]
INFO: [ template_filter ] --END-- [ RunTime:0.000088s ]
NOTIC: [8] Undefined variable: name /root/www/admin.think.com/Application/Runtime/Cache/Admin/f0554bf02703e0d58b71735b04d5c4b6.php 第 30 行.
NOTIC: [8] Undefined variable: urll /root/www/admin.think.com/Application/Runtime/Cache/Admin/f0554bf02703e0d58b71735b04d5c4b6.php 第 37 行.
NOTIC: [8] Undefined variable: logo /root/www/admin.think.com/Application/Runtime/Cache/Admin/f0554bf02703e0d58b71735b04d5c4b6.php 第 44 行.
NOTIC: [8] Undefined variable: logo /root/www/admin.think.com/Application/Runtime/Cache/Admin/f0554bf02703e0d58b71735b04d5c4b6.php 第 45 行.
NOTIC: [8] Undefined variable: logo /root/www/admin.think.com/Application/Runtime/Cache/Admin/f0554bf02703e0d58b71735b04d5c4b6.php 第 46 行.
NOTIC: [8] Undefined variable: logo /root/www/admin.think.com/Application/Runtime/Cache/Admin/f0554bf02703e0d58b71735b04d5c4b6.php 第 47 行.
NOTIC: [8] Undefined variable: intro /root/www/admin.think.com/Application/Runtime/Cache/Admin/f0554bf02703e0d58b71735b04d5c4b6.php 第 56 行.
NOTIC: [8] Undefined variable: sort /root/www/admin.think.com/Application/Runtime/Cache/Admin/f0554bf02703e0d58b71735b04d5c4b6.php 第 70 行.
NOTIC: [8] Undefined variable: id /root/www/admin.think.com/Application/Runtime/Cache/Admin/f0554bf02703e0d58b71735b04d5c4b6.php 第 76 行.
INFO: Run Behavior\ParseTemplateBehavior [ RunTime:0.011136s ]
INFO: [ view_parse ] --END-- [ RunTime:0.011151s ]
INFO: [ view_filter ] --START--
INFO: Run Behavior\WriteHtmlCacheBehavior [ RunTime:0.000263s ]
INFO: [ view_filter ] --END-- [ RunTime:0.000316s ]
INFO: [ app_end ] --START--
INFO: Run Behavior\ShowPageTraceBehavior [ RunTime:0.000433s ]
INFO: [ app_end ] --END-- [ RunTime:0.000447s ]

[ 2015-11-06T23:54:59+08:00 ] 192.168.1.139 /index.php?s=/Admin/Upload/index.html
INFO: [ app_init ] --START--
INFO: Run Behavior\BuildLiteBehavior [ RunTime:0.001000s ]
INFO: [ app_init ] --END-- [ RunTime:0.005000s ]
INFO: [ app_begin ] --START--
INFO: Run Behavior\ReadHtmlCacheBehavior [ RunTime:0.000544s ]
INFO: [ app_begin ] --END-- [ RunTime:0.000605s ]
NOTIC: [2] call_user_func() expects parameter 1 to be a valid callback, no array or string given /root/www/ThinkPHP/Library/Think/Upload.class.php 第 182 行.
INFO: [ app_end ] --START--
INFO: Run Behavior\ShowPageTraceBehavior [ RunTime:0.000485s ]
INFO: [ app_end ] --END-- [ RunTime:0.000614s ]

[ 2015-11-06T23:55:51+08:00 ] 192.168.1.139 /index.php?s=/Admin/Brand/add.html
INFO: [ app_init ] --START--
INFO: Run Behavior\BuildLiteBehavior [ RunTime:0.000025s ]
INFO: [ app_init ] --END-- [ RunTime:0.000506s ]
INFO: [ app_begin ] --START--
INFO: Run Behavior\ReadHtmlCacheBehavior [ RunTime:0.000541s ]
INFO: [ app_begin ] --END-- [ RunTime:0.001454s ]
SQL: SHOW COLUMNS FROM `shop_brand` [ RunTime:0.0009s ]
INFO: [ view_parse ] --START--
INFO: [ template_filter ] --START--
INFO: Run Behavior\ContentReplaceBehavior [ RunTime:0.000130s ]
INFO: [ template_filter ] --END-- [ RunTime:0.000198s ]
NOTIC: [8] Undefined variable: name /root/www/admin.think.com/Application/Runtime/Cache/Admin/f0554bf02703e0d58b71735b04d5c4b6.php 第 30 行.
NOTIC: [8] Undefined variable: urll /root/www/admin.think.com/Application/Runtime/Cache/Admin/f0554bf02703e0d58b71735b04d5c4b6.php 第 37 行.
NOTIC: [8] Undefined variable: logo /root/www/admin.think.com/Application/Runtime/Cache/Admin/f0554bf02703e0d58b71735b04d5c4b6.php 第 44 行.
NOTIC: [8] Undefined variable: logo /root/www/admin.think.com/Application/Runtime/Cache/Admin/f0554bf02703e0d58b71735b04d5c4b6.php 第 45 行.
NOTIC: [8] Undefined variable: logo /root/www/admin.think.com/Application/Runtime/Cache/Admin/f0554bf02703e0d58b71735b04d5c4b6.php 第 46 行.
NOTIC: [8] Undefined variable: logo /root/www/admin.think.com/Application/Runtime/Cache/Admin/f0554bf02703e0d58b71735b04d5c4b6.php 第 47 行.
NOTIC: [8] Undefined variable: intro /root/www/admin.think.com/Application/Runtime/Cache/Admin/f0554bf02703e0d58b71735b04d5c4b6.php 第 56 行.
NOTIC: [8] Undefined variable: sort /root/www/admin.think.com/Application/Runtime/Cache/Admin/f0554bf02703e0d58b71735b04d5c4b6.php 第 70 行.
NOTIC: [8] Undefined variable: id /root/www/admin.think.com/Application/Runtime/Cache/Admin/f0554bf02703e0d58b71735b04d5c4b6.php 第 76 行.
INFO: Run Behavior\ParseTemplateBehavior [ RunTime:0.016902s ]
INFO: [ view_parse ] --END-- [ RunTime:0.016949s ]
INFO: [ view_filter ] --START--
INFO: Run Behavior\WriteHtmlCacheBehavior [ RunTime:0.000337s ]
INFO: [ view_filter ] --END-- [ RunTime:0.000403s ]
INFO: [ app_end ] --START--
INFO: Run Behavior\ShowPageTraceBehavior [ RunTime:0.000784s ]
INFO: [ app_end ] --END-- [ RunTime:0.000861s ]

[ 2015-11-06T23:55:56+08:00 ] 192.168.1.139 /index.php?s=/Admin/Upload/index.html
INFO: [ app_init ] --START--
INFO: Run Behavior\BuildLiteBehavior [ RunTime:0.000007s ]
INFO: [ app_init ] --END-- [ RunTime:0.000421s ]
INFO: [ app_begin ] --START--
INFO: Run Behavior\ReadHtmlCacheBehavior [ RunTime:0.000616s ]
INFO: [ app_begin ] --END-- [ RunTime:0.001547s ]
NOTIC: [2] call_user_func() expects parameter 1 to be a valid callback, no array or string given /root/www/ThinkPHP/Library/Think/Upload.class.php 第 182 行.

[ 2015-11-06T23:56:14+08:00 ] 192.168.1.139 /index.php?s=/Admin/Brand/add.html
INFO: [ app_init ] --START--
INFO: Run Behavior\BuildLiteBehavior [ RunTime:0.000028s ]
INFO: [ app_init ] --END-- [ RunTime:0.000521s ]
INFO: [ app_begin ] --START--
INFO: Run Behavior\ReadHtmlCacheBehavior [ RunTime:0.001677s ]
INFO: [ app_begin ] --END-- [ RunTime:0.002231s ]
SQL: SHOW COLUMNS FROM `shop_brand` [ RunTime:0.0007s ]
INFO: [ view_parse ] --START--
INFO: [ template_filter ] --START--
INFO: Run Behavior\ContentReplaceBehavior [ RunTime:0.000105s ]
INFO: [ template_filter ] --END-- [ RunTime:0.000167s ]
NOTIC: [8] Undefined variable: name /root/www/admin.think.com/Application/Runtime/Cache/Admin/f0554bf02703e0d58b71735b04d5c4b6.php 第 30 行.
NOTIC: [8] Undefined variable: urll /root/www/admin.think.com/Application/Runtime/Cache/Admin/f0554bf02703e0d58b71735b04d5c4b6.php 第 37 行.
NOTIC: [8] Undefined variable: logo /root/www/admin.think.com/Application/Runtime/Cache/Admin/f0554bf02703e0d58b71735b04d5c4b6.php 第 44 行.
NOTIC: [8] Undefined variable: logo /root/www/admin.think.com/Application/Runtime/Cache/Admin/f0554bf02703e0d58b71735b04d5c4b6.php 第 45 行.
NOTIC: [8] Undefined variable: logo /root/www/admin.think.com/Application/Runtime/Cache/Admin/f0554bf02703e0d58b71735b04d5c4b6.php 第 46 行.
NOTIC: [8] Undefined variable: logo /root/www/admin.think.com/Application/Runtime/Cache/Admin/f0554bf02703e0d58b71735b04d5c4b6.php 第 47 行.
NOTIC: [8] Undefined variable: intro /root/www/admin.think.com/Application/Runtime/Cache/Admin/f0554bf02703e0d58b71735b04d5c4b6.php 第 56 行.
NOTIC: [8] Undefined variable: sort /root/www/admin.think.com/Application/Runtime/Cache/Admin/f0554bf02703e0d58b71735b04d5c4b6.php 第 70 行.
NOTIC: [8] Undefined variable: id /root/www/admin.think.com/Application/Runtime/Cache/Admin/f0554bf02703e0d58b71735b04d5c4b6.php 第 76 行.
INFO: Run Behavior\ParseTemplateBehavior [ RunTime:0.010075s ]
INFO: [ view_parse ] --END-- [ RunTime:0.010127s ]
INFO: [ view_filter ] --START--
INFO: Run Behavior\WriteHtmlCacheBehavior [ RunTime:0.000202s ]
INFO: [ view_filter ] --END-- [ RunTime:0.000247s ]
INFO: [ app_end ] --START--
INFO: Run Behavior\ShowPageTraceBehavior [ RunTime:0.000776s ]
INFO: [ app_end ] --END-- [ RunTime:0.000828s ]

[ 2015-11-06T23:56:19+08:00 ] 192.168.1.139 /index.php?s=/Admin/Upload/index.html
INFO: [ app_init ] --START--
INFO: Run Behavior\BuildLiteBehavior [ RunTime:0.000038s ]
INFO: [ app_init ] --END-- [ RunTime:0.001008s ]
INFO: [ app_begin ] --START--
INFO: Run Behavior\ReadHtmlCacheBehavior [ RunTime:0.001258s ]
INFO: [ app_begin ] --END-- [ RunTime:0.001541s ]
NOTIC: [2] call_user_func() expects parameter 1 to be a valid callback, no array or string given /root/www/ThinkPHP/Library/Think/Upload.class.php 第 182 行.
INFO: [ app_end ] --START--
INFO: Run Behavior\ShowPageTraceBehavior [ RunTime:0.000247s ]
INFO: [ app_end ] --END-- [ RunTime:0.000310s ]

[ 2015-11-06T23:56:51+08:00 ] 192.168.1.139 /index.php?s=/Admin/Brand/add.html
INFO: [ app_init ] --START--
INFO: Run Behavior\BuildLiteBehavior [ RunTime:0.000033s ]
INFO: [ app_init ] --END-- [ RunTime:0.001634s ]
INFO: [ app_begin ] --START--
INFO: Run Behavior\ReadHtmlCacheBehavior [ RunTime:0.000509s ]
INFO: [ app_begin ] --END-- [ RunTime:0.000585s ]
SQL: SHOW COLUMNS FROM `shop_brand` [ RunTime:0.0016s ]
INFO: [ view_parse ] --START--
INFO: [ template_filter ] --START--
INFO: Run Behavior\ContentReplaceBehavior [ RunTime:0.000171s ]
INFO: [ template_filter ] --END-- [ RunTime:0.000239s ]
NOTIC: [8] Undefined variable: name /root/www/admin.think.com/Application/Runtime/Cache/Admin/f0554bf02703e0d58b71735b04d5c4b6.php 第 30 行.
NOTIC: [8] Undefined variable: urll /root/www/admin.think.com/Application/Runtime/Cache/Admin/f0554bf02703e0d58b71735b04d5c4b6.php 第 37 行.
NOTIC: [8] Undefined variable: logo /root/www/admin.think.com/Application/Runtime/Cache/Admin/f0554bf02703e0d58b71735b04d5c4b6.php 第 44 行.
NOTIC: [8] Undefined variable: logo /root/www/admin.think.com/Application/Runtime/Cache/Admin/f0554bf02703e0d58b71735b04d5c4b6.php 第 45 行.
NOTIC: [8] Undefined variable: logo /root/www/admin.think.com/Application/Runtime/Cache/Admin/f0554bf02703e0d58b71735b04d5c4b6.php 第 46 行.
NOTIC: [8] Undefined variable: logo /root/www/admin.think.com/Application/Runtime/Cache/Admin/f0554bf02703e0d58b71735b04d5c4b6.php 第 47 行.
NOTIC: [8] Undefined variable: intro /root/www/admin.think.com/Application/Runtime/Cache/Admin/f0554bf02703e0d58b71735b04d5c4b6.php 第 56 行.
NOTIC: [8] Undefined variable: sort /root/www/admin.think.com/Application/Runtime/Cache/Admin/f0554bf02703e0d58b71735b04d5c4b6.php 第 70 行.
NOTIC: [8] Undefined variable: id /root/www/admin.think.com/Application/Runtime/Cache/Admin/f0554bf02703e0d58b71735b04d5c4b6.php 第 76 行.
INFO: Run Behavior\ParseTemplateBehavior [ RunTime:0.015359s ]
INFO: [ view_parse ] --END-- [ RunTime:0.015572s ]
INFO: [ view_filter ] --START--
INFO: Run Behavior\WriteHtmlCacheBehavior [ RunTime:0.000216s ]
INFO: [ view_filter ] --END-- [ RunTime:0.000261s ]
INFO: [ app_end ] --START--
INFO: Run Behavior\ShowPageTraceBehavior [ RunTime:0.000636s ]
INFO: [ app_end ] --END-- [ RunTime:0.001389s ]

[ 2015-11-06T23:56:56+08:00 ] 192.168.1.139 /index.php?s=/Admin/Upload/index.html
INFO: [ app_init ] --START--
INFO: Run Behavior\BuildLiteBehavior [ RunTime:0.001000s ]
INFO: [ app_init ] --END-- [ RunTime:0.011000s ]
INFO: [ app_begin ] --START--
INFO: Run Behavior\ReadHtmlCacheBehavior [ RunTime:0.002000s ]
INFO: [ app_begin ] --END-- [ RunTime:0.005000s ]
NOTIC: [2] call_user_func() expects parameter 1 to be a valid callback, no array or string given /root/www/ThinkPHP/Library/Think/Upload.class.php 第 182 行.

[ 2015-11-06T23:57:52+08:00 ] 192.168.1.139 /index.php?s=/Admin/Brand/add.html
INFO: [ app_init ] --START--
INFO: Run Behavior\BuildLiteBehavior [ RunTime:0.000028s ]
INFO: [ app_init ] --END-- [ RunTime:0.000528s ]
INFO: [ app_begin ] --START--
INFO: Run Behavior\ReadHtmlCacheBehavior [ RunTime:0.000999s ]
INFO: [ app_begin ] --END-- [ RunTime:0.001701s ]
SQL: SHOW COLUMNS FROM `shop_brand` [ RunTime:0.0011s ]
INFO: [ view_parse ] --START--
INFO: [ template_filter ] --START--
INFO: Run Behavior\ContentReplaceBehavior [ RunTime:0.000169s ]
INFO: [ template_filter ] --END-- [ RunTime:0.000870s ]
NOTIC: [8] Undefined variable: name /root/www/admin.think.com/Application/Runtime/Cache/Admin/f0554bf02703e0d58b71735b04d5c4b6.php 第 30 行.
NOTIC: [8] Undefined variable: urll /root/www/admin.think.com/Application/Runtime/Cache/Admin/f0554bf02703e0d58b71735b04d5c4b6.php 第 37 行.
NOTIC: [8] Undefined variable: logo /root/www/admin.think.com/Application/Runtime/Cache/Admin/f0554bf02703e0d58b71735b04d5c4b6.php 第 44 行.
NOTIC: [8] Undefined variable: logo /root/www/admin.think.com/Application/Runtime/Cache/Admin/f0554bf02703e0d58b71735b04d5c4b6.php 第 45 行.
NOTIC: [8] Undefined variable: logo /root/www/admin.think.com/Application/Runtime/Cache/Admin/f0554bf02703e0d58b71735b04d5c4b6.php 第 46 行.
NOTIC: [8] Undefined variable: logo /root/www/admin.think.com/Application/Runtime/Cache/Admin/f0554bf02703e0d58b71735b04d5c4b6.php 第 47 行.
NOTIC: [8] Undefined variable: intro /root/www/admin.think.com/Application/Runtime/Cache/Admin/f0554bf02703e0d58b71735b04d5c4b6.php 第 56 行.
NOTIC: [8] Undefined variable: sort /root/www/admin.think.com/Application/Runtime/Cache/Admin/f0554bf02703e0d58b71735b04d5c4b6.php 第 70 行.
NOTIC: [8] Undefined variable: id /root/www/admin.think.com/Application/Runtime/Cache/Admin/f0554bf02703e0d58b71735b04d5c4b6.php 第 76 行.
INFO: Run Behavior\ParseTemplateBehavior [ RunTime:0.013645s ]
INFO: [ view_parse ] --END-- [ RunTime:0.013666s ]
INFO: [ view_filter ] --START--
INFO: Run Behavior\WriteHtmlCacheBehavior [ RunTime:0.000010s ]
INFO: [ view_filter ] --END-- [ RunTime:0.000034s ]
INFO: [ app_end ] --START--
INFO: Run Behavior\ShowPageTraceBehavior [ RunTime:0.000432s ]
INFO: [ app_end ] --END-- [ RunTime:0.000536s ]

[ 2015-11-06T23:57:58+08:00 ] 192.168.1.139 /index.php?s=/Admin/Upload/index.html
INFO: [ app_init ] --START--
INFO: Run Behavior\BuildLiteBehavior [ RunTime:0.000035s ]
INFO: [ app_init ] --END-- [ RunTime:0.000571s ]
INFO: [ app_begin ] --START--
INFO: Run Behavior\ReadHtmlCacheBehavior [ RunTime:0.002000s ]
INFO: [ app_begin ] --END-- [ RunTime:0.004000s ]
NOTIC: [2] call_user_func() expects parameter 1 to be a valid callback, no array or string given /root/www/ThinkPHP/Library/Think/Upload.class.php 第 182 行.

[ 2015-11-06T23:58:51+08:00 ] 192.168.1.139 /index.php?s=/Admin/Brand/add.html
INFO: [ app_init ] --START--
INFO: Run Behavior\BuildLiteBehavior [ RunTime:0.000025s ]
INFO: [ app_init ] --END-- [ RunTime:0.000643s ]
INFO: [ app_begin ] --START--
INFO: Run Behavior\ReadHtmlCacheBehavior [ RunTime:0.000083s ]
INFO: [ app_begin ] --END-- [ RunTime:0.000133s ]
SQL: SHOW COLUMNS FROM `shop_brand` [ RunTime:0.0019s ]
INFO: [ view_parse ] --START--
INFO: [ template_filter ] --START--
INFO: Run Behavior\ContentReplaceBehavior [ RunTime:0.000088s ]
INFO: [ template_filter ] --END-- [ RunTime:0.000570s ]
NOTIC: [8] Undefined variable: name /root/www/admin.think.com/Application/Runtime/Cache/Admin/f0554bf02703e0d58b71735b04d5c4b6.php 第 30 行.
NOTIC: [8] Undefined variable: urll /root/www/admin.think.com/Application/Runtime/Cache/Admin/f0554bf02703e0d58b71735b04d5c4b6.php 第 37 行.
NOTIC: [8] Undefined variable: logo /root/www/admin.think.com/Application/Runtime/Cache/Admin/f0554bf02703e0d58b71735b04d5c4b6.php 第 44 行.
NOTIC: [8] Undefined variable: logo /root/www/admin.think.com/Application/Runtime/Cache/Admin/f0554bf02703e0d58b71735b04d5c4b6.php 第 45 行.
NOTIC: [8] Undefined variable: logo /root/www/admin.think.com/Application/Runtime/Cache/Admin/f0554bf02703e0d58b71735b04d5c4b6.php 第 46 行.
NOTIC: [8] Undefined variable: logo /root/www/admin.think.com/Application/Runtime/Cache/Admin/f0554bf02703e0d58b71735b04d5c4b6.php 第 47 行.
NOTIC: [8] Undefined variable: intro /root/www/admin.think.com/Application/Runtime/Cache/Admin/f0554bf02703e0d58b71735b04d5c4b6.php 第 56 行.
NOTIC: [8] Undefined variable: sort /root/www/admin.think.com/Application/Runtime/Cache/Admin/f0554bf02703e0d58b71735b04d5c4b6.php 第 70 行.
NOTIC: [8] Undefined variable: id /root/www/admin.think.com/Application/Runtime/Cache/Admin/f0554bf02703e0d58b71735b04d5c4b6.php 第 76 行.
INFO: Run Behavior\ParseTemplateBehavior [ RunTime:0.016955s ]
INFO: [ view_parse ] --END-- [ RunTime:0.017069s ]
INFO: [ view_filter ] --START--
INFO: Run Behavior\WriteHtmlCacheBehavior [ RunTime:0.000202s ]
INFO: [ view_filter ] --END-- [ RunTime:0.000243s ]
INFO: [ app_end ] --START--
INFO: Run Behavior\ShowPageTraceBehavior [ RunTime:0.001777s ]
INFO: [ app_end ] --END-- [ RunTime:0.002497s ]

[ 2015-11-06T23:58:57+08:00 ] 192.168.1.139 /index.php?s=/Admin/Upload/index.html
INFO: [ app_init ] --START--
INFO: Run Behavior\BuildLiteBehavior [ RunTime:0.000029s ]
INFO: [ app_init ] --END-- [ RunTime:0.000478s ]
INFO: [ app_begin ] --START--
INFO: Run Behavior\ReadHtmlCacheBehavior [ RunTime:0.000573s ]
INFO: [ app_begin ] --END-- [ RunTime:0.000672s ]
NOTIC: [2] call_user_func() expects parameter 1 to be a valid callback, no array or string given /root/www/ThinkPHP/Library/Think/Upload.class.php 第 182 行.

[ 2015-11-06T23:59:49+08:00 ] 192.168.1.139 /index.php?s=/Admin/Brand/add.html
INFO: [ app_init ] --START--
INFO: Run Behavior\BuildLiteBehavior [ RunTime:0.000027s ]
INFO: [ app_init ] --END-- [ RunTime:0.000486s ]
INFO: [ app_begin ] --START--
INFO: Run Behavior\ReadHtmlCacheBehavior [ RunTime:0.001157s ]
INFO: [ app_begin ] --END-- [ RunTime:0.001298s ]
SQL: SHOW COLUMNS FROM `shop_brand` [ RunTime:0.0010s ]
INFO: [ view_parse ] --START--
INFO: [ template_filter ] --START--
INFO: Run Behavior\ContentReplaceBehavior [ RunTime:0.000929s ]
INFO: [ template_filter ] --END-- [ RunTime:0.007223s ]
NOTIC: [8] Undefined variable: name /root/www/admin.think.com/Application/Runtime/Cache/Admin/f0554bf02703e0d58b71735b04d5c4b6.php 第 30 行.
NOTIC: [8] Undefined variable: urll /root/www/admin.think.com/Application/Runtime/Cache/Admin/f0554bf02703e0d58b71735b04d5c4b6.php 第 37 行.
NOTIC: [8] Undefined variable: logo /root/www/admin.think.com/Application/Runtime/Cache/Admin/f0554bf02703e0d58b71735b04d5c4b6.php 第 44 行.
NOTIC: [8] Undefined variable: logo /root/www/admin.think.com/Application/Runtime/Cache/Admin/f0554bf02703e0d58b71735b04d5c4b6.php 第 45 行.
NOTIC: [8] Undefined variable: logo /root/www/admin.think.com/Application/Runtime/Cache/Admin/f0554bf02703e0d58b71735b04d5c4b6.php 第 46 行.
NOTIC: [8] Undefined variable: logo /root/www/admin.think.com/Application/Runtime/Cache/Admin/f0554bf02703e0d58b71735b04d5c4b6.php 第 47 行.
NOTIC: [8] Undefined variable: intro /root/www/admin.think.com/Application/Runtime/Cache/Admin/f0554bf02703e0d58b71735b04d5c4b6.php 第 56 行.
NOTIC: [8] Undefined variable: sort /root/www/admin.think.com/Application/Runtime/Cache/Admin/f0554bf02703e0d58b71735b04d5c4b6.php 第 70 行.
NOTIC: [8] Undefined variable: id /root/www/admin.think.com/Application/Runtime/Cache/Admin/f0554bf02703e0d58b71735b04d5c4b6.php 第 76 行.
INFO: Run Behavior\ParseTemplateBehavior [ RunTime:0.041321s ]
INFO: [ view_parse ] --END-- [ RunTime:0.041450s ]
INFO: [ view_filter ] --START--
INFO: Run Behavior\WriteHtmlCacheBehavior [ RunTime:0.000183s ]
INFO: [ view_filter ] --END-- [ RunTime:0.000836s ]
INFO: [ app_end ] --START--
INFO: Run Behavior\ShowPageTraceBehavior [ RunTime:0.000233s ]
INFO: [ app_end ] --END-- [ RunTime:0.000279s ]

[ 2015-11-06T23:59:55+08:00 ] 192.168.1.139 /index.php?s=/Admin/Upload/index.html
INFO: [ app_init ] --START--
INFO: Run Behavior\BuildLiteBehavior [ RunTime:0.000168s ]
INFO: [ app_init ] --END-- [ RunTime:0.002890s ]
INFO: [ app_begin ] --START--
INFO: Run Behavior\ReadHtmlCacheBehavior [ RunTime:0.000341s ]
INFO: [ app_begin ] --END-- [ RunTime:0.000431s ]
NOTIC: [2] call_user_func() expects parameter 1 to be a valid callback, no array or string given /root/www/ThinkPHP/Library/Think/Upload.class.php 第 182 行.

