[ 2015-11-03T21:08:15+08:00 ] 192.168.1.138 /index.php?s=/Admin/Goods/goods.html
INFO: [ app_init ] --START--
INFO: Run Behavior\BuildLiteBehavior [ RunTime:0.000082s ]
INFO: [ app_init ] --END-- [ RunTime:0.000685s ]
INFO: [ app_begin ] --START--
INFO: Run Behavior\ReadHtmlCacheBehavior [ RunTime:0.000714s ]
INFO: [ app_begin ] --END-- [ RunTime:0.000928s ]
SQL: SHOW COLUMNS FROM `shop_goods` [ RunTime:0.0005s ]
SQL: SELECT * FROM `shop_goods`  [ RunTime:0.0006s ]
SQL: SELECT COUNT(*) AS tp_count FROM `shop_goods` WHERE `status` <> -1 LIMIT 1   [ RunTime:0.0010s ]
SQL: SELECT * FROM `shop_goods` WHERE `status` <> -1 LIMIT 0,2   [ RunTime:0.0016s ]
INFO: [ view_parse ] --START--
INFO: [ template_filter ] --START--
INFO: Run Behavior\ContentReplaceBehavior [ RunTime:0.000586s ]
INFO: [ template_filter ] --END-- [ RunTime:0.000920s ]
NOTIC: [8] Undefined variable: cat_list /root/www/admin.think.com/Application/Runtime/Cache/Admin/69f80055448b2cce37712752515d7567.php 第 27 行.
NOTIC: [8] Undefined variable: brand_list /root/www/admin.think.com/Application/Runtime/Cache/Admin/69f80055448b2cce37712752515d7567.php 第 32 行.
NOTIC: [8] Undefined index: goods_id /root/www/admin.think.com/Application/Runtime/Cache/Admin/69f80055448b2cce37712752515d7567.php 第 76 行.
NOTIC: [8] Undefined index: goods_id /root/www/admin.think.com/Application/Runtime/Cache/Admin/69f80055448b2cce37712752515d7567.php 第 76 行.
INFO: Run Behavior\ParseTemplateBehavior [ RunTime:0.013648s ]
INFO: [ view_parse ] --END-- [ RunTime:0.013711s ]
INFO: [ view_filter ] --START--
INFO: Run Behavior\WriteHtmlCacheBehavior [ RunTime:0.000345s ]
INFO: [ view_filter ] --END-- [ RunTime:0.000557s ]
INFO: [ app_end ] --START--
INFO: Run Behavior\ShowPageTraceBehavior [ RunTime:0.000749s ]
INFO: [ app_end ] --END-- [ RunTime:0.000862s ]

[ 2015-11-03T21:08:47+08:00 ] 192.168.1.138 /index.php?s=/Admin/Goods/goods.html
INFO: [ app_init ] --START--
INFO: Run Behavior\BuildLiteBehavior [ RunTime:0.000235s ]
INFO: [ app_init ] --END-- [ RunTime:0.002278s ]
INFO: [ app_begin ] --START--
INFO: Run Behavior\ReadHtmlCacheBehavior [ RunTime:0.002859s ]
INFO: [ app_begin ] --END-- [ RunTime:0.003840s ]
SQL: SHOW COLUMNS FROM `shop_goods` [ RunTime:0.0006s ]
SQL: SELECT * FROM `shop_goods`  [ RunTime:0.0004s ]
SQL: SELECT COUNT(*) AS tp_count FROM `shop_goods` WHERE `status` <> -1 LIMIT 1   [ RunTime:0.0016s ]
SQL: SELECT * FROM `shop_goods` WHERE `status` <> -1 LIMIT 0,2   [ RunTime:0.0004s ]
INFO: [ view_parse ] --START--
INFO: [ template_filter ] --START--
INFO: Run Behavior\ContentReplaceBehavior [ RunTime:0.000407s ]
INFO: [ template_filter ] --END-- [ RunTime:0.001227s ]
NOTIC: [8] Undefined variable: cat_list /root/www/admin.think.com/Application/Runtime/Cache/Admin/69f80055448b2cce37712752515d7567.php 第 27 行.
NOTIC: [8] Undefined variable: brand_list /root/www/admin.think.com/Application/Runtime/Cache/Admin/69f80055448b2cce37712752515d7567.php 第 32 行.
NOTIC: [8] Undefined index: goods_id /root/www/admin.think.com/Application/Runtime/Cache/Admin/69f80055448b2cce37712752515d7567.php 第 76 行.
NOTIC: [8] Undefined index: goods_id /root/www/admin.think.com/Application/Runtime/Cache/Admin/69f80055448b2cce37712752515d7567.php 第 76 行.
INFO: Run Behavior\ParseTemplateBehavior [ RunTime:0.021623s ]
INFO: [ view_parse ] --END-- [ RunTime:0.022306s ]
INFO: [ view_filter ] --START--
INFO: Run Behavior\WriteHtmlCacheBehavior [ RunTime:0.001584s ]
INFO: [ view_filter ] --END-- [ RunTime:0.001796s ]
INFO: [ app_end ] --START--
INFO: Run Behavior\ShowPageTraceBehavior [ RunTime:0.000654s ]
INFO: [ app_end ] --END-- [ RunTime:0.001000s ]

