[ 2015-11-07T01:40:30+08:00 ] 192.168.1.139 /Application/Public/Admin/img/uploadify-cancel.png
INFO: [ app_init ] --START--
INFO: Run Behavior\BuildLiteBehavior [ RunTime:0.000027s ]
INFO: [ app_init ] --END-- [ RunTime:0.001258s ]
ERR: 无法加载模块:404

[ 2015-11-07T01:40:31+08:00 ] 192.168.1.139 /Application/Uploads/[HTTP/1.1%20401%20Unauthorized]:Unauthorized
INFO: [ app_init ] --START--
INFO: Run Behavior\BuildLiteBehavior [ RunTime:0.000016s ]
INFO: [ app_init ] --END-- [ RunTime:0.000348s ]
ERR: 无法加载模块:Application

[ 2015-11-07T01:41:30+08:00 ] 192.168.1.139 /Application/Public/Admin/css/bar.gif
INFO: [ app_init ] --START--
INFO: Run Behavior\BuildLiteBehavior [ RunTime:0.001000s ]
INFO: [ app_init ] --END-- [ RunTime:0.020999s ]
ERR: 无法加载模块:404

[ 2015-11-07T01:41:42+08:00 ] 192.168.1.139 /Application/Public/Admin/css/invbar.gif
INFO: [ app_init ] --START--
INFO: Run Behavior\BuildLiteBehavior [ RunTime:0.000028s ]
INFO: [ app_init ] --END-- [ RunTime:0.000617s ]
ERR: 无法加载模块:404

[ 2015-11-07T01:41:53+08:00 ] 192.168.1.139 /Application/Public/Admin/css/invbar.gif
INFO: [ app_init ] --START--
INFO: Run Behavior\BuildLiteBehavior [ RunTime:0.000032s ]
INFO: [ app_init ] --END-- [ RunTime:0.000390s ]
ERR: 无法加载模块:404

[ 2015-11-07T01:42:06+08:00 ] 192.168.1.139 /Application/Uploads/[HTTP/1.1%20401%20Unauthorized]:Unauthorized
INFO: [ app_init ] --START--
INFO: Run Behavior\BuildLiteBehavior [ RunTime:0.000584s ]
INFO: [ app_init ] --END-- [ RunTime:0.001938s ]
ERR: 无法加载模块:Application

[ 2015-11-07T01:54:27+08:00 ] 192.168.1.114 /Application/Uploads/[HTTP/1.1%20401%20Unauthorized]:Unauthorized
INFO: [ app_init ] --START--
INFO: Run Behavior\BuildLiteBehavior [ RunTime:0.000028s ]
INFO: [ app_init ] --END-- [ RunTime:0.000532s ]
ERR: 无法加载模块:Application

[ 2015-11-07T02:00:17+08:00 ] 192.168.1.114 /Application/Uploads/[HTTP/1.1%20401%20Unauthorized]:Unauthorized
INFO: [ app_init ] --START--
INFO: Run Behavior\BuildLiteBehavior [ RunTime:0.000058s ]
INFO: [ app_init ] --END-- [ RunTime:0.000475s ]
ERR: 无法加载模块:Application

[ 2015-11-07T02:02:08+08:00 ] 192.168.1.114 /Application/Public/Admin/css/bar.gif
INFO: [ app_init ] --START--
INFO: Run Behavior\BuildLiteBehavior [ RunTime:0.000026s ]
INFO: [ app_init ] --END-- [ RunTime:0.000431s ]
ERR: 无法加载模块:404

[ 2015-11-07T02:02:09+08:00 ] 192.168.1.114 /Application/Public/Admin/css/invbar.gif
INFO: [ app_init ] --START--
INFO: Run Behavior\BuildLiteBehavior [ RunTime:0.001000s ]
INFO: [ app_init ] --END-- [ RunTime:0.004755s ]
ERR: 无法加载模块:404

[ 2015-11-07T02:02:21+08:00 ] 192.168.1.114 /Application/Uploads/[HTTP/1.1%20401%20Unauthorized]:Unauthorized
INFO: [ app_init ] --START--
INFO: Run Behavior\BuildLiteBehavior [ RunTime:0.000015s ]
INFO: [ app_init ] --END-- [ RunTime:0.000350s ]
ERR: 无法加载模块:Application

[ 2015-11-07T02:06:34+08:00 ] 192.168.1.114 /Application/Uploads/[HTTP/1.1%20401%20Unauthorized]:Unauthorized
INFO: [ app_init ] --START--
INFO: Run Behavior\BuildLiteBehavior [ RunTime:0.000032s ]
INFO: [ app_init ] --END-- [ RunTime:0.000675s ]
ERR: 无法加载模块:Application

[ 2015-11-07T02:09:47+08:00 ] 192.168.1.114 /Application/Public/Admin/img/uploadify-cancel.png
INFO: [ app_init ] --START--
INFO: Run Behavior\BuildLiteBehavior [ RunTime:0.000040s ]
INFO: [ app_init ] --END-- [ RunTime:0.000586s ]
ERR: 无法加载模块:404

[ 2015-11-07T02:09:49+08:00 ] 192.168.1.114 /Application/Uploads/[HTTP/1.1%20401%20Unauthorized]:Unauthorized
INFO: [ app_init ] --START--
INFO: Run Behavior\BuildLiteBehavior [ RunTime:0.000016s ]
INFO: [ app_init ] --END-- [ RunTime:0.000331s ]
ERR: 无法加载模块:Application

[ 2015-11-07T02:10:20+08:00 ] 192.168.1.114 /Application/Uploads/[HTTP/1.1%20401%20Unauthorized]:Unauthorized
INFO: [ app_init ] --START--
INFO: Run Behavior\BuildLiteBehavior [ RunTime:0.000047s ]
INFO: [ app_init ] --END-- [ RunTime:0.001036s ]
ERR: 无法加载模块:Application

[ 2015-11-07T02:24:26+08:00 ] 192.168.1.114 /Application/Uploads/[HTTP/1.1%20401%20Unauthorized]:Unauthorized
INFO: [ app_init ] --START--
INFO: Run Behavior\BuildLiteBehavior [ RunTime:0.000000s ]
INFO: [ app_init ] --END-- [ RunTime:0.000070s ]
ERR: 无法加载模块:Application

[ 2015-11-07T03:14:40+08:00 ] 192.168.1.114 /Application/Uploads/[HTTP/1.1%20401%20Unauthorized]:Unauthorized
INFO: [ app_init ] --START--
INFO: Run Behavior\BuildLiteBehavior [ RunTime:0.000030s ]
INFO: [ app_init ] --END-- [ RunTime:0.001118s ]
ERR: 无法加载模块:Application

[ 2015-11-07T03:18:08+08:00 ] 192.168.1.114 /Application/Uploads/[HTTP/1.1%20401%20Unauthorized]:Unauthorized
INFO: [ app_init ] --START--
INFO: Run Behavior\BuildLiteBehavior [ RunTime:0.000020s ]
INFO: [ app_init ] --END-- [ RunTime:0.000398s ]
ERR: 无法加载模块:Application

[ 2015-11-07T03:18:57+08:00 ] 192.168.1.114 /Application/Uploads/[HTTP/1.1%20401%20Unauthorized]:Unauthorized
INFO: [ app_init ] --START--
INFO: Run Behavior\BuildLiteBehavior [ RunTime:0.000000s ]
INFO: [ app_init ] --END-- [ RunTime:0.000057s ]
ERR: 无法加载模块:Application

[ 2015-11-07T03:21:35+08:00 ] 192.168.1.114 /Application/Uploads/[HTTP/1.1%20401%20Unauthorized]:Unauthorized
INFO: [ app_init ] --START--
INFO: Run Behavior\BuildLiteBehavior [ RunTime:0.000000s ]
INFO: [ app_init ] --END-- [ RunTime:0.000219s ]
ERR: 无法加载模块:Application

[ 2015-11-07T03:23:10+08:00 ] 192.168.1.114 /Application/Uploads/[HTTP/1.1%20401%20Unauthorized]:Unauthorized
INFO: [ app_init ] --START--
INFO: Run Behavior\BuildLiteBehavior [ RunTime:0.000029s ]
INFO: [ app_init ] --END-- [ RunTime:0.001187s ]
ERR: 无法加载模块:Application

[ 2015-11-07T03:25:28+08:00 ] 192.168.1.114 /Application/Uploads/[HTTP/1.1%20401%20Unauthorized]:Unauthorized
INFO: [ app_init ] --START--
INFO: Run Behavior\BuildLiteBehavior [ RunTime:0.000031s ]
INFO: [ app_init ] --END-- [ RunTime:0.003536s ]
ERR: 无法加载模块:Application

[ 2015-11-07T04:13:43+08:00 ] 192.168.1.114 /Application/Public/Admin/css/bar.gif
INFO: [ app_init ] --START--
INFO: Run Behavior\BuildLiteBehavior [ RunTime:0.000029s ]
INFO: [ app_init ] --END-- [ RunTime:0.000807s ]
ERR: 无法加载模块:404

[ 2015-11-07T04:13:45+08:00 ] 192.168.1.114 /Application/Public/Admin/css/invbar.gif
INFO: [ app_init ] --START--
INFO: Run Behavior\BuildLiteBehavior [ RunTime:0.000027s ]
INFO: [ app_init ] --END-- [ RunTime:0.000505s ]
ERR: 无法加载模块:404

[ 2015-11-07T04:13:45+08:00 ] 192.168.1.114 /Application/Public/Admin/css/invbar.gif
INFO: [ app_init ] --START--
INFO: Run Behavior\BuildLiteBehavior [ RunTime:0.000022s ]
INFO: [ app_init ] --END-- [ RunTime:0.000381s ]
ERR: 无法加载模块:404

[ 2015-11-07T04:13:46+08:00 ] 192.168.1.114 /Application/Public/Admin/css/invbar.gif
INFO: [ app_init ] --START--
INFO: Run Behavior\BuildLiteBehavior [ RunTime:0.000023s ]
INFO: [ app_init ] --END-- [ RunTime:0.000570s ]
ERR: 无法加载模块:404

[ 2015-11-07T05:43:35+08:00 ] 192.168.1.114 /css/zTreeStyle/img/diy/4.png
INFO: [ app_init ] --START--
INFO: Run Behavior\BuildLiteBehavior [ RunTime:0.001000s ]
INFO: [ app_init ] --END-- [ RunTime:0.003739s ]
ERR: 无法加载模块:404

[ 2015-11-07T05:43:35+08:00 ] 192.168.1.114 /css/zTreeStyle/img/diy/7.png
INFO: [ app_init ] --START--
INFO: Run Behavior\BuildLiteBehavior [ RunTime:0.000029s ]
INFO: [ app_init ] --END-- [ RunTime:0.000639s ]
ERR: 无法加载模块:404

[ 2015-11-07T05:43:35+08:00 ] 192.168.1.114 /css/zTreeStyle/img/diy/6.png
INFO: [ app_init ] --START--
INFO: Run Behavior\BuildLiteBehavior [ RunTime:0.000025s ]
INFO: [ app_init ] --END-- [ RunTime:0.001064s ]
ERR: 无法加载模块:404

[ 2015-11-07T05:43:35+08:00 ] 192.168.1.114 /css/zTreeStyle/img/diy/3.png
INFO: [ app_init ] --START--
INFO: Run Behavior\BuildLiteBehavior [ RunTime:0.000031s ]
INFO: [ app_init ] --END-- [ RunTime:0.001265s ]
ERR: 无法加载模块:404

[ 2015-11-07T05:43:35+08:00 ] 192.168.1.114 /css/zTreeStyle/img/diy/8.png
INFO: [ app_init ] --START--
INFO: Run Behavior\BuildLiteBehavior [ RunTime:0.000018s ]
INFO: [ app_init ] --END-- [ RunTime:0.000393s ]
ERR: 无法加载模块:404

[ 2015-11-07T05:43:35+08:00 ] 192.168.1.114 /css/zTreeStyle/img/diy/1_open.png
INFO: [ app_init ] --START--
INFO: Run Behavior\BuildLiteBehavior [ RunTime:0.000019s ]
INFO: [ app_init ] --END-- [ RunTime:0.000350s ]
ERR: 无法加载模块:404

[ 2015-11-07T05:43:35+08:00 ] 192.168.1.114 /css/zTreeStyle/img/diy/5.png
INFO: [ app_init ] --START--
INFO: Run Behavior\BuildLiteBehavior [ RunTime:0.000067s ]
INFO: [ app_init ] --END-- [ RunTime:0.010984s ]
ERR: 无法加载模块:404

[ 2015-11-07T05:43:35+08:00 ] 192.168.1.114 /css/zTreeStyle/img/diy/2.png
INFO: [ app_init ] --START--
INFO: Run Behavior\BuildLiteBehavior [ RunTime:0.000029s ]
INFO: [ app_init ] --END-- [ RunTime:0.000460s ]
ERR: 无法加载模块:404

[ 2015-11-07T05:43:50+08:00 ] 192.168.1.114 /css/zTreeStyle/img/diy/1_open.png
INFO: [ app_init ] --START--
INFO: Run Behavior\BuildLiteBehavior [ RunTime:0.001000s ]
INFO: [ app_init ] --END-- [ RunTime:0.005000s ]
ERR: 无法加载模块:404

[ 2015-11-07T05:43:50+08:00 ] 192.168.1.114 /css/zTreeStyle/img/diy/2.png
INFO: [ app_init ] --START--
INFO: Run Behavior\BuildLiteBehavior [ RunTime:0.000017s ]
INFO: [ app_init ] --END-- [ RunTime:0.009559s ]
ERR: 无法加载模块:404

[ 2015-11-07T05:43:50+08:00 ] 192.168.1.114 /css/zTreeStyle/img/diy/7.png
INFO: [ app_init ] --START--
INFO: Run Behavior\BuildLiteBehavior [ RunTime:0.000014s ]
INFO: [ app_init ] --END-- [ RunTime:0.000377s ]
ERR: 无法加载模块:404

[ 2015-11-07T05:43:50+08:00 ] 192.168.1.114 /css/zTreeStyle/img/diy/6.png
INFO: [ app_init ] --START--
INFO: Run Behavior\BuildLiteBehavior [ RunTime:0.000019s ]
INFO: [ app_init ] --END-- [ RunTime:0.002279s ]
ERR: 无法加载模块:404

[ 2015-11-07T05:43:50+08:00 ] 192.168.1.114 /css/zTreeStyle/img/diy/8.png
INFO: [ app_init ] --START--
INFO: Run Behavior\BuildLiteBehavior [ RunTime:0.000029s ]
INFO: [ app_init ] --END-- [ RunTime:0.001162s ]
ERR: 无法加载模块:404

[ 2015-11-07T05:43:50+08:00 ] 192.168.1.114 /css/zTreeStyle/img/diy/3.png
INFO: [ app_init ] --START--
INFO: Run Behavior\BuildLiteBehavior [ RunTime:0.000031s ]
INFO: [ app_init ] --END-- [ RunTime:0.001156s ]
ERR: 无法加载模块:404

[ 2015-11-07T05:43:50+08:00 ] 192.168.1.114 /css/zTreeStyle/img/diy/4.png
INFO: [ app_init ] --START--
INFO: Run Behavior\BuildLiteBehavior [ RunTime:0.000999s ]
INFO: [ app_init ] --END-- [ RunTime:0.034122s ]
ERR: 无法加载模块:404

[ 2015-11-07T05:43:50+08:00 ] 192.168.1.114 /css/zTreeStyle/img/diy/5.png
INFO: [ app_init ] --START--
INFO: Run Behavior\BuildLiteBehavior [ RunTime:0.002000s ]
INFO: [ app_init ] --END-- [ RunTime:0.006000s ]
ERR: 无法加载模块:404

[ 2015-11-07T05:44:13+08:00 ] 192.168.1.114 /css/zTreeStyle/img/diy/6.png
INFO: [ app_init ] --START--
INFO: Run Behavior\BuildLiteBehavior [ RunTime:0.000033s ]
INFO: [ app_init ] --END-- [ RunTime:0.000424s ]
ERR: 无法加载模块:404

[ 2015-11-07T05:44:13+08:00 ] 192.168.1.114 /css/zTreeStyle/img/diy/8.png
INFO: [ app_init ] --START--
INFO: Run Behavior\BuildLiteBehavior [ RunTime:0.000026s ]
INFO: [ app_init ] --END-- [ RunTime:0.000471s ]
ERR: 无法加载模块:404

[ 2015-11-07T05:44:13+08:00 ] 192.168.1.114 /css/zTreeStyle/img/diy/2.png
INFO: [ app_init ] --START--
INFO: Run Behavior\BuildLiteBehavior [ RunTime:0.002000s ]
INFO: [ app_init ] --END-- [ RunTime:0.005000s ]
ERR: 无法加载模块:404

[ 2015-11-07T05:44:13+08:00 ] 192.168.1.114 /css/zTreeStyle/img/diy/1_open.png
INFO: [ app_init ] --START--
INFO: Run Behavior\BuildLiteBehavior [ RunTime:0.000029s ]
INFO: [ app_init ] --END-- [ RunTime:0.001166s ]
ERR: 无法加载模块:404

[ 2015-11-07T05:44:13+08:00 ] 192.168.1.114 /css/zTreeStyle/img/diy/7.png
INFO: [ app_init ] --START--
INFO: Run Behavior\BuildLiteBehavior [ RunTime:0.000020s ]
INFO: [ app_init ] --END-- [ RunTime:0.000620s ]
ERR: 无法加载模块:404

[ 2015-11-07T05:44:13+08:00 ] 192.168.1.114 /css/zTreeStyle/img/diy/3.png
INFO: [ app_init ] --START--
INFO: Run Behavior\BuildLiteBehavior [ RunTime:0.000027s ]
INFO: [ app_init ] --END-- [ RunTime:0.001024s ]
ERR: 无法加载模块:404

[ 2015-11-07T05:44:13+08:00 ] 192.168.1.114 /css/zTreeStyle/img/diy/5.png
INFO: [ app_init ] --START--
INFO: Run Behavior\BuildLiteBehavior [ RunTime:0.000000s ]
INFO: [ app_init ] --END-- [ RunTime:0.000352s ]
ERR: 无法加载模块:404

[ 2015-11-07T05:44:13+08:00 ] 192.168.1.114 /css/zTreeStyle/img/diy/4.png
INFO: [ app_init ] --START--
INFO: Run Behavior\BuildLiteBehavior [ RunTime:0.000120s ]
INFO: [ app_init ] --END-- [ RunTime:0.000715s ]
ERR: 无法加载模块:404

[ 2015-11-07T05:44:18+08:00 ] 192.168.1.114 /css/zTreeStyle/img/diy/1_close.png
INFO: [ app_init ] --START--
INFO: Run Behavior\BuildLiteBehavior [ RunTime:0.000032s ]
INFO: [ app_init ] --END-- [ RunTime:0.000485s ]
ERR: 无法加载模块:404

[ 2015-11-07T05:44:19+08:00 ] 192.168.1.114 /css/zTreeStyle/img/diy/1_open.png
INFO: [ app_init ] --START--
INFO: Run Behavior\BuildLiteBehavior [ RunTime:0.000027s ]
INFO: [ app_init ] --END-- [ RunTime:0.002110s ]
ERR: 无法加载模块:404

[ 2015-11-07T05:44:47+08:00 ] 192.168.1.114 /css/zTreeStyle/img/diy/4.png
INFO: [ app_init ] --START--
INFO: Run Behavior\BuildLiteBehavior [ RunTime:0.000044s ]
INFO: [ app_init ] --END-- [ RunTime:0.041596s ]
ERR: 无法加载模块:404

[ 2015-11-07T05:44:47+08:00 ] 192.168.1.114 /css/zTreeStyle/img/diy/1_open.png
INFO: [ app_init ] --START--
INFO: Run Behavior\BuildLiteBehavior [ RunTime:0.000070s ]
INFO: [ app_init ] --END-- [ RunTime:0.000471s ]
ERR: 无法加载模块:404

[ 2015-11-07T05:44:48+08:00 ] 192.168.1.114 /css/zTreeStyle/img/diy/8.png
INFO: [ app_init ] --START--
INFO: Run Behavior\BuildLiteBehavior [ RunTime:0.000024s ]
INFO: [ app_init ] --END-- [ RunTime:0.000416s ]
ERR: 无法加载模块:404

[ 2015-11-07T05:44:48+08:00 ] 192.168.1.114 /css/zTreeStyle/img/diy/7.png
INFO: [ app_init ] --START--
INFO: Run Behavior\BuildLiteBehavior [ RunTime:0.000029s ]
INFO: [ app_init ] --END-- [ RunTime:0.000266s ]
ERR: 无法加载模块:404

[ 2015-11-07T05:44:48+08:00 ] 192.168.1.114 /css/zTreeStyle/img/diy/2.png
INFO: [ app_init ] --START--
INFO: Run Behavior\BuildLiteBehavior [ RunTime:0.000030s ]
INFO: [ app_init ] --END-- [ RunTime:0.001697s ]
ERR: 无法加载模块:404

[ 2015-11-07T05:44:48+08:00 ] 192.168.1.114 /css/zTreeStyle/img/diy/6.png
INFO: [ app_init ] --START--
INFO: Run Behavior\BuildLiteBehavior [ RunTime:0.000022s ]
INFO: [ app_init ] --END-- [ RunTime:0.000273s ]
ERR: 无法加载模块:404

[ 2015-11-07T05:44:48+08:00 ] 192.168.1.114 /css/zTreeStyle/img/diy/3.png
INFO: [ app_init ] --START--
INFO: Run Behavior\BuildLiteBehavior [ RunTime:0.000010s ]
INFO: [ app_init ] --END-- [ RunTime:0.000347s ]
ERR: 无法加载模块:404

[ 2015-11-07T05:44:48+08:00 ] 192.168.1.114 /css/zTreeStyle/img/diy/5.png
INFO: [ app_init ] --START--
INFO: Run Behavior\BuildLiteBehavior [ RunTime:0.001000s ]
INFO: [ app_init ] --END-- [ RunTime:0.003014s ]
ERR: 无法加载模块:404

[ 2015-11-07T05:45:15+08:00 ] 192.168.1.114 /css/zTreeStyle/img/diy/4.png
INFO: [ app_init ] --START--
INFO: Run Behavior\BuildLiteBehavior [ RunTime:0.000034s ]
INFO: [ app_init ] --END-- [ RunTime:0.039753s ]
ERR: 无法加载模块:404

[ 2015-11-07T05:45:15+08:00 ] 192.168.1.114 /css/zTreeStyle/img/diy/1_open.png
INFO: [ app_init ] --START--
INFO: Run Behavior\BuildLiteBehavior [ RunTime:0.000031s ]
INFO: [ app_init ] --END-- [ RunTime:0.000631s ]
ERR: 无法加载模块:404

[ 2015-11-07T05:45:15+08:00 ] 192.168.1.114 /css/zTreeStyle/img/diy/7.png
INFO: [ app_init ] --START--
INFO: Run Behavior\BuildLiteBehavior [ RunTime:0.001000s ]
INFO: [ app_init ] --END-- [ RunTime:0.004000s ]
ERR: 无法加载模块:404

[ 2015-11-07T05:45:15+08:00 ] 192.168.1.114 /css/zTreeStyle/img/diy/2.png
INFO: [ app_init ] --START--
INFO: Run Behavior\BuildLiteBehavior [ RunTime:0.000031s ]
INFO: [ app_init ] --END-- [ RunTime:0.038618s ]
ERR: 无法加载模块:404

[ 2015-11-07T05:45:15+08:00 ] 192.168.1.114 /css/zTreeStyle/img/diy/6.png
INFO: [ app_init ] --START--
INFO: Run Behavior\BuildLiteBehavior [ RunTime:0.000033s ]
INFO: [ app_init ] --END-- [ RunTime:0.030270s ]
ERR: 无法加载模块:404

[ 2015-11-07T05:45:15+08:00 ] 192.168.1.114 /css/zTreeStyle/img/diy/3.png
INFO: [ app_init ] --START--
INFO: Run Behavior\BuildLiteBehavior [ RunTime:0.000024s ]
INFO: [ app_init ] --END-- [ RunTime:0.001326s ]
ERR: 无法加载模块:404

[ 2015-11-07T05:45:15+08:00 ] 192.168.1.114 /css/zTreeStyle/img/diy/5.png
INFO: [ app_init ] --START--
INFO: Run Behavior\BuildLiteBehavior [ RunTime:0.000021s ]
INFO: [ app_init ] --END-- [ RunTime:0.000400s ]
ERR: 无法加载模块:404

[ 2015-11-07T05:45:15+08:00 ] 192.168.1.114 /css/zTreeStyle/img/diy/8.png
INFO: [ app_init ] --START--
INFO: Run Behavior\BuildLiteBehavior [ RunTime:0.000136s ]
INFO: [ app_init ] --END-- [ RunTime:0.021864s ]
ERR: 无法加载模块:404

[ 2015-11-07T05:46:51+08:00 ] 192.168.1.114 /css/zTreeStyle/img/diy/4.png
INFO: [ app_init ] --START--
INFO: Run Behavior\BuildLiteBehavior [ RunTime:0.001000s ]
INFO: [ app_init ] --END-- [ RunTime:0.014734s ]
ERR: 无法加载模块:404

[ 2015-11-07T05:46:51+08:00 ] 192.168.1.114 /css/zTreeStyle/img/diy/6.png
INFO: [ app_init ] --START--
INFO: Run Behavior\BuildLiteBehavior [ RunTime:0.001000s ]
INFO: [ app_init ] --END-- [ RunTime:0.004000s ]
ERR: 无法加载模块:404

[ 2015-11-07T05:46:51+08:00 ] 192.168.1.114 /css/zTreeStyle/img/diy/3.png
INFO: [ app_init ] --START--
INFO: Run Behavior\BuildLiteBehavior [ RunTime:0.000999s ]
INFO: [ app_init ] --END-- [ RunTime:0.006433s ]
ERR: 无法加载模块:404

[ 2015-11-07T05:46:51+08:00 ] 192.168.1.114 /css/zTreeStyle/img/diy/5.png
INFO: [ app_init ] --START--
INFO: Run Behavior\BuildLiteBehavior [ RunTime:0.000039s ]
INFO: [ app_init ] --END-- [ RunTime:0.001816s ]
ERR: 无法加载模块:404

[ 2015-11-07T05:46:51+08:00 ] 192.168.1.114 /css/zTreeStyle/img/diy/7.png
INFO: [ app_init ] --START--
INFO: Run Behavior\BuildLiteBehavior [ RunTime:0.000029s ]
INFO: [ app_init ] --END-- [ RunTime:0.002160s ]
ERR: 无法加载模块:404

[ 2015-11-07T05:46:51+08:00 ] 192.168.1.114 /css/zTreeStyle/img/diy/8.png
INFO: [ app_init ] --START--
INFO: Run Behavior\BuildLiteBehavior [ RunTime:0.000019s ]
INFO: [ app_init ] --END-- [ RunTime:0.000362s ]
ERR: 无法加载模块:404

[ 2015-11-07T05:46:51+08:00 ] 192.168.1.114 /css/zTreeStyle/img/diy/2.png
INFO: [ app_init ] --START--
INFO: Run Behavior\BuildLiteBehavior [ RunTime:0.000032s ]
INFO: [ app_init ] --END-- [ RunTime:0.000263s ]
ERR: 无法加载模块:404

[ 2015-11-07T05:46:51+08:00 ] 192.168.1.114 /css/zTreeStyle/img/diy/1_open.png
INFO: [ app_init ] --START--
INFO: Run Behavior\BuildLiteBehavior [ RunTime:0.000032s ]
INFO: [ app_init ] --END-- [ RunTime:0.000549s ]
ERR: 无法加载模块:404

[ 2015-11-07T05:48:14+08:00 ] 192.168.1.114 /css/zTreeStyle/img/diy/2.png
INFO: [ app_init ] --START--
INFO: Run Behavior\BuildLiteBehavior [ RunTime:0.000032s ]
INFO: [ app_init ] --END-- [ RunTime:0.000621s ]
ERR: 无法加载模块:404

[ 2015-11-07T05:48:14+08:00 ] 192.168.1.114 /css/zTreeStyle/img/diy/3.png
INFO: [ app_init ] --START--
INFO: Run Behavior\BuildLiteBehavior [ RunTime:0.000021s ]
INFO: [ app_init ] --END-- [ RunTime:0.000413s ]
ERR: 无法加载模块:404

[ 2015-11-07T05:48:14+08:00 ] 192.168.1.114 /css/zTreeStyle/img/diy/1_open.png
INFO: [ app_init ] --START--
INFO: Run Behavior\BuildLiteBehavior [ RunTime:0.001000s ]
INFO: [ app_init ] --END-- [ RunTime:0.005000s ]
ERR: 无法加载模块:404

[ 2015-11-07T05:48:14+08:00 ] 192.168.1.114 /css/zTreeStyle/img/diy/5.png
INFO: [ app_init ] --START--
INFO: Run Behavior\BuildLiteBehavior [ RunTime:0.000031s ]
INFO: [ app_init ] --END-- [ RunTime:0.000365s ]
ERR: 无法加载模块:404

[ 2015-11-07T05:48:14+08:00 ] 192.168.1.114 /css/zTreeStyle/img/diy/6.png
INFO: [ app_init ] --START--
INFO: Run Behavior\BuildLiteBehavior [ RunTime:0.000699s ]
INFO: [ app_init ] --END-- [ RunTime:0.002990s ]
ERR: 无法加载模块:404

[ 2015-11-07T05:48:15+08:00 ] 192.168.1.114 /css/zTreeStyle/img/diy/7.png
INFO: [ app_init ] --START--
INFO: Run Behavior\BuildLiteBehavior [ RunTime:0.000077s ]
INFO: [ app_init ] --END-- [ RunTime:0.001229s ]
ERR: 无法加载模块:404

[ 2015-11-07T05:48:15+08:00 ] 192.168.1.114 /css/zTreeStyle/img/diy/4.png
INFO: [ app_init ] --START--
INFO: Run Behavior\BuildLiteBehavior [ RunTime:0.000030s ]
INFO: [ app_init ] --END-- [ RunTime:0.005903s ]
ERR: 无法加载模块:404

[ 2015-11-07T05:48:15+08:00 ] 192.168.1.114 /css/zTreeStyle/img/diy/8.png
INFO: [ app_init ] --START--
INFO: Run Behavior\BuildLiteBehavior [ RunTime:0.000050s ]
INFO: [ app_init ] --END-- [ RunTime:0.006421s ]
ERR: 无法加载模块:404

[ 2015-11-07T05:48:53+08:00 ] 192.168.1.114 /css/zTreeStyle/img/diy/4.png
INFO: [ app_init ] --START--
INFO: Run Behavior\BuildLiteBehavior [ RunTime:0.001000s ]
INFO: [ app_init ] --END-- [ RunTime:0.039585s ]
ERR: 无法加载模块:404

[ 2015-11-07T05:48:54+08:00 ] 192.168.1.114 /css/zTreeStyle/img/diy/7.png
INFO: [ app_init ] --START--
INFO: Run Behavior\BuildLiteBehavior [ RunTime:0.001000s ]
INFO: [ app_init ] --END-- [ RunTime:0.004000s ]
ERR: 无法加载模块:404

[ 2015-11-07T05:48:54+08:00 ] 192.168.1.114 /css/zTreeStyle/img/diy/5.png
INFO: [ app_init ] --START--
INFO: Run Behavior\BuildLiteBehavior [ RunTime:0.001000s ]
INFO: [ app_init ] --END-- [ RunTime:0.010841s ]
ERR: 无法加载模块:404

[ 2015-11-07T05:48:54+08:00 ] 192.168.1.114 /css/zTreeStyle/img/diy/3.png
INFO: [ app_init ] --START--
INFO: Run Behavior\BuildLiteBehavior [ RunTime:0.000029s ]
INFO: [ app_init ] --END-- [ RunTime:0.000594s ]
ERR: 无法加载模块:404

[ 2015-11-07T05:48:54+08:00 ] 192.168.1.114 /css/zTreeStyle/img/diy/8.png
INFO: [ app_init ] --START--
INFO: Run Behavior\BuildLiteBehavior [ RunTime:0.000021s ]
INFO: [ app_init ] --END-- [ RunTime:0.000267s ]
ERR: 无法加载模块:404

[ 2015-11-07T05:48:54+08:00 ] 192.168.1.114 /css/zTreeStyle/img/diy/6.png
INFO: [ app_init ] --START--
INFO: Run Behavior\BuildLiteBehavior [ RunTime:0.001000s ]
INFO: [ app_init ] --END-- [ RunTime:0.007865s ]
ERR: 无法加载模块:404

[ 2015-11-07T05:48:54+08:00 ] 192.168.1.114 /css/zTreeStyle/img/diy/2.png
INFO: [ app_init ] --START--
INFO: Run Behavior\BuildLiteBehavior [ RunTime:0.000033s ]
INFO: [ app_init ] --END-- [ RunTime:0.000544s ]
ERR: 无法加载模块:404

[ 2015-11-07T05:48:54+08:00 ] 192.168.1.114 /css/zTreeStyle/img/diy/1_open.png
INFO: [ app_init ] --START--
INFO: Run Behavior\BuildLiteBehavior [ RunTime:0.000000s ]
INFO: [ app_init ] --END-- [ RunTime:0.000038s ]
ERR: 无法加载模块:404

[ 2015-11-07T05:48:57+08:00 ] 192.168.1.114 /css/zTreeStyle/img/diy/4.png
INFO: [ app_init ] --START--
INFO: Run Behavior\BuildLiteBehavior [ RunTime:0.033099s ]
INFO: [ app_init ] --END-- [ RunTime:0.035167s ]
ERR: 无法加载模块:404

[ 2015-11-07T05:48:57+08:00 ] 192.168.1.114 /css/zTreeStyle/img/diy/6.png
INFO: [ app_init ] --START--
INFO: Run Behavior\BuildLiteBehavior [ RunTime:0.001000s ]
INFO: [ app_init ] --END-- [ RunTime:0.005000s ]
ERR: 无法加载模块:404

[ 2015-11-07T05:48:57+08:00 ] 192.168.1.114 /css/zTreeStyle/img/diy/7.png
INFO: [ app_init ] --START--
INFO: Run Behavior\BuildLiteBehavior [ RunTime:0.000027s ]
INFO: [ app_init ] --END-- [ RunTime:0.000520s ]
ERR: 无法加载模块:404

[ 2015-11-07T05:48:57+08:00 ] 192.168.1.114 /css/zTreeStyle/img/diy/1_open.png
INFO: [ app_init ] --START--
INFO: Run Behavior\BuildLiteBehavior [ RunTime:0.000000s ]
INFO: [ app_init ] --END-- [ RunTime:0.000318s ]
ERR: 无法加载模块:404

[ 2015-11-07T05:48:58+08:00 ] 192.168.1.114 /css/zTreeStyle/img/diy/8.png
INFO: [ app_init ] --START--
INFO: Run Behavior\BuildLiteBehavior [ RunTime:0.000075s ]
INFO: [ app_init ] --END-- [ RunTime:0.000435s ]
ERR: 无法加载模块:404

[ 2015-11-07T05:48:58+08:00 ] 192.168.1.114 /css/zTreeStyle/img/diy/5.png
INFO: [ app_init ] --START--
INFO: Run Behavior\BuildLiteBehavior [ RunTime:0.001999s ]
INFO: [ app_init ] --END-- [ RunTime:0.004999s ]
ERR: 无法加载模块:404

[ 2015-11-07T05:48:58+08:00 ] 192.168.1.114 /css/zTreeStyle/img/diy/2.png
INFO: [ app_init ] --START--
INFO: Run Behavior\BuildLiteBehavior [ RunTime:0.000029s ]
INFO: [ app_init ] --END-- [ RunTime:0.000483s ]
ERR: 无法加载模块:404

[ 2015-11-07T05:48:58+08:00 ] 192.168.1.114 /css/zTreeStyle/img/diy/3.png
INFO: [ app_init ] --START--
INFO: Run Behavior\BuildLiteBehavior [ RunTime:0.000029s ]
INFO: [ app_init ] --END-- [ RunTime:0.000517s ]
ERR: 无法加载模块:404

[ 2015-11-07T05:49:26+08:00 ] 192.168.1.114 /css/zTreeStyle/img/diy/6.png
INFO: [ app_init ] --START--
INFO: Run Behavior\BuildLiteBehavior [ RunTime:0.000570s ]
INFO: [ app_init ] --END-- [ RunTime:0.052657s ]
ERR: 无法加载模块:404

[ 2015-11-07T05:49:26+08:00 ] 192.168.1.114 /css/zTreeStyle/img/diy/1_open.png
INFO: [ app_init ] --START--
INFO: Run Behavior\BuildLiteBehavior [ RunTime:0.012198s ]
INFO: [ app_init ] --END-- [ RunTime:0.013878s ]
ERR: 无法加载模块:404

[ 2015-11-07T05:49:26+08:00 ] 192.168.1.114 /css/zTreeStyle/img/diy/2.png
INFO: [ app_init ] --START--
INFO: Run Behavior\BuildLiteBehavior [ RunTime:0.000033s ]
INFO: [ app_init ] --END-- [ RunTime:0.000648s ]
ERR: 无法加载模块:404

[ 2015-11-07T05:49:26+08:00 ] 192.168.1.114 /css/zTreeStyle/img/diy/8.png
INFO: [ app_init ] --START--
INFO: Run Behavior\BuildLiteBehavior [ RunTime:0.001000s ]
INFO: [ app_init ] --END-- [ RunTime:0.003060s ]
ERR: 无法加载模块:404

[ 2015-11-07T05:49:26+08:00 ] 192.168.1.114 /css/zTreeStyle/img/diy/3.png
INFO: [ app_init ] --START--
INFO: Run Behavior\BuildLiteBehavior [ RunTime:0.001000s ]
INFO: [ app_init ] --END-- [ RunTime:0.034965s ]
ERR: 无法加载模块:404

[ 2015-11-07T05:49:26+08:00 ] 192.168.1.114 /css/zTreeStyle/img/diy/7.png
INFO: [ app_init ] --START--
INFO: Run Behavior\BuildLiteBehavior [ RunTime:0.001000s ]
INFO: [ app_init ] --END-- [ RunTime:0.003692s ]
ERR: 无法加载模块:404

[ 2015-11-07T05:49:26+08:00 ] 192.168.1.114 /css/zTreeStyle/img/diy/5.png
INFO: [ app_init ] --START--
INFO: Run Behavior\BuildLiteBehavior [ RunTime:0.000033s ]
INFO: [ app_init ] --END-- [ RunTime:0.000691s ]
ERR: 无法加载模块:404

[ 2015-11-07T05:49:26+08:00 ] 192.168.1.114 /css/zTreeStyle/img/diy/4.png
INFO: [ app_init ] --START--
INFO: Run Behavior\BuildLiteBehavior [ RunTime:0.000000s ]
INFO: [ app_init ] --END-- [ RunTime:0.000206s ]
ERR: 无法加载模块:404

[ 2015-11-07T05:49:51+08:00 ] 192.168.1.114 /css/zTreeStyle/img/diy/6.png
INFO: [ app_init ] --START--
INFO: Run Behavior\BuildLiteBehavior [ RunTime:0.001000s ]
INFO: [ app_init ] --END-- [ RunTime:0.004000s ]
ERR: 无法加载模块:404

[ 2015-11-07T05:49:52+08:00 ] 192.168.1.114 /css/zTreeStyle/img/diy/7.png
INFO: [ app_init ] --START--
INFO: Run Behavior\BuildLiteBehavior [ RunTime:0.000025s ]
INFO: [ app_init ] --END-- [ RunTime:0.000941s ]
ERR: 无法加载模块:404

[ 2015-11-07T05:49:52+08:00 ] 192.168.1.114 /css/zTreeStyle/img/diy/5.png
INFO: [ app_init ] --START--
INFO: Run Behavior\BuildLiteBehavior [ RunTime:0.000032s ]
INFO: [ app_init ] --END-- [ RunTime:0.001733s ]
ERR: 无法加载模块:404

[ 2015-11-07T05:49:52+08:00 ] 192.168.1.114 /css/zTreeStyle/img/diy/1_open.png
INFO: [ app_init ] --START--
INFO: Run Behavior\BuildLiteBehavior [ RunTime:0.001000s ]
INFO: [ app_init ] --END-- [ RunTime:0.004000s ]
ERR: 无法加载模块:404

[ 2015-11-07T05:49:52+08:00 ] 192.168.1.114 /css/zTreeStyle/img/diy/2.png
INFO: [ app_init ] --START--
INFO: Run Behavior\BuildLiteBehavior [ RunTime:0.000026s ]
INFO: [ app_init ] --END-- [ RunTime:0.000444s ]
ERR: 无法加载模块:404

[ 2015-11-07T05:49:52+08:00 ] 192.168.1.114 /css/zTreeStyle/img/diy/8.png
INFO: [ app_init ] --START--
INFO: Run Behavior\BuildLiteBehavior [ RunTime:0.001000s ]
INFO: [ app_init ] --END-- [ RunTime:0.072998s ]
ERR: 无法加载模块:404

[ 2015-11-07T05:49:52+08:00 ] 192.168.1.114 /css/zTreeStyle/img/diy/3.png
INFO: [ app_init ] --START--
INFO: Run Behavior\BuildLiteBehavior [ RunTime:0.000020s ]
INFO: [ app_init ] --END-- [ RunTime:0.000390s ]
ERR: 无法加载模块:404

[ 2015-11-07T05:49:52+08:00 ] 192.168.1.114 /css/zTreeStyle/img/diy/4.png
INFO: [ app_init ] --START--
INFO: Run Behavior\BuildLiteBehavior [ RunTime:0.000027s ]
INFO: [ app_init ] --END-- [ RunTime:0.002443s ]
ERR: 无法加载模块:404

[ 2015-11-07T05:50:19+08:00 ] 192.168.1.114 /css/zTreeStyle/img/diy/7.png
INFO: [ app_init ] --START--
INFO: Run Behavior\BuildLiteBehavior [ RunTime:0.000082s ]
INFO: [ app_init ] --END-- [ RunTime:0.001810s ]
ERR: 无法加载模块:404

[ 2015-11-07T05:50:19+08:00 ] 192.168.1.114 /css/zTreeStyle/img/diy/2.png
INFO: [ app_init ] --START--
INFO: Run Behavior\BuildLiteBehavior [ RunTime:0.000530s ]
INFO: [ app_init ] --END-- [ RunTime:0.002123s ]
ERR: 无法加载模块:404

[ 2015-11-07T05:50:19+08:00 ] 192.168.1.114 /css/zTreeStyle/img/diy/3.png
INFO: [ app_init ] --START--
INFO: Run Behavior\BuildLiteBehavior [ RunTime:0.000022s ]
INFO: [ app_init ] --END-- [ RunTime:0.000437s ]
ERR: 无法加载模块:404

[ 2015-11-07T05:50:19+08:00 ] 192.168.1.114 /css/zTreeStyle/img/diy/5.png
INFO: [ app_init ] --START--
INFO: Run Behavior\BuildLiteBehavior [ RunTime:0.000030s ]
INFO: [ app_init ] --END-- [ RunTime:0.000485s ]
ERR: 无法加载模块:404

[ 2015-11-07T05:50:19+08:00 ] 192.168.1.114 /css/zTreeStyle/img/diy/8.png
INFO: [ app_init ] --START--
INFO: Run Behavior\BuildLiteBehavior [ RunTime:0.000022s ]
INFO: [ app_init ] --END-- [ RunTime:0.000429s ]
ERR: 无法加载模块:404

[ 2015-11-07T05:50:19+08:00 ] 192.168.1.114 /css/zTreeStyle/img/diy/1_open.png
INFO: [ app_init ] --START--
INFO: Run Behavior\BuildLiteBehavior [ RunTime:0.000745s ]
INFO: [ app_init ] --END-- [ RunTime:0.016884s ]
ERR: 无法加载模块:404

[ 2015-11-07T05:50:19+08:00 ] 192.168.1.114 /css/zTreeStyle/img/diy/6.png
INFO: [ app_init ] --START--
INFO: Run Behavior\BuildLiteBehavior [ RunTime:0.000031s ]
INFO: [ app_init ] --END-- [ RunTime:0.000480s ]
ERR: 无法加载模块:404

[ 2015-11-07T05:50:19+08:00 ] 192.168.1.114 /css/zTreeStyle/img/diy/4.png
INFO: [ app_init ] --START--
INFO: Run Behavior\BuildLiteBehavior [ RunTime:0.000016s ]
INFO: [ app_init ] --END-- [ RunTime:0.000314s ]
ERR: 无法加载模块:404

[ 2015-11-07T05:50:43+08:00 ] 192.168.1.114 /css/zTreeStyle/img/diy/6.png
INFO: [ app_init ] --START--
INFO: Run Behavior\BuildLiteBehavior [ RunTime:0.000194s ]
INFO: [ app_init ] --END-- [ RunTime:0.000623s ]
ERR: 无法加载模块:404

[ 2015-11-07T05:50:43+08:00 ] 192.168.1.114 /css/zTreeStyle/img/diy/2.png
INFO: [ app_init ] --START--
INFO: Run Behavior\BuildLiteBehavior [ RunTime:0.000028s ]
INFO: [ app_init ] --END-- [ RunTime:0.030577s ]
ERR: 无法加载模块:404

[ 2015-11-07T05:50:43+08:00 ] 192.168.1.114 /css/zTreeStyle/img/diy/1_open.png
INFO: [ app_init ] --START--
INFO: Run Behavior\BuildLiteBehavior [ RunTime:0.000026s ]
INFO: [ app_init ] --END-- [ RunTime:0.000443s ]
ERR: 无法加载模块:404

[ 2015-11-07T05:50:44+08:00 ] 192.168.1.114 /css/zTreeStyle/img/diy/7.png
INFO: [ app_init ] --START--
INFO: Run Behavior\BuildLiteBehavior [ RunTime:0.000038s ]
INFO: [ app_init ] --END-- [ RunTime:0.000751s ]
ERR: 无法加载模块:404

[ 2015-11-07T05:50:44+08:00 ] 192.168.1.114 /css/zTreeStyle/img/diy/3.png
INFO: [ app_init ] --START--
INFO: Run Behavior\BuildLiteBehavior [ RunTime:0.000028s ]
INFO: [ app_init ] --END-- [ RunTime:0.000522s ]
ERR: 无法加载模块:404

[ 2015-11-07T05:50:44+08:00 ] 192.168.1.114 /css/zTreeStyle/img/diy/8.png
INFO: [ app_init ] --START--
INFO: Run Behavior\BuildLiteBehavior [ RunTime:0.000033s ]
INFO: [ app_init ] --END-- [ RunTime:0.001643s ]
ERR: 无法加载模块:404

[ 2015-11-07T05:50:44+08:00 ] 192.168.1.114 /css/zTreeStyle/img/diy/5.png
INFO: [ app_init ] --START--
INFO: Run Behavior\BuildLiteBehavior [ RunTime:0.000029s ]
INFO: [ app_init ] --END-- [ RunTime:0.000451s ]
ERR: 无法加载模块:404

[ 2015-11-07T05:50:44+08:00 ] 192.168.1.114 /css/zTreeStyle/img/diy/4.png
INFO: [ app_init ] --START--
INFO: Run Behavior\BuildLiteBehavior [ RunTime:0.000023s ]
INFO: [ app_init ] --END-- [ RunTime:0.000194s ]
ERR: 无法加载模块:404

[ 2015-11-07T05:50:58+08:00 ] 192.168.1.114 /css/zTreeStyle/img/diy/6.png
INFO: [ app_init ] --START--
INFO: Run Behavior\BuildLiteBehavior [ RunTime:0.000000s ]
INFO: [ app_init ] --END-- [ RunTime:0.000357s ]
ERR: 无法加载模块:404

[ 2015-11-07T05:50:58+08:00 ] 192.168.1.114 /css/zTreeStyle/img/diy/2.png
INFO: [ app_init ] --START--
INFO: Run Behavior\BuildLiteBehavior [ RunTime:0.000000s ]
INFO: [ app_init ] --END-- [ RunTime:0.000242s ]
ERR: 无法加载模块:404

[ 2015-11-07T05:50:58+08:00 ] 192.168.1.114 /css/zTreeStyle/img/diy/1_open.png
INFO: [ app_init ] --START--
INFO: Run Behavior\BuildLiteBehavior [ RunTime:0.000027s ]
INFO: [ app_init ] --END-- [ RunTime:0.000785s ]
ERR: 无法加载模块:404

[ 2015-11-07T05:50:58+08:00 ] 192.168.1.114 /css/zTreeStyle/img/diy/8.png
INFO: [ app_init ] --START--
INFO: Run Behavior\BuildLiteBehavior [ RunTime:0.000031s ]
INFO: [ app_init ] --END-- [ RunTime:0.000435s ]
ERR: 无法加载模块:404

[ 2015-11-07T05:50:58+08:00 ] 192.168.1.114 /css/zTreeStyle/img/diy/3.png
INFO: [ app_init ] --START--
INFO: Run Behavior\BuildLiteBehavior [ RunTime:0.001000s ]
INFO: [ app_init ] --END-- [ RunTime:0.004000s ]
ERR: 无法加载模块:404

[ 2015-11-07T05:50:58+08:00 ] 192.168.1.114 /css/zTreeStyle/img/diy/7.png
INFO: [ app_init ] --START--
INFO: Run Behavior\BuildLiteBehavior [ RunTime:0.000027s ]
INFO: [ app_init ] --END-- [ RunTime:0.000461s ]
ERR: 无法加载模块:404

[ 2015-11-07T05:50:58+08:00 ] 192.168.1.114 /css/zTreeStyle/img/diy/5.png
INFO: [ app_init ] --START--
INFO: Run Behavior\BuildLiteBehavior [ RunTime:0.000027s ]
INFO: [ app_init ] --END-- [ RunTime:0.000409s ]
ERR: 无法加载模块:404

[ 2015-11-07T05:50:58+08:00 ] 192.168.1.114 /css/zTreeStyle/img/diy/4.png
INFO: [ app_init ] --START--
INFO: Run Behavior\BuildLiteBehavior [ RunTime:0.000605s ]
INFO: [ app_init ] --END-- [ RunTime:0.000975s ]
ERR: 无法加载模块:404

[ 2015-11-07T05:51:07+08:00 ] 192.168.1.114 /css/zTreeStyle/img/diy/7.png
INFO: [ app_init ] --START--
INFO: Run Behavior\BuildLiteBehavior [ RunTime:0.001000s ]
INFO: [ app_init ] --END-- [ RunTime:0.004000s ]
ERR: 无法加载模块:404

[ 2015-11-07T05:51:07+08:00 ] 192.168.1.114 /css/zTreeStyle/img/diy/8.png
INFO: [ app_init ] --START--
INFO: Run Behavior\BuildLiteBehavior [ RunTime:0.001000s ]
INFO: [ app_init ] --END-- [ RunTime:0.012000s ]
ERR: 无法加载模块:404

[ 2015-11-07T05:51:07+08:00 ] 192.168.1.114 /css/zTreeStyle/img/diy/1_open.png
INFO: [ app_init ] --START--
INFO: Run Behavior\BuildLiteBehavior [ RunTime:0.000090s ]
INFO: [ app_init ] --END-- [ RunTime:0.000901s ]
ERR: 无法加载模块:404

[ 2015-11-07T05:51:07+08:00 ] 192.168.1.114 /css/zTreeStyle/img/diy/2.png
INFO: [ app_init ] --START--
INFO: Run Behavior\BuildLiteBehavior [ RunTime:0.000032s ]
INFO: [ app_init ] --END-- [ RunTime:0.000439s ]
ERR: 无法加载模块:404

[ 2015-11-07T05:51:07+08:00 ] 192.168.1.114 /css/zTreeStyle/img/diy/6.png
INFO: [ app_init ] --START--
INFO: Run Behavior\BuildLiteBehavior [ RunTime:0.000031s ]
INFO: [ app_init ] --END-- [ RunTime:0.000510s ]
ERR: 无法加载模块:404

[ 2015-11-07T05:51:07+08:00 ] 192.168.1.114 /css/zTreeStyle/img/diy/5.png
INFO: [ app_init ] --START--
INFO: Run Behavior\BuildLiteBehavior [ RunTime:0.000014s ]
INFO: [ app_init ] --END-- [ RunTime:0.000289s ]
ERR: 无法加载模块:404

[ 2015-11-07T05:51:07+08:00 ] 192.168.1.114 /css/zTreeStyle/img/diy/3.png
INFO: [ app_init ] --START--
INFO: Run Behavior\BuildLiteBehavior [ RunTime:0.000025s ]
INFO: [ app_init ] --END-- [ RunTime:0.000953s ]
ERR: 无法加载模块:404

[ 2015-11-07T05:51:07+08:00 ] 192.168.1.114 /css/zTreeStyle/img/diy/4.png
INFO: [ app_init ] --START--
INFO: Run Behavior\BuildLiteBehavior [ RunTime:0.000020s ]
INFO: [ app_init ] --END-- [ RunTime:0.000367s ]
ERR: 无法加载模块:404

[ 2015-11-07T05:51:41+08:00 ] 192.168.1.114 /css/zTreeStyle/img/diy/4.png
INFO: [ app_init ] --START--
INFO: Run Behavior\BuildLiteBehavior [ RunTime:0.001000s ]
INFO: [ app_init ] --END-- [ RunTime:0.024999s ]
ERR: 无法加载模块:404

[ 2015-11-07T05:51:41+08:00 ] 192.168.1.114 /css/zTreeStyle/img/diy/6.png
INFO: [ app_init ] --START--
INFO: Run Behavior\BuildLiteBehavior [ RunTime:0.000555s ]
INFO: [ app_init ] --END-- [ RunTime:0.000840s ]
ERR: 无法加载模块:404

[ 2015-11-07T05:51:41+08:00 ] 192.168.1.114 /css/zTreeStyle/img/diy/5.png
INFO: [ app_init ] --START--
INFO: Run Behavior\BuildLiteBehavior [ RunTime:0.000027s ]
INFO: [ app_init ] --END-- [ RunTime:0.001224s ]
ERR: 无法加载模块:404

[ 2015-11-07T05:51:41+08:00 ] 192.168.1.114 /css/zTreeStyle/img/diy/3.png
INFO: [ app_init ] --START--
INFO: Run Behavior\BuildLiteBehavior [ RunTime:0.000026s ]
INFO: [ app_init ] --END-- [ RunTime:0.000515s ]
ERR: 无法加载模块:404

[ 2015-11-07T05:51:41+08:00 ] 192.168.1.114 /css/zTreeStyle/img/diy/1_open.png
INFO: [ app_init ] --START--
INFO: Run Behavior\BuildLiteBehavior [ RunTime:0.000144s ]
INFO: [ app_init ] --END-- [ RunTime:0.002649s ]
ERR: 无法加载模块:404

[ 2015-11-07T05:51:41+08:00 ] 192.168.1.114 /css/zTreeStyle/img/diy/8.png
INFO: [ app_init ] --START--
INFO: Run Behavior\BuildLiteBehavior [ RunTime:0.000033s ]
INFO: [ app_init ] --END-- [ RunTime:0.000653s ]
ERR: 无法加载模块:404

[ 2015-11-07T05:51:41+08:00 ] 192.168.1.114 /css/zTreeStyle/img/diy/7.png
INFO: [ app_init ] --START--
INFO: Run Behavior\BuildLiteBehavior [ RunTime:0.000023s ]
INFO: [ app_init ] --END-- [ RunTime:0.001004s ]
ERR: 无法加载模块:404

[ 2015-11-07T05:51:41+08:00 ] 192.168.1.114 /css/zTreeStyle/img/diy/2.png
INFO: [ app_init ] --START--
INFO: Run Behavior\BuildLiteBehavior [ RunTime:0.000033s ]
INFO: [ app_init ] --END-- [ RunTime:0.000584s ]
ERR: 无法加载模块:404

[ 2015-11-07T05:51:56+08:00 ] 192.168.1.114 /css/zTreeStyle/img/diy/7.png
INFO: [ app_init ] --START--
INFO: Run Behavior\BuildLiteBehavior [ RunTime:0.000048s ]
INFO: [ app_init ] --END-- [ RunTime:0.002012s ]
ERR: 无法加载模块:404

[ 2015-11-07T05:51:57+08:00 ] 192.168.1.114 /css/zTreeStyle/img/diy/8.png
INFO: [ app_init ] --START--
INFO: Run Behavior\BuildLiteBehavior [ RunTime:0.000028s ]
INFO: [ app_init ] --END-- [ RunTime:0.000505s ]
ERR: 无法加载模块:404

[ 2015-11-07T05:51:57+08:00 ] 192.168.1.114 /css/zTreeStyle/img/diy/1_open.png
INFO: [ app_init ] --START--
INFO: Run Behavior\BuildLiteBehavior [ RunTime:0.000031s ]
INFO: [ app_init ] --END-- [ RunTime:0.055096s ]
ERR: 无法加载模块:404

[ 2015-11-07T05:51:57+08:00 ] 192.168.1.114 /css/zTreeStyle/img/diy/2.png
INFO: [ app_init ] --START--
INFO: Run Behavior\BuildLiteBehavior [ RunTime:0.000029s ]
INFO: [ app_init ] --END-- [ RunTime:0.000627s ]
ERR: 无法加载模块:404

[ 2015-11-07T05:51:57+08:00 ] 192.168.1.114 /css/zTreeStyle/img/diy/6.png
INFO: [ app_init ] --START--
INFO: Run Behavior\BuildLiteBehavior [ RunTime:0.000030s ]
INFO: [ app_init ] --END-- [ RunTime:0.000427s ]
ERR: 无法加载模块:404

[ 2015-11-07T05:51:57+08:00 ] 192.168.1.114 /css/zTreeStyle/img/diy/3.png
INFO: [ app_init ] --START--
INFO: Run Behavior\BuildLiteBehavior [ RunTime:0.000032s ]
INFO: [ app_init ] --END-- [ RunTime:0.000404s ]
ERR: 无法加载模块:404

[ 2015-11-07T05:51:57+08:00 ] 192.168.1.114 /css/zTreeStyle/img/diy/5.png
INFO: [ app_init ] --START--
INFO: Run Behavior\BuildLiteBehavior [ RunTime:0.000025s ]
INFO: [ app_init ] --END-- [ RunTime:0.000498s ]
ERR: 无法加载模块:404

[ 2015-11-07T05:51:57+08:00 ] 192.168.1.114 /css/zTreeStyle/img/diy/4.png
INFO: [ app_init ] --START--
INFO: Run Behavior\BuildLiteBehavior [ RunTime:0.000031s ]
INFO: [ app_init ] --END-- [ RunTime:0.001338s ]
ERR: 无法加载模块:404

[ 2015-11-07T05:52:20+08:00 ] 192.168.1.114 /css/zTreeStyle/img/diy/6.png
INFO: [ app_init ] --START--
INFO: Run Behavior\BuildLiteBehavior [ RunTime:0.000010s ]
INFO: [ app_init ] --END-- [ RunTime:0.000918s ]
ERR: 无法加载模块:404

[ 2015-11-07T05:52:20+08:00 ] 192.168.1.114 /css/zTreeStyle/img/diy/1_open.png
INFO: [ app_init ] --START--
INFO: Run Behavior\BuildLiteBehavior [ RunTime:0.000025s ]
INFO: [ app_init ] --END-- [ RunTime:0.000974s ]
ERR: 无法加载模块:404

[ 2015-11-07T05:52:20+08:00 ] 192.168.1.114 /css/zTreeStyle/img/diy/8.png
INFO: [ app_init ] --START--
INFO: Run Behavior\BuildLiteBehavior [ RunTime:0.000008s ]
INFO: [ app_init ] --END-- [ RunTime:0.000358s ]
ERR: 无法加载模块:404

[ 2015-11-07T05:52:20+08:00 ] 192.168.1.114 /css/zTreeStyle/img/diy/7.png
INFO: [ app_init ] --START--
INFO: Run Behavior\BuildLiteBehavior [ RunTime:0.000028s ]
INFO: [ app_init ] --END-- [ RunTime:0.001127s ]
ERR: 无法加载模块:404

[ 2015-11-07T05:52:20+08:00 ] 192.168.1.114 /css/zTreeStyle/img/diy/2.png
INFO: [ app_init ] --START--
INFO: Run Behavior\BuildLiteBehavior [ RunTime:0.000035s ]
INFO: [ app_init ] --END-- [ RunTime:0.000688s ]
ERR: 无法加载模块:404

[ 2015-11-07T05:52:20+08:00 ] 192.168.1.114 /css/zTreeStyle/img/diy/3.png
INFO: [ app_init ] --START--
INFO: Run Behavior\BuildLiteBehavior [ RunTime:0.000014s ]
INFO: [ app_init ] --END-- [ RunTime:0.000300s ]
ERR: 无法加载模块:404

[ 2015-11-07T05:52:20+08:00 ] 192.168.1.114 /css/zTreeStyle/img/diy/5.png
INFO: [ app_init ] --START--
INFO: Run Behavior\BuildLiteBehavior [ RunTime:0.000019s ]
INFO: [ app_init ] --END-- [ RunTime:0.000443s ]
ERR: 无法加载模块:404

[ 2015-11-07T05:52:20+08:00 ] 192.168.1.114 /css/zTreeStyle/img/diy/4.png
INFO: [ app_init ] --START--
INFO: Run Behavior\BuildLiteBehavior [ RunTime:0.000049s ]
INFO: [ app_init ] --END-- [ RunTime:0.002049s ]
ERR: 无法加载模块:404

[ 2015-11-07T05:52:35+08:00 ] 192.168.1.114 /css/zTreeStyle/img/diy/4.png
INFO: [ app_init ] --START--
INFO: Run Behavior\BuildLiteBehavior [ RunTime:0.000057s ]
INFO: [ app_init ] --END-- [ RunTime:0.001199s ]
ERR: 无法加载模块:404

[ 2015-11-07T05:52:35+08:00 ] 192.168.1.114 /css/zTreeStyle/img/diy/6.png
INFO: [ app_init ] --START--
INFO: Run Behavior\BuildLiteBehavior [ RunTime:0.001000s ]
INFO: [ app_init ] --END-- [ RunTime:0.004057s ]
ERR: 无法加载模块:404

[ 2015-11-07T05:52:35+08:00 ] 192.168.1.114 /css/zTreeStyle/img/diy/1_open.png
INFO: [ app_init ] --START--
INFO: Run Behavior\BuildLiteBehavior [ RunTime:0.000028s ]
INFO: [ app_init ] --END-- [ RunTime:0.000496s ]
ERR: 无法加载模块:404

[ 2015-11-07T05:52:35+08:00 ] 192.168.1.114 /css/zTreeStyle/img/diy/2.png
INFO: [ app_init ] --START--
INFO: Run Behavior\BuildLiteBehavior [ RunTime:0.000000s ]
INFO: [ app_init ] --END-- [ RunTime:0.000248s ]
ERR: 无法加载模块:404

[ 2015-11-07T05:52:35+08:00 ] 192.168.1.114 /css/zTreeStyle/img/diy/7.png
INFO: [ app_init ] --START--
INFO: Run Behavior\BuildLiteBehavior [ RunTime:0.000023s ]
INFO: [ app_init ] --END-- [ RunTime:0.000422s ]
ERR: 无法加载模块:404

[ 2015-11-07T05:52:35+08:00 ] 192.168.1.114 /css/zTreeStyle/img/diy/5.png
INFO: [ app_init ] --START--
INFO: Run Behavior\BuildLiteBehavior [ RunTime:0.000023s ]
INFO: [ app_init ] --END-- [ RunTime:0.000451s ]
ERR: 无法加载模块:404

[ 2015-11-07T05:52:35+08:00 ] 192.168.1.114 /css/zTreeStyle/img/diy/8.png
INFO: [ app_init ] --START--
INFO: Run Behavior\BuildLiteBehavior [ RunTime:0.000025s ]
INFO: [ app_init ] --END-- [ RunTime:0.000444s ]
ERR: 无法加载模块:404

[ 2015-11-07T05:52:35+08:00 ] 192.168.1.114 /css/zTreeStyle/img/diy/3.png
INFO: [ app_init ] --START--
INFO: Run Behavior\BuildLiteBehavior [ RunTime:0.000025s ]
INFO: [ app_init ] --END-- [ RunTime:0.000462s ]
ERR: 无法加载模块:404

[ 2015-11-07T05:52:52+08:00 ] 192.168.1.114 /css/zTreeStyle/img/diy/4.png
INFO: [ app_init ] --START--
INFO: Run Behavior\BuildLiteBehavior [ RunTime:0.002000s ]
INFO: [ app_init ] --END-- [ RunTime:0.005999s ]
ERR: 无法加载模块:404

[ 2015-11-07T05:52:52+08:00 ] 192.168.1.114 /css/zTreeStyle/img/diy/6.png
INFO: [ app_init ] --START--
INFO: Run Behavior\BuildLiteBehavior [ RunTime:0.001000s ]
INFO: [ app_init ] --END-- [ RunTime:0.022000s ]
ERR: 无法加载模块:404

[ 2015-11-07T05:52:52+08:00 ] 192.168.1.114 /css/zTreeStyle/img/diy/7.png
INFO: [ app_init ] --START--
INFO: Run Behavior\BuildLiteBehavior [ RunTime:0.002000s ]
INFO: [ app_init ] --END-- [ RunTime:0.005000s ]
ERR: 无法加载模块:404

[ 2015-11-07T05:52:52+08:00 ] 192.168.1.114 /css/zTreeStyle/img/diy/8.png
INFO: [ app_init ] --START--
INFO: Run Behavior\BuildLiteBehavior [ RunTime:0.001000s ]
INFO: [ app_init ] --END-- [ RunTime:0.011999s ]
ERR: 无法加载模块:404

[ 2015-11-07T05:52:52+08:00 ] 192.168.1.114 /css/zTreeStyle/img/diy/1_open.png
INFO: [ app_init ] --START--
INFO: Run Behavior\BuildLiteBehavior [ RunTime:0.000030s ]
INFO: [ app_init ] --END-- [ RunTime:0.000465s ]
ERR: 无法加载模块:404

[ 2015-11-07T05:52:52+08:00 ] 192.168.1.114 /css/zTreeStyle/img/diy/2.png
INFO: [ app_init ] --START--
INFO: Run Behavior\BuildLiteBehavior [ RunTime:0.000000s ]
INFO: [ app_init ] --END-- [ RunTime:0.000241s ]
ERR: 无法加载模块:404

[ 2015-11-07T05:52:52+08:00 ] 192.168.1.114 /css/zTreeStyle/img/diy/3.png
INFO: [ app_init ] --START--
INFO: Run Behavior\BuildLiteBehavior [ RunTime:0.001000s ]
INFO: [ app_init ] --END-- [ RunTime:0.005000s ]
ERR: 无法加载模块:404

[ 2015-11-07T05:52:52+08:00 ] 192.168.1.114 /css/zTreeStyle/img/diy/5.png
INFO: [ app_init ] --START--
INFO: Run Behavior\BuildLiteBehavior [ RunTime:0.000025s ]
INFO: [ app_init ] --END-- [ RunTime:0.001027s ]
ERR: 无法加载模块:404

[ 2015-11-07T05:53:19+08:00 ] 192.168.1.114 /css/zTreeStyle/img/diy/6.png
INFO: [ app_init ] --START--
INFO: Run Behavior\BuildLiteBehavior [ RunTime:0.001000s ]
INFO: [ app_init ] --END-- [ RunTime:0.025153s ]
ERR: 无法加载模块:404

[ 2015-11-07T05:53:19+08:00 ] 192.168.1.114 /css/zTreeStyle/img/diy/8.png
INFO: [ app_init ] --START--
INFO: Run Behavior\BuildLiteBehavior [ RunTime:0.000026s ]
INFO: [ app_init ] --END-- [ RunTime:0.000307s ]
ERR: 无法加载模块:404

[ 2015-11-07T05:53:19+08:00 ] 192.168.1.114 /css/zTreeStyle/img/diy/1_open.png
INFO: [ app_init ] --START--
INFO: Run Behavior\BuildLiteBehavior [ RunTime:0.000029s ]
INFO: [ app_init ] --END-- [ RunTime:0.003680s ]
ERR: 无法加载模块:404

[ 2015-11-07T05:53:19+08:00 ] 192.168.1.114 /css/zTreeStyle/img/diy/2.png
INFO: [ app_init ] --START--
INFO: Run Behavior\BuildLiteBehavior [ RunTime:0.000021s ]
INFO: [ app_init ] --END-- [ RunTime:0.000421s ]
ERR: 无法加载模块:404

[ 2015-11-07T05:53:19+08:00 ] 192.168.1.114 /css/zTreeStyle/img/diy/5.png
INFO: [ app_init ] --START--
INFO: Run Behavior\BuildLiteBehavior [ RunTime:0.000023s ]
INFO: [ app_init ] --END-- [ RunTime:0.000413s ]
ERR: 无法加载模块:404

[ 2015-11-07T05:53:19+08:00 ] 192.168.1.114 /css/zTreeStyle/img/diy/3.png
INFO: [ app_init ] --START--
INFO: Run Behavior\BuildLiteBehavior [ RunTime:0.000023s ]
INFO: [ app_init ] --END-- [ RunTime:0.000462s ]
ERR: 无法加载模块:404

[ 2015-11-07T05:53:19+08:00 ] 192.168.1.114 /css/zTreeStyle/img/diy/7.png
INFO: [ app_init ] --START--
INFO: Run Behavior\BuildLiteBehavior [ RunTime:0.001000s ]
INFO: [ app_init ] --END-- [ RunTime:0.004000s ]
ERR: 无法加载模块:404

[ 2015-11-07T05:53:19+08:00 ] 192.168.1.114 /css/zTreeStyle/img/diy/4.png
INFO: [ app_init ] --START--
INFO: Run Behavior\BuildLiteBehavior [ RunTime:0.000028s ]
INFO: [ app_init ] --END-- [ RunTime:0.000285s ]
ERR: 无法加载模块:404

[ 2015-11-07T05:53:50+08:00 ] 192.168.1.114 /css/zTreeStyle/img/diy/6.png
INFO: [ app_init ] --START--
INFO: Run Behavior\BuildLiteBehavior [ RunTime:0.034998s ]
INFO: [ app_init ] --END-- [ RunTime:0.038998s ]
ERR: 无法加载模块:404

[ 2015-11-07T05:53:50+08:00 ] 192.168.1.114 /css/zTreeStyle/img/diy/7.png
INFO: [ app_init ] --START--
INFO: Run Behavior\BuildLiteBehavior [ RunTime:0.000000s ]
INFO: [ app_init ] --END-- [ RunTime:0.000290s ]
ERR: 无法加载模块:404

[ 2015-11-07T05:53:50+08:00 ] 192.168.1.114 /css/zTreeStyle/img/diy/8.png
INFO: [ app_init ] --START--
INFO: Run Behavior\BuildLiteBehavior [ RunTime:0.008210s ]
INFO: [ app_init ] --END-- [ RunTime:0.010471s ]
ERR: 无法加载模块:404

[ 2015-11-07T05:53:50+08:00 ] 192.168.1.114 /css/zTreeStyle/img/diy/1_open.png
INFO: [ app_init ] --START--
INFO: Run Behavior\BuildLiteBehavior [ RunTime:0.000031s ]
INFO: [ app_init ] --END-- [ RunTime:0.000733s ]
ERR: 无法加载模块:404

[ 2015-11-07T05:53:50+08:00 ] 192.168.1.114 /css/zTreeStyle/img/diy/5.png
INFO: [ app_init ] --START--
INFO: Run Behavior\BuildLiteBehavior [ RunTime:0.000022s ]
INFO: [ app_init ] --END-- [ RunTime:0.000412s ]
ERR: 无法加载模块:404

[ 2015-11-07T05:53:50+08:00 ] 192.168.1.114 /css/zTreeStyle/img/diy/2.png
INFO: [ app_init ] --START--
INFO: Run Behavior\BuildLiteBehavior [ RunTime:0.000031s ]
INFO: [ app_init ] --END-- [ RunTime:0.000597s ]
ERR: 无法加载模块:404

[ 2015-11-07T05:53:50+08:00 ] 192.168.1.114 /css/zTreeStyle/img/diy/3.png
INFO: [ app_init ] --START--
INFO: Run Behavior\BuildLiteBehavior [ RunTime:0.001000s ]
INFO: [ app_init ] --END-- [ RunTime:0.004000s ]
ERR: 无法加载模块:404

[ 2015-11-07T05:53:50+08:00 ] 192.168.1.114 /css/zTreeStyle/img/diy/4.png
INFO: [ app_init ] --START--
INFO: Run Behavior\BuildLiteBehavior [ RunTime:0.000018s ]
INFO: [ app_init ] --END-- [ RunTime:0.000311s ]
ERR: 无法加载模块:404

[ 2015-11-07T05:54:10+08:00 ] 192.168.1.114 /css/zTreeStyle/img/diy/7.png
INFO: [ app_init ] --START--
INFO: Run Behavior\BuildLiteBehavior [ RunTime:0.001000s ]
INFO: [ app_init ] --END-- [ RunTime:0.004000s ]
ERR: 无法加载模块:404

[ 2015-11-07T05:54:10+08:00 ] 192.168.1.114 /css/zTreeStyle/img/diy/4.png
INFO: [ app_init ] --START--
INFO: Run Behavior\BuildLiteBehavior [ RunTime:0.000018s ]
INFO: [ app_init ] --END-- [ RunTime:0.000430s ]
ERR: 无法加载模块:404

[ 2015-11-07T05:54:10+08:00 ] 192.168.1.114 /css/zTreeStyle/img/diy/6.png
INFO: [ app_init ] --START--
INFO: Run Behavior\BuildLiteBehavior [ RunTime:0.000036s ]
INFO: [ app_init ] --END-- [ RunTime:0.002855s ]
ERR: 无法加载模块:404

[ 2015-11-07T05:54:10+08:00 ] 192.168.1.114 /css/zTreeStyle/img/diy/8.png
INFO: [ app_init ] --START--
INFO: Run Behavior\BuildLiteBehavior [ RunTime:0.000069s ]
INFO: [ app_init ] --END-- [ RunTime:0.000921s ]
ERR: 无法加载模块:404

[ 2015-11-07T05:54:10+08:00 ] 192.168.1.114 /css/zTreeStyle/img/diy/2.png
INFO: [ app_init ] --START--
INFO: Run Behavior\BuildLiteBehavior [ RunTime:0.000027s ]
INFO: [ app_init ] --END-- [ RunTime:0.000393s ]
ERR: 无法加载模块:404

[ 2015-11-07T05:54:10+08:00 ] 192.168.1.114 /css/zTreeStyle/img/diy/1_open.png
INFO: [ app_init ] --START--
INFO: Run Behavior\BuildLiteBehavior [ RunTime:0.000032s ]
INFO: [ app_init ] --END-- [ RunTime:0.000176s ]
ERR: 无法加载模块:404

[ 2015-11-07T05:54:10+08:00 ] 192.168.1.114 /css/zTreeStyle/img/diy/5.png
INFO: [ app_init ] --START--
INFO: Run Behavior\BuildLiteBehavior [ RunTime:0.000026s ]
INFO: [ app_init ] --END-- [ RunTime:0.000487s ]
ERR: 无法加载模块:404

[ 2015-11-07T05:54:10+08:00 ] 192.168.1.114 /css/zTreeStyle/img/diy/3.png
INFO: [ app_init ] --START--
INFO: Run Behavior\BuildLiteBehavior [ RunTime:0.000029s ]
INFO: [ app_init ] --END-- [ RunTime:0.000369s ]
ERR: 无法加载模块:404

[ 2015-11-07T05:54:44+08:00 ] 192.168.1.114 /css/zTreeStyle/img/diy/7.png
INFO: [ app_init ] --START--
INFO: Run Behavior\BuildLiteBehavior [ RunTime:0.000029s ]
INFO: [ app_init ] --END-- [ RunTime:0.000482s ]
ERR: 无法加载模块:404

[ 2015-11-07T05:54:44+08:00 ] 192.168.1.114 /css/zTreeStyle/img/diy/8.png
INFO: [ app_init ] --START--
INFO: Run Behavior\BuildLiteBehavior [ RunTime:0.000019s ]
INFO: [ app_init ] --END-- [ RunTime:0.000384s ]
ERR: 无法加载模块:404

[ 2015-11-07T05:54:44+08:00 ] 192.168.1.114 /css/zTreeStyle/img/diy/5.png
INFO: [ app_init ] --START--
INFO: Run Behavior\BuildLiteBehavior [ RunTime:0.001000s ]
INFO: [ app_init ] --END-- [ RunTime:0.003545s ]
ERR: 无法加载模块:404

[ 2015-11-07T05:54:44+08:00 ] 192.168.1.114 /css/zTreeStyle/img/diy/3.png
INFO: [ app_init ] --START--
INFO: Run Behavior\BuildLiteBehavior [ RunTime:0.000030s ]
INFO: [ app_init ] --END-- [ RunTime:0.000583s ]
ERR: 无法加载模块:404

[ 2015-11-07T05:54:44+08:00 ] 192.168.1.114 /css/zTreeStyle/img/diy/1_open.png
INFO: [ app_init ] --START--
INFO: Run Behavior\BuildLiteBehavior [ RunTime:0.000069s ]
INFO: [ app_init ] --END-- [ RunTime:0.002144s ]
ERR: 无法加载模块:404

[ 2015-11-07T05:54:44+08:00 ] 192.168.1.114 /css/zTreeStyle/img/diy/6.png
INFO: [ app_init ] --START--
INFO: Run Behavior\BuildLiteBehavior [ RunTime:0.000019s ]
INFO: [ app_init ] --END-- [ RunTime:0.000304s ]
ERR: 无法加载模块:404

[ 2015-11-07T05:54:44+08:00 ] 192.168.1.114 /css/zTreeStyle/img/diy/2.png
INFO: [ app_init ] --START--
INFO: Run Behavior\BuildLiteBehavior [ RunTime:0.000076s ]
INFO: [ app_init ] --END-- [ RunTime:0.001655s ]
ERR: 无法加载模块:404

[ 2015-11-07T05:54:44+08:00 ] 192.168.1.114 /css/zTreeStyle/img/diy/4.png
INFO: [ app_init ] --START--
INFO: Run Behavior\BuildLiteBehavior [ RunTime:0.000024s ]
INFO: [ app_init ] --END-- [ RunTime:0.000451s ]
ERR: 无法加载模块:404

[ 2015-11-07T05:55:17+08:00 ] 192.168.1.114 /css/zTreeStyle/img/diy/6.png
INFO: [ app_init ] --START--
INFO: Run Behavior\BuildLiteBehavior [ RunTime:0.000000s ]
INFO: [ app_init ] --END-- [ RunTime:0.000239s ]
ERR: 无法加载模块:404

[ 2015-11-07T05:55:17+08:00 ] 192.168.1.114 /css/zTreeStyle/img/diy/1_open.png
INFO: [ app_init ] --START--
INFO: Run Behavior\BuildLiteBehavior [ RunTime:0.000056s ]
INFO: [ app_init ] --END-- [ RunTime:0.001660s ]
ERR: 无法加载模块:404

[ 2015-11-07T05:55:18+08:00 ] 192.168.1.114 /css/zTreeStyle/img/diy/7.png
INFO: [ app_init ] --START--
INFO: Run Behavior\BuildLiteBehavior [ RunTime:0.001000s ]
INFO: [ app_init ] --END-- [ RunTime:0.005000s ]
ERR: 无法加载模块:404

[ 2015-11-07T05:55:18+08:00 ] 192.168.1.114 /css/zTreeStyle/img/diy/8.png
INFO: [ app_init ] --START--
INFO: Run Behavior\BuildLiteBehavior [ RunTime:0.000023s ]
INFO: [ app_init ] --END-- [ RunTime:0.013852s ]
ERR: 无法加载模块:404

[ 2015-11-07T05:55:18+08:00 ] 192.168.1.114 /css/zTreeStyle/img/diy/5.png
INFO: [ app_init ] --START--
INFO: Run Behavior\BuildLiteBehavior [ RunTime:0.000030s ]
INFO: [ app_init ] --END-- [ RunTime:0.000501s ]
ERR: 无法加载模块:404

[ 2015-11-07T05:55:18+08:00 ] 192.168.1.114 /css/zTreeStyle/img/diy/2.png
INFO: [ app_init ] --START--
INFO: Run Behavior\BuildLiteBehavior [ RunTime:0.001000s ]
INFO: [ app_init ] --END-- [ RunTime:0.044999s ]
ERR: 无法加载模块:404

[ 2015-11-07T05:55:18+08:00 ] 192.168.1.114 /css/zTreeStyle/img/diy/3.png
INFO: [ app_init ] --START--
INFO: Run Behavior\BuildLiteBehavior [ RunTime:0.001000s ]
INFO: [ app_init ] --END-- [ RunTime:0.026642s ]
ERR: 无法加载模块:404

[ 2015-11-07T05:55:18+08:00 ] 192.168.1.114 /css/zTreeStyle/img/diy/4.png
INFO: [ app_init ] --START--
INFO: Run Behavior\BuildLiteBehavior [ RunTime:0.000033s ]
INFO: [ app_init ] --END-- [ RunTime:0.000463s ]
ERR: 无法加载模块:404

[ 2015-11-07T05:55:27+08:00 ] 192.168.1.114 /css/zTreeStyle/img/diy/6.png
INFO: [ app_init ] --START--
INFO: Run Behavior\BuildLiteBehavior [ RunTime:0.000000s ]
INFO: [ app_init ] --END-- [ RunTime:0.000305s ]
ERR: 无法加载模块:404

[ 2015-11-07T05:55:27+08:00 ] 192.168.1.114 /css/zTreeStyle/img/diy/7.png
INFO: [ app_init ] --START--
INFO: Run Behavior\BuildLiteBehavior [ RunTime:0.000046s ]
INFO: [ app_init ] --END-- [ RunTime:0.000915s ]
ERR: 无法加载模块:404

[ 2015-11-07T05:55:27+08:00 ] 192.168.1.114 /css/zTreeStyle/img/diy/1_open.png
INFO: [ app_init ] --START--
INFO: Run Behavior\BuildLiteBehavior [ RunTime:0.000033s ]
INFO: [ app_init ] --END-- [ RunTime:0.000229s ]
ERR: 无法加载模块:404

[ 2015-11-07T05:55:27+08:00 ] 192.168.1.114 /css/zTreeStyle/img/diy/2.png
INFO: [ app_init ] --START--
INFO: Run Behavior\BuildLiteBehavior [ RunTime:0.000000s ]
INFO: [ app_init ] --END-- [ RunTime:0.000430s ]
ERR: 无法加载模块:404

[ 2015-11-07T05:55:27+08:00 ] 192.168.1.114 /css/zTreeStyle/img/diy/5.png
INFO: [ app_init ] --START--
INFO: Run Behavior\BuildLiteBehavior [ RunTime:0.000020s ]
INFO: [ app_init ] --END-- [ RunTime:0.000335s ]
ERR: 无法加载模块:404

[ 2015-11-07T05:55:27+08:00 ] 192.168.1.114 /css/zTreeStyle/img/diy/8.png
INFO: [ app_init ] --START--
INFO: Run Behavior\BuildLiteBehavior [ RunTime:0.000035s ]
INFO: [ app_init ] --END-- [ RunTime:0.079268s ]
ERR: 无法加载模块:404

[ 2015-11-07T05:55:27+08:00 ] 192.168.1.114 /css/zTreeStyle/img/diy/4.png
INFO: [ app_init ] --START--
INFO: Run Behavior\BuildLiteBehavior [ RunTime:0.000019s ]
INFO: [ app_init ] --END-- [ RunTime:0.000277s ]
ERR: 无法加载模块:404

[ 2015-11-07T05:55:27+08:00 ] 192.168.1.114 /css/zTreeStyle/img/diy/3.png
INFO: [ app_init ] --START--
INFO: Run Behavior\BuildLiteBehavior [ RunTime:0.000091s ]
INFO: [ app_init ] --END-- [ RunTime:0.000279s ]
ERR: 无法加载模块:404

[ 2015-11-07T05:55:44+08:00 ] 192.168.1.114 /css/zTreeStyle/img/diy/6.png
INFO: [ app_init ] --START--
INFO: Run Behavior\BuildLiteBehavior [ RunTime:0.000032s ]
INFO: [ app_init ] --END-- [ RunTime:0.000214s ]
ERR: 无法加载模块:404

[ 2015-11-07T05:55:44+08:00 ] 192.168.1.114 /css/zTreeStyle/img/diy/1_open.png
INFO: [ app_init ] --START--
INFO: Run Behavior\BuildLiteBehavior [ RunTime:0.000059s ]
INFO: [ app_init ] --END-- [ RunTime:0.000219s ]
ERR: 无法加载模块:404

[ 2015-11-07T05:55:44+08:00 ] 192.168.1.114 /css/zTreeStyle/img/diy/8.png
INFO: [ app_init ] --START--
INFO: Run Behavior\BuildLiteBehavior [ RunTime:0.001000s ]
INFO: [ app_init ] --END-- [ RunTime:0.011000s ]
ERR: 无法加载模块:404

[ 2015-11-07T05:55:44+08:00 ] 192.168.1.114 /css/zTreeStyle/img/diy/7.png
INFO: [ app_init ] --START--
INFO: Run Behavior\BuildLiteBehavior [ RunTime:0.009140s ]
INFO: [ app_init ] --END-- [ RunTime:0.014835s ]
ERR: 无法加载模块:404

[ 2015-11-07T05:55:44+08:00 ] 192.168.1.114 /css/zTreeStyle/img/diy/3.png
INFO: [ app_init ] --START--
INFO: Run Behavior\BuildLiteBehavior [ RunTime:0.000000s ]
INFO: [ app_init ] --END-- [ RunTime:0.000240s ]
ERR: 无法加载模块:404

[ 2015-11-07T05:55:44+08:00 ] 192.168.1.114 /css/zTreeStyle/img/diy/2.png
INFO: [ app_init ] --START--
INFO: Run Behavior\BuildLiteBehavior [ RunTime:0.001000s ]
INFO: [ app_init ] --END-- [ RunTime:0.004000s ]
ERR: 无法加载模块:404

[ 2015-11-07T05:55:44+08:00 ] 192.168.1.114 /css/zTreeStyle/img/diy/5.png
INFO: [ app_init ] --START--
INFO: Run Behavior\BuildLiteBehavior [ RunTime:0.000026s ]
INFO: [ app_init ] --END-- [ RunTime:0.000645s ]
ERR: 无法加载模块:404

[ 2015-11-07T05:55:44+08:00 ] 192.168.1.114 /css/zTreeStyle/img/diy/4.png
INFO: [ app_init ] --START--
INFO: Run Behavior\BuildLiteBehavior [ RunTime:0.000015s ]
INFO: [ app_init ] --END-- [ RunTime:0.000858s ]
ERR: 无法加载模块:404

[ 2015-11-07T05:56:19+08:00 ] 192.168.1.114 /css/zTreeStyle/img/diy/6.png
INFO: [ app_init ] --START--
INFO: Run Behavior\BuildLiteBehavior [ RunTime:0.000023s ]
INFO: [ app_init ] --END-- [ RunTime:0.001414s ]
ERR: 无法加载模块:404

[ 2015-11-07T05:56:20+08:00 ] 192.168.1.114 /css/zTreeStyle/img/diy/7.png
INFO: [ app_init ] --START--
INFO: Run Behavior\BuildLiteBehavior [ RunTime:0.000000s ]
INFO: [ app_init ] --END-- [ RunTime:0.000102s ]
ERR: 无法加载模块:404

[ 2015-11-07T05:56:20+08:00 ] 192.168.1.114 /css/zTreeStyle/img/diy/1_open.png
INFO: [ app_init ] --START--
INFO: Run Behavior\BuildLiteBehavior [ RunTime:0.000025s ]
INFO: [ app_init ] --END-- [ RunTime:0.000987s ]
ERR: 无法加载模块:404

[ 2015-11-07T05:56:20+08:00 ] 192.168.1.114 /css/zTreeStyle/img/diy/8.png
INFO: [ app_init ] --START--
INFO: Run Behavior\BuildLiteBehavior [ RunTime:0.000029s ]
INFO: [ app_init ] --END-- [ RunTime:0.000543s ]
ERR: 无法加载模块:404

[ 2015-11-07T05:56:20+08:00 ] 192.168.1.114 /css/zTreeStyle/img/diy/2.png
INFO: [ app_init ] --START--
INFO: Run Behavior\BuildLiteBehavior [ RunTime:0.000028s ]
INFO: [ app_init ] --END-- [ RunTime:0.000598s ]
ERR: 无法加载模块:404

[ 2015-11-07T05:56:20+08:00 ] 192.168.1.114 /css/zTreeStyle/img/diy/3.png
INFO: [ app_init ] --START--
INFO: Run Behavior\BuildLiteBehavior [ RunTime:0.000020s ]
INFO: [ app_init ] --END-- [ RunTime:0.001374s ]
ERR: 无法加载模块:404

[ 2015-11-07T05:56:20+08:00 ] 192.168.1.114 /css/zTreeStyle/img/diy/5.png
INFO: [ app_init ] --START--
INFO: Run Behavior\BuildLiteBehavior [ RunTime:0.000054s ]
INFO: [ app_init ] --END-- [ RunTime:0.001178s ]
ERR: 无法加载模块:404

[ 2015-11-07T05:56:20+08:00 ] 192.168.1.114 /css/zTreeStyle/img/diy/4.png
INFO: [ app_init ] --START--
INFO: Run Behavior\BuildLiteBehavior [ RunTime:0.000002s ]
INFO: [ app_init ] --END-- [ RunTime:0.000508s ]
ERR: 无法加载模块:404

[ 2015-11-07T05:56:40+08:00 ] 192.168.1.114 /css/zTreeStyle/img/diy/8.png
INFO: [ app_init ] --START--
INFO: Run Behavior\BuildLiteBehavior [ RunTime:0.000032s ]
INFO: [ app_init ] --END-- [ RunTime:0.000527s ]
ERR: 无法加载模块:404

[ 2015-11-07T05:56:40+08:00 ] 192.168.1.114 /css/zTreeStyle/img/diy/7.png
INFO: [ app_init ] --START--
INFO: Run Behavior\BuildLiteBehavior [ RunTime:0.000031s ]
INFO: [ app_init ] --END-- [ RunTime:0.001065s ]
ERR: 无法加载模块:404

[ 2015-11-07T05:56:40+08:00 ] 192.168.1.114 /css/zTreeStyle/img/diy/4.png
INFO: [ app_init ] --START--
INFO: Run Behavior\BuildLiteBehavior [ RunTime:0.013999s ]
INFO: [ app_init ] --END-- [ RunTime:0.155636s ]
ERR: 无法加载模块:404

[ 2015-11-07T05:56:40+08:00 ] 192.168.1.114 /css/zTreeStyle/img/diy/6.png
INFO: [ app_init ] --START--
INFO: Run Behavior\BuildLiteBehavior [ RunTime:0.000026s ]
INFO: [ app_init ] --END-- [ RunTime:0.000505s ]
ERR: 无法加载模块:404

[ 2015-11-07T05:56:40+08:00 ] 192.168.1.114 /css/zTreeStyle/img/diy/1_open.png
INFO: [ app_init ] --START--
INFO: Run Behavior\BuildLiteBehavior [ RunTime:0.000009s ]
INFO: [ app_init ] --END-- [ RunTime:0.000116s ]
ERR: 无法加载模块:404

[ 2015-11-07T05:56:40+08:00 ] 192.168.1.114 /css/zTreeStyle/img/diy/2.png
INFO: [ app_init ] --START--
INFO: Run Behavior\BuildLiteBehavior [ RunTime:0.000029s ]
INFO: [ app_init ] --END-- [ RunTime:0.000451s ]
ERR: 无法加载模块:404

[ 2015-11-07T05:56:40+08:00 ] 192.168.1.114 /css/zTreeStyle/img/diy/5.png
INFO: [ app_init ] --START--
INFO: Run Behavior\BuildLiteBehavior [ RunTime:0.000030s ]
INFO: [ app_init ] --END-- [ RunTime:0.001482s ]
ERR: 无法加载模块:404

[ 2015-11-07T05:56:40+08:00 ] 192.168.1.114 /css/zTreeStyle/img/diy/3.png
INFO: [ app_init ] --START--
INFO: Run Behavior\BuildLiteBehavior [ RunTime:0.000160s ]
INFO: [ app_init ] --END-- [ RunTime:0.000205s ]
ERR: 无法加载模块:404

[ 2015-11-07T05:57:27+08:00 ] 192.168.1.114 /css/zTreeStyle/img/diy/7.png
INFO: [ app_init ] --START--
INFO: Run Behavior\BuildLiteBehavior [ RunTime:0.000000s ]
INFO: [ app_init ] --END-- [ RunTime:0.000151s ]
ERR: 无法加载模块:404

[ 2015-11-07T05:57:27+08:00 ] 192.168.1.114 /css/zTreeStyle/img/diy/6.png
INFO: [ app_init ] --START--
INFO: Run Behavior\BuildLiteBehavior [ RunTime:0.000471s ]
INFO: [ app_init ] --END-- [ RunTime:0.002526s ]
ERR: 无法加载模块:404

[ 2015-11-07T05:57:27+08:00 ] 192.168.1.114 /css/zTreeStyle/img/diy/8.png
INFO: [ app_init ] --START--
INFO: Run Behavior\BuildLiteBehavior [ RunTime:0.000150s ]
INFO: [ app_init ] --END-- [ RunTime:0.001286s ]
ERR: 无法加载模块:404

[ 2015-11-07T05:57:27+08:00 ] 192.168.1.114 /css/zTreeStyle/img/diy/3.png
INFO: [ app_init ] --START--
INFO: Run Behavior\BuildLiteBehavior [ RunTime:0.000023s ]
INFO: [ app_init ] --END-- [ RunTime:0.000447s ]
ERR: 无法加载模块:404

[ 2015-11-07T05:57:27+08:00 ] 192.168.1.114 /css/zTreeStyle/img/diy/5.png
INFO: [ app_init ] --START--
INFO: Run Behavior\BuildLiteBehavior [ RunTime:0.000026s ]
INFO: [ app_init ] --END-- [ RunTime:0.000377s ]
ERR: 无法加载模块:404

[ 2015-11-07T05:57:27+08:00 ] 192.168.1.114 /css/zTreeStyle/img/diy/2.png
INFO: [ app_init ] --START--
INFO: Run Behavior\BuildLiteBehavior [ RunTime:0.000028s ]
INFO: [ app_init ] --END-- [ RunTime:0.000470s ]
ERR: 无法加载模块:404

[ 2015-11-07T05:57:27+08:00 ] 192.168.1.114 /css/zTreeStyle/img/diy/1_open.png
INFO: [ app_init ] --START--
INFO: Run Behavior\BuildLiteBehavior [ RunTime:0.000064s ]
INFO: [ app_init ] --END-- [ RunTime:0.000936s ]
ERR: 无法加载模块:404

[ 2015-11-07T05:57:27+08:00 ] 192.168.1.114 /css/zTreeStyle/img/diy/4.png
INFO: [ app_init ] --START--
INFO: Run Behavior\BuildLiteBehavior [ RunTime:0.000019s ]
INFO: [ app_init ] --END-- [ RunTime:0.000431s ]
ERR: 无法加载模块:404

[ 2015-11-07T05:57:53+08:00 ] 192.168.1.114 /css/zTreeStyle/img/diy/6.png
INFO: [ app_init ] --START--
INFO: Run Behavior\BuildLiteBehavior [ RunTime:0.001000s ]
INFO: [ app_init ] --END-- [ RunTime:0.004000s ]
ERR: 无法加载模块:404

[ 2015-11-07T05:57:53+08:00 ] 192.168.1.114 /css/zTreeStyle/img/diy/7.png
INFO: [ app_init ] --START--
INFO: Run Behavior\BuildLiteBehavior [ RunTime:0.001000s ]
INFO: [ app_init ] --END-- [ RunTime:0.004999s ]
ERR: 无法加载模块:404

[ 2015-11-07T05:57:53+08:00 ] 192.168.1.114 /css/zTreeStyle/img/diy/8.png
INFO: [ app_init ] --START--
INFO: Run Behavior\BuildLiteBehavior [ RunTime:0.000029s ]
INFO: [ app_init ] --END-- [ RunTime:0.000454s ]
ERR: 无法加载模块:404

[ 2015-11-07T05:57:53+08:00 ] 192.168.1.114 /css/zTreeStyle/img/diy/5.png
INFO: [ app_init ] --START--
INFO: Run Behavior\BuildLiteBehavior [ RunTime:0.000092s ]
INFO: [ app_init ] --END-- [ RunTime:0.000438s ]
ERR: 无法加载模块:404

[ 2015-11-07T05:57:53+08:00 ] 192.168.1.114 /css/zTreeStyle/img/diy/2.png
INFO: [ app_init ] --START--
INFO: Run Behavior\BuildLiteBehavior [ RunTime:0.000027s ]
INFO: [ app_init ] --END-- [ RunTime:0.001001s ]
ERR: 无法加载模块:404

[ 2015-11-07T05:57:53+08:00 ] 192.168.1.114 /css/zTreeStyle/img/diy/1_open.png
INFO: [ app_init ] --START--
INFO: Run Behavior\BuildLiteBehavior [ RunTime:0.001000s ]
INFO: [ app_init ] --END-- [ RunTime:0.017006s ]
ERR: 无法加载模块:404

[ 2015-11-07T05:57:53+08:00 ] 192.168.1.114 /css/zTreeStyle/img/diy/3.png
INFO: [ app_init ] --START--
INFO: Run Behavior\BuildLiteBehavior [ RunTime:0.000025s ]
INFO: [ app_init ] --END-- [ RunTime:0.000542s ]
ERR: 无法加载模块:404

[ 2015-11-07T05:57:53+08:00 ] 192.168.1.114 /css/zTreeStyle/img/diy/4.png
INFO: [ app_init ] --START--
INFO: Run Behavior\BuildLiteBehavior [ RunTime:0.000051s ]
INFO: [ app_init ] --END-- [ RunTime:0.001004s ]
ERR: 无法加载模块:404

[ 2015-11-07T05:59:57+08:00 ] 192.168.1.114 /css/zTreeStyle/img/diy/4.png
INFO: [ app_init ] --START--
INFO: Run Behavior\BuildLiteBehavior [ RunTime:0.001000s ]
INFO: [ app_init ] --END-- [ RunTime:0.005000s ]
ERR: 无法加载模块:404

[ 2015-11-07T05:59:57+08:00 ] 192.168.1.114 /css/zTreeStyle/img/diy/6.png
INFO: [ app_init ] --START--
INFO: Run Behavior\BuildLiteBehavior [ RunTime:0.001000s ]
INFO: [ app_init ] --END-- [ RunTime:0.005078s ]
ERR: 无法加载模块:404

[ 2015-11-07T05:59:57+08:00 ] 192.168.1.114 /css/zTreeStyle/img/diy/7.png
INFO: [ app_init ] --START--
INFO: Run Behavior\BuildLiteBehavior [ RunTime:0.000034s ]
INFO: [ app_init ] --END-- [ RunTime:0.001596s ]
ERR: 无法加载模块:404

[ 2015-11-07T05:59:57+08:00 ] 192.168.1.114 /css/zTreeStyle/img/diy/5.png
INFO: [ app_init ] --START--
INFO: Run Behavior\BuildLiteBehavior [ RunTime:0.000710s ]
INFO: [ app_init ] --END-- [ RunTime:0.002769s ]
ERR: 无法加载模块:404

[ 2015-11-07T05:59:57+08:00 ] 192.168.1.114 /css/zTreeStyle/img/diy/3.png
INFO: [ app_init ] --START--
INFO: Run Behavior\BuildLiteBehavior [ RunTime:0.000030s ]
INFO: [ app_init ] --END-- [ RunTime:0.000472s ]
ERR: 无法加载模块:404

[ 2015-11-07T05:59:57+08:00 ] 192.168.1.114 /css/zTreeStyle/img/diy/8.png
INFO: [ app_init ] --START--
INFO: Run Behavior\BuildLiteBehavior [ RunTime:0.001000s ]
INFO: [ app_init ] --END-- [ RunTime:0.005000s ]
ERR: 无法加载模块:404

[ 2015-11-07T05:59:57+08:00 ] 192.168.1.114 /css/zTreeStyle/img/diy/1_open.png
INFO: [ app_init ] --START--
INFO: Run Behavior\BuildLiteBehavior [ RunTime:0.000740s ]
INFO: [ app_init ] --END-- [ RunTime:0.002801s ]
ERR: 无法加载模块:404

[ 2015-11-07T05:59:57+08:00 ] 192.168.1.114 /css/zTreeStyle/img/diy/2.png
INFO: [ app_init ] --START--
INFO: Run Behavior\BuildLiteBehavior [ RunTime:0.000016s ]
INFO: [ app_init ] --END-- [ RunTime:0.000304s ]
ERR: 无法加载模块:404

[ 2015-11-07T06:00:24+08:00 ] 192.168.1.114 /css/zTreeStyle/img/diy/4.png
INFO: [ app_init ] --START--
INFO: Run Behavior\BuildLiteBehavior [ RunTime:0.000029s ]
INFO: [ app_init ] --END-- [ RunTime:0.001154s ]
ERR: 无法加载模块:404

[ 2015-11-07T06:00:24+08:00 ] 192.168.1.114 /css/zTreeStyle/img/diy/6.png
INFO: [ app_init ] --START--
INFO: Run Behavior\BuildLiteBehavior [ RunTime:0.000030s ]
INFO: [ app_init ] --END-- [ RunTime:0.001215s ]
ERR: 无法加载模块:404

[ 2015-11-07T06:00:24+08:00 ] 192.168.1.114 /css/zTreeStyle/img/diy/5.png
INFO: [ app_init ] --START--
INFO: Run Behavior\BuildLiteBehavior [ RunTime:0.000040s ]
INFO: [ app_init ] --END-- [ RunTime:0.001600s ]
ERR: 无法加载模块:404

[ 2015-11-07T06:00:24+08:00 ] 192.168.1.114 /css/zTreeStyle/img/diy/7.png
INFO: [ app_init ] --START--
INFO: Run Behavior\BuildLiteBehavior [ RunTime:0.000028s ]
INFO: [ app_init ] --END-- [ RunTime:0.000346s ]
ERR: 无法加载模块:404

[ 2015-11-07T06:00:24+08:00 ] 192.168.1.114 /css/zTreeStyle/img/diy/3.png
INFO: [ app_init ] --START--
INFO: Run Behavior\BuildLiteBehavior [ RunTime:0.000000s ]
INFO: [ app_init ] --END-- [ RunTime:0.000390s ]
ERR: 无法加载模块:404

[ 2015-11-07T06:00:24+08:00 ] 192.168.1.114 /css/zTreeStyle/img/diy/8.png
INFO: [ app_init ] --START--
INFO: Run Behavior\BuildLiteBehavior [ RunTime:0.000026s ]
INFO: [ app_init ] --END-- [ RunTime:0.000567s ]
ERR: 无法加载模块:404

[ 2015-11-07T06:00:24+08:00 ] 192.168.1.114 /css/zTreeStyle/img/diy/1_open.png
INFO: [ app_init ] --START--
INFO: Run Behavior\BuildLiteBehavior [ RunTime:0.000042s ]
INFO: [ app_init ] --END-- [ RunTime:0.000679s ]
ERR: 无法加载模块:404

[ 2015-11-07T06:00:24+08:00 ] 192.168.1.114 /css/zTreeStyle/img/diy/2.png
INFO: [ app_init ] --START--
INFO: Run Behavior\BuildLiteBehavior [ RunTime:0.001792s ]
INFO: [ app_init ] --END-- [ RunTime:0.002232s ]
ERR: 无法加载模块:404

[ 2015-11-07T06:00:35+08:00 ] 192.168.1.114 /css/zTreeStyle/img/diy/4.png
INFO: [ app_init ] --START--
INFO: Run Behavior\BuildLiteBehavior [ RunTime:0.000055s ]
INFO: [ app_init ] --END-- [ RunTime:0.001363s ]
ERR: 无法加载模块:404

[ 2015-11-07T06:00:35+08:00 ] 192.168.1.114 /css/zTreeStyle/img/diy/1_open.png
INFO: [ app_init ] --START--
INFO: Run Behavior\BuildLiteBehavior [ RunTime:0.000034s ]
INFO: [ app_init ] --END-- [ RunTime:0.000938s ]
ERR: 无法加载模块:404

[ 2015-11-07T06:00:36+08:00 ] 192.168.1.114 /css/zTreeStyle/img/diy/8.png
INFO: [ app_init ] --START--
INFO: Run Behavior\BuildLiteBehavior [ RunTime:0.000000s ]
INFO: [ app_init ] --END-- [ RunTime:0.000343s ]
ERR: 无法加载模块:404

[ 2015-11-07T06:00:36+08:00 ] 192.168.1.114 /css/zTreeStyle/img/diy/7.png
INFO: [ app_init ] --START--
INFO: Run Behavior\BuildLiteBehavior [ RunTime:0.001000s ]
INFO: [ app_init ] --END-- [ RunTime:0.004000s ]
ERR: 无法加载模块:404

[ 2015-11-07T06:00:36+08:00 ] 192.168.1.114 /css/zTreeStyle/img/diy/6.png
INFO: [ app_init ] --START--
INFO: Run Behavior\BuildLiteBehavior [ RunTime:0.000027s ]
INFO: [ app_init ] --END-- [ RunTime:0.000426s ]
ERR: 无法加载模块:404

[ 2015-11-07T06:00:36+08:00 ] 192.168.1.114 /css/zTreeStyle/img/diy/3.png
INFO: [ app_init ] --START--
INFO: Run Behavior\BuildLiteBehavior [ RunTime:0.001000s ]
INFO: [ app_init ] --END-- [ RunTime:0.006245s ]
ERR: 无法加载模块:404

[ 2015-11-07T06:00:36+08:00 ] 192.168.1.114 /css/zTreeStyle/img/diy/2.png
INFO: [ app_init ] --START--
INFO: Run Behavior\BuildLiteBehavior [ RunTime:0.000018s ]
INFO: [ app_init ] --END-- [ RunTime:0.000387s ]
ERR: 无法加载模块:404

[ 2015-11-07T06:00:36+08:00 ] 192.168.1.114 /css/zTreeStyle/img/diy/5.png
INFO: [ app_init ] --START--
INFO: Run Behavior\BuildLiteBehavior [ RunTime:0.000014s ]
INFO: [ app_init ] --END-- [ RunTime:0.000299s ]
ERR: 无法加载模块:404

[ 2015-11-07T06:00:37+08:00 ] 192.168.1.114 /css/zTreeStyle/img/diy/1_close.png
INFO: [ app_init ] --START--
INFO: Run Behavior\BuildLiteBehavior [ RunTime:0.000030s ]
INFO: [ app_init ] --END-- [ RunTime:0.000561s ]
ERR: 无法加载模块:404

[ 2015-11-07T06:00:38+08:00 ] 192.168.1.114 /css/zTreeStyle/img/diy/1_open.png
INFO: [ app_init ] --START--
INFO: Run Behavior\BuildLiteBehavior [ RunTime:0.000027s ]
INFO: [ app_init ] --END-- [ RunTime:0.000298s ]
ERR: 无法加载模块:404

[ 2015-11-07T06:00:39+08:00 ] 192.168.1.114 /css/zTreeStyle/img/diy/1_close.png
INFO: [ app_init ] --START--
INFO: Run Behavior\BuildLiteBehavior [ RunTime:0.000026s ]
INFO: [ app_init ] --END-- [ RunTime:0.000474s ]
ERR: 无法加载模块:404

[ 2015-11-07T06:00:40+08:00 ] 192.168.1.114 /css/zTreeStyle/img/diy/1_open.png
INFO: [ app_init ] --START--
INFO: Run Behavior\BuildLiteBehavior [ RunTime:0.000115s ]
INFO: [ app_init ] --END-- [ RunTime:0.000882s ]
ERR: 无法加载模块:404

[ 2015-11-07T21:14:05+08:00 ] 192.168.1.8 /Application/Public/Admin/css/bar.gif
INFO: [ app_init ] --START--
INFO: Run Behavior\BuildLiteBehavior [ RunTime:0.000359s ]
INFO: [ app_init ] --END-- [ RunTime:0.001569s ]
ERR: 无法加载模块:404

