[ 2015-11-10T01:07:12+08:00 ] 192.168.1.2 /Application/Uploads/data
INFO: [ app_init ] --START--
INFO: Run Behavior\BuildLiteBehavior [ RunTime:0.001000s ]
INFO: [ app_init ] --END-- [ RunTime:0.005000s ]
ERR: 无法加载模块:Application

[ 2015-11-10T02:58:12+08:00 ] 192.168.1.2 /Application/Public/Admin/img/uploadify-cancel.png
INFO: [ app_init ] --START--
INFO: Run Behavior\BuildLiteBehavior [ RunTime:0.000144s ]
INFO: [ app_init ] --END-- [ RunTime:0.001082s ]
ERR: 无法加载模块:404

[ 2015-11-10T04:01:49+08:00 ] 192.168.1.2 /Application/Uploads/20
INFO: [ app_init ] --START--
INFO: Run Behavior\BuildLiteBehavior [ RunTime:0.000106s ]
INFO: [ app_init ] --END-- [ RunTime:0.000420s ]
ERR: 无法加载模块:Application

[ 2015-11-10T04:03:08+08:00 ] 192.168.1.2 /Application/Uploads/20
INFO: [ app_init ] --START--
INFO: Run Behavior\BuildLiteBehavior [ RunTime:0.001000s ]
INFO: [ app_init ] --END-- [ RunTime:0.003000s ]
ERR: 无法加载模块:Application

[ 2015-11-10T04:08:58+08:00 ] 192.168.1.2 /Application/Uploads/20
INFO: [ app_init ] --START--
INFO: Run Behavior\BuildLiteBehavior [ RunTime:0.000454s ]
INFO: [ app_init ] --END-- [ RunTime:0.001000s ]
ERR: 无法加载模块:Application

[ 2015-11-10T04:13:13+08:00 ] 192.168.1.2 /Application/Uploads/20
INFO: [ app_init ] --START--
INFO: Run Behavior\BuildLiteBehavior [ RunTime:0.001000s ]
INFO: [ app_init ] --END-- [ RunTime:0.003000s ]
ERR: 无法加载模块:Application

[ 2015-11-10T04:55:19+08:00 ] 192.168.1.2 /Application/Public/Admin/css/bar.gif
INFO: [ app_init ] --START--
INFO: Run Behavior\BuildLiteBehavior [ RunTime:0.001000s ]
INFO: [ app_init ] --END-- [ RunTime:0.003000s ]
ERR: 无法加载模块:404

[ 2015-11-10T04:55:22+08:00 ] 192.168.1.2 /Application/Public/Admin/css/invbar.gif
INFO: [ app_init ] --START--
INFO: Run Behavior\BuildLiteBehavior [ RunTime:0.000025s ]
INFO: [ app_init ] --END-- [ RunTime:0.000219s ]
ERR: 无法加载模块:404

[ 2015-11-10T04:55:30+08:00 ] 192.168.1.2 /Application/Public/Admin/css/invbar.gif
INFO: [ app_init ] --START--
INFO: Run Behavior\BuildLiteBehavior [ RunTime:0.000156s ]
INFO: [ app_init ] --END-- [ RunTime:0.000364s ]
ERR: 无法加载模块:404

[ 2015-11-10T07:32:41+08:00 ] 192.168.1.2 /Application/Public/Admin/css/invbar.gif
INFO: [ app_init ] --START--
INFO: Run Behavior\BuildLiteBehavior [ RunTime:0.000013s ]
INFO: [ app_init ] --END-- [ RunTime:0.000970s ]
ERR: 无法加载模块:404

[ 2015-11-10T07:45:16+08:00 ] 192.168.1.2 /Application/Public/Admin/img/uploadify-cancel.png
INFO: [ app_init ] --START--
INFO: Run Behavior\BuildLiteBehavior [ RunTime:0.001000s ]
INFO: [ app_init ] --END-- [ RunTime:0.003000s ]
ERR: 无法加载模块:404

[ 2015-11-10T07:52:34+08:00 ] 192.168.1.2 /Application/Public/Admin/css/bar.gif
INFO: [ app_init ] --START--
INFO: Run Behavior\BuildLiteBehavior [ RunTime:0.000073s ]
INFO: [ app_init ] --END-- [ RunTime:0.000273s ]
ERR: 无法加载模块:404

[ 2015-11-10T10:07:38+08:00 ] 192.168.0.131 /Application/Public/Admin/css/bar.gif
INFO: [ app_init ] --START--
INFO: Run Behavior\BuildLiteBehavior [ RunTime:0.001000s ]
INFO: [ app_init ] --END-- [ RunTime:0.003000s ]
ERR: 无法加载模块:404

[ 2015-11-10T10:07:38+08:00 ] 192.168.0.131 /favicon.ico
INFO: [ app_init ] --START--
INFO: Run Behavior\BuildLiteBehavior [ RunTime:0.003000s ]
INFO: [ app_init ] --END-- [ RunTime:0.011726s ]
ERR: 无法加载模块:Favicon

[ 2015-11-10T10:08:17+08:00 ] 192.168.0.131 /Application/Public/Admin/css/invbar.gif
INFO: [ app_init ] --START--
INFO: Run Behavior\BuildLiteBehavior [ RunTime:0.000388s ]
INFO: [ app_init ] --END-- [ RunTime:0.001312s ]
ERR: 无法加载模块:404

[ 2015-11-10T10:08:17+08:00 ] 192.168.0.131 /Application/Public/Admin/css/invbar.gif
INFO: [ app_init ] --START--
INFO: Run Behavior\BuildLiteBehavior [ RunTime:0.000120s ]
INFO: [ app_init ] --END-- [ RunTime:0.000529s ]
ERR: 无法加载模块:404

[ 2015-11-10T10:20:24+08:00 ] 192.168.0.131 /Application/Public/Admin/css/bar.gif
INFO: [ app_init ] --START--
INFO: Run Behavior\BuildLiteBehavior [ RunTime:0.000080s ]
INFO: [ app_init ] --END-- [ RunTime:0.000338s ]
ERR: 无法加载模块:404

[ 2015-11-10T10:23:55+08:00 ] 192.168.0.131 /Application/Public/Admin/css/bar.gif
INFO: [ app_init ] --START--
INFO: Run Behavior\BuildLiteBehavior [ RunTime:0.000023s ]
INFO: [ app_init ] --END-- [ RunTime:0.000123s ]
ERR: 无法加载模块:404

